[2024-10-10T14:15:45.869+0000] {local_task_job_runner.py:123} INFO - ::group::Pre task execution logs
[2024-10-10T14:15:45.889+0000] {taskinstance.py:2612} INFO - Dependencies all met for dep_context=non-requeueable deps ti=<TaskInstance: EL.load scheduled__2024-10-09T00:00:00+00:00 [queued]>
[2024-10-10T14:15:45.902+0000] {taskinstance.py:2612} INFO - Dependencies all met for dep_context=requeueable deps ti=<TaskInstance: EL.load scheduled__2024-10-09T00:00:00+00:00 [queued]>
[2024-10-10T14:15:45.904+0000] {taskinstance.py:2865} INFO - Starting attempt 1 of 1
[2024-10-10T14:15:45.925+0000] {taskinstance.py:2888} INFO - Executing <Task(PythonOperator): load> on 2024-10-09 00:00:00+00:00
[2024-10-10T14:15:45.933+0000] {standard_task_runner.py:72} INFO - Started process 274 to run task
[2024-10-10T14:15:45.938+0000] {standard_task_runner.py:104} INFO - Running: ['airflow', 'tasks', 'run', 'EL', 'load', 'scheduled__2024-10-09T00:00:00+00:00', '--job-id', '29', '--raw', '--subdir', 'DAGS_FOLDER/scrape_dag.py', '--cfg-path', '/tmp/tmpioqhoru3']
[2024-10-10T14:15:45.944+0000] {standard_task_runner.py:105} INFO - Job 29: Subtask load
[2024-10-10T14:15:45.963+0000] {warnings.py:109} WARNING - /home/airflow/.local/lib/python3.10/site-packages/airflow/settings.py:209: DeprecationWarning: The sql_alchemy_conn option in [core] has been moved to the sql_alchemy_conn option in [database] - the old setting has been used, but please update your config.
  SQL_ALCHEMY_CONN = conf.get("database", "SQL_ALCHEMY_CONN")

[2024-10-10T14:15:46.012+0000] {task_command.py:467} INFO - Running <TaskInstance: EL.load scheduled__2024-10-09T00:00:00+00:00 [running]> on host 9ae4a7102e28
[2024-10-10T14:15:46.014+0000] {warnings.py:109} WARNING - /home/airflow/.local/lib/python3.10/site-packages/airflow/settings.py:470: DeprecationWarning: The sql_alchemy_conn option in [core] has been moved to the sql_alchemy_conn option in [database] - the old setting has been used, but please update your config.
  if conf.get("database", "sql_alchemy_conn") == "none://":

[2024-10-10T14:15:46.101+0000] {taskinstance.py:3131} INFO - Exporting env vars: AIRFLOW_CTX_DAG_OWNER='bmw' AIRFLOW_CTX_DAG_ID='EL' AIRFLOW_CTX_TASK_ID='load' AIRFLOW_CTX_EXECUTION_DATE='2024-10-09T00:00:00+00:00' AIRFLOW_CTX_TRY_NUMBER='1' AIRFLOW_CTX_DAG_RUN_ID='scheduled__2024-10-09T00:00:00+00:00'
[2024-10-10T14:15:46.103+0000] {taskinstance.py:731} INFO - ::endgroup::
[2024-10-10T14:15:50.990+0000] {logging_mixin.py:190} INFO - Loaded 20 rows into fundamental-run-381716.demo.imdb_movie.
[2024-10-10T14:15:50.993+0000] {python.py:240} INFO - Done. Returned value was: None
[2024-10-10T14:15:51.015+0000] {taskinstance.py:340} INFO - ::group::Post task execution logs
[2024-10-10T14:15:51.017+0000] {taskinstance.py:352} INFO - Marking task as SUCCESS. dag_id=EL, task_id=load, run_id=scheduled__2024-10-09T00:00:00+00:00, execution_date=20241009T000000, start_date=20241010T141545, end_date=20241010T141551
[2024-10-10T14:15:51.088+0000] {local_task_job_runner.py:266} INFO - Task exited with return code 0
[2024-10-10T14:15:51.117+0000] {taskinstance.py:3900} INFO - 0 downstream tasks scheduled from follow-on schedule check
[2024-10-10T14:15:51.124+0000] {local_task_job_runner.py:245} INFO - ::endgroup::
