[2024-10-09T12:21:13.303+0000] {local_task_job_runner.py:123} INFO - ::group::Pre task execution logs
[2024-10-09T12:21:13.343+0000] {taskinstance.py:2612} INFO - Dependencies all met for dep_context=non-requeueable deps ti=<TaskInstance: EL.extract manual__2024-10-09T12:21:06.122514+00:00 [queued]>
[2024-10-09T12:21:13.365+0000] {taskinstance.py:2612} INFO - Dependencies all met for dep_context=requeueable deps ti=<TaskInstance: EL.extract manual__2024-10-09T12:21:06.122514+00:00 [queued]>
[2024-10-09T12:21:13.368+0000] {taskinstance.py:2865} INFO - Starting attempt 1 of 1
[2024-10-09T12:21:13.398+0000] {taskinstance.py:2888} INFO - Executing <Task(BashOperator): extract> on 2024-10-09 12:21:06.122514+00:00
[2024-10-09T12:21:13.413+0000] {standard_task_runner.py:72} INFO - Started process 50 to run task
[2024-10-09T12:21:13.425+0000] {standard_task_runner.py:104} INFO - Running: ['airflow', 'tasks', 'run', 'EL', 'extract', 'manual__2024-10-09T12:21:06.122514+00:00', '--job-id', '21', '--raw', '--subdir', 'DAGS_FOLDER/scrape_dag.py', '--cfg-path', '/tmp/tmpf497s3q3']
[2024-10-09T12:21:13.432+0000] {standard_task_runner.py:105} INFO - Job 21: Subtask extract
[2024-10-09T12:21:13.465+0000] {warnings.py:109} WARNING - /home/airflow/.local/lib/python3.10/site-packages/airflow/settings.py:209: DeprecationWarning: The sql_alchemy_conn option in [core] has been moved to the sql_alchemy_conn option in [database] - the old setting has been used, but please update your config.
  SQL_ALCHEMY_CONN = conf.get("database", "SQL_ALCHEMY_CONN")

[2024-10-09T12:21:13.575+0000] {task_command.py:467} INFO - Running <TaskInstance: EL.extract manual__2024-10-09T12:21:06.122514+00:00 [running]> on host 4a40c8207fe6
[2024-10-09T12:21:13.800+0000] {taskinstance.py:3131} INFO - Exporting env vars: AIRFLOW_CTX_DAG_OWNER='bmw' AIRFLOW_CTX_DAG_ID='EL' AIRFLOW_CTX_TASK_ID='extract' AIRFLOW_CTX_EXECUTION_DATE='2024-10-09T12:21:06.122514+00:00' AIRFLOW_CTX_TRY_NUMBER='1' AIRFLOW_CTX_DAG_RUN_ID='manual__2024-10-09T12:21:06.122514+00:00'
[2024-10-09T12:21:13.805+0000] {taskinstance.py:731} INFO - ::endgroup::
[2024-10-09T12:21:13.889+0000] {subprocess.py:63} INFO - Tmp dir root location: /tmp
[2024-10-09T12:21:13.893+0000] {subprocess.py:75} INFO - Running command: ['/usr/bin/bash', '-c', 'xvfb-run --server-args="-screen 0 1920x1080x24" python3 /opt/airflow/scripts/scrape.py']
[2024-10-09T12:21:13.916+0000] {subprocess.py:86} INFO - Output:
[2024-10-09T12:21:19.797+0000] {subprocess.py:93} INFO - INFO:root:Opening IMDb page...
[2024-10-09T12:21:31.250+0000] {subprocess.py:93} INFO - INFO:root:Page loaded, waiting for elements...
[2024-10-09T12:21:36.280+0000] {subprocess.py:93} INFO - INFO:root:Elements found, starting to scrape...
[2024-10-09T12:21:38.281+0000] {subprocess.py:93} INFO - WARNING:root:Metascore not found: Message: no such element: Unable to locate element: {"method":"css selector","selector":"span.sc-b0901df4-0.bXIOoL.metacritic-score-box"}
[2024-10-09T12:21:38.284+0000] {subprocess.py:93} INFO -   (Session info: chrome=129.0.6668.89); For documentation on this error, please visit: https://www.selenium.dev/documentation/webdriver/troubleshooting/errors#no-such-element-exception
[2024-10-09T12:21:38.295+0000] {subprocess.py:93} INFO - Stacktrace:
[2024-10-09T12:21:38.303+0000] {subprocess.py:93} INFO - #0 0x55d8f0eed02a <unknown>
[2024-10-09T12:21:38.309+0000] {subprocess.py:93} INFO - #1 0x55d8f0bd35e0 <unknown>
[2024-10-09T12:21:38.316+0000] {subprocess.py:93} INFO - #2 0x55d8f0c22be8 <unknown>
[2024-10-09T12:21:38.319+0000] {subprocess.py:93} INFO - #3 0x55d8f0c22e81 <unknown>
[2024-10-09T12:21:38.326+0000] {subprocess.py:93} INFO - #4 0x55d8f0c17586 <unknown>
[2024-10-09T12:21:38.333+0000] {subprocess.py:93} INFO - #5 0x55d8f0c47b4d <unknown>
[2024-10-09T12:21:38.339+0000] {subprocess.py:93} INFO - #6 0x55d8f0c17478 <unknown>
[2024-10-09T12:21:38.344+0000] {subprocess.py:93} INFO - #7 0x55d8f0c47cee <unknown>
[2024-10-09T12:21:38.348+0000] {subprocess.py:93} INFO - #8 0x55d8f0c66d7d <unknown>
[2024-10-09T12:21:38.352+0000] {subprocess.py:93} INFO - #9 0x55d8f0c478c3 <unknown>
[2024-10-09T12:21:38.356+0000] {subprocess.py:93} INFO - #10 0x55d8f0c156b3 <unknown>
[2024-10-09T12:21:38.359+0000] {subprocess.py:93} INFO - #11 0x55d8f0c1668e <unknown>
[2024-10-09T12:21:38.363+0000] {subprocess.py:93} INFO - #12 0x55d8f0eb7a2b <unknown>
[2024-10-09T12:21:38.367+0000] {subprocess.py:93} INFO - #13 0x55d8f0ebb9b1 <unknown>
[2024-10-09T12:21:38.372+0000] {subprocess.py:93} INFO - #14 0x55d8f0ea4225 <unknown>
[2024-10-09T12:21:38.377+0000] {subprocess.py:93} INFO - #15 0x55d8f0ebc532 <unknown>
[2024-10-09T12:21:38.381+0000] {subprocess.py:93} INFO - #16 0x55d8f0e8938f <unknown>
[2024-10-09T12:21:38.384+0000] {subprocess.py:93} INFO - #17 0x55d8f0edbf28 <unknown>
[2024-10-09T12:21:38.388+0000] {subprocess.py:93} INFO - #18 0x55d8f0edc0f3 <unknown>
[2024-10-09T12:21:38.392+0000] {subprocess.py:93} INFO - #19 0x55d8f0eebe7c <unknown>
[2024-10-09T12:21:38.396+0000] {subprocess.py:93} INFO - #20 0x7fe5c120c144 <unknown>
[2024-10-09T12:21:38.399+0000] {subprocess.py:93} INFO - 
[2024-10-09T12:21:38.985+0000] {subprocess.py:93} INFO - WARNING:root:Metascore not found: Message: no such element: Unable to locate element: {"method":"css selector","selector":"span.sc-b0901df4-0.bXIOoL.metacritic-score-box"}
[2024-10-09T12:21:38.989+0000] {subprocess.py:93} INFO -   (Session info: chrome=129.0.6668.89); For documentation on this error, please visit: https://www.selenium.dev/documentation/webdriver/troubleshooting/errors#no-such-element-exception
[2024-10-09T12:21:38.993+0000] {subprocess.py:93} INFO - Stacktrace:
[2024-10-09T12:21:38.998+0000] {subprocess.py:93} INFO - #0 0x55d8f0eed02a <unknown>
[2024-10-09T12:21:39.002+0000] {subprocess.py:93} INFO - #1 0x55d8f0bd35e0 <unknown>
[2024-10-09T12:21:39.005+0000] {subprocess.py:93} INFO - #2 0x55d8f0c22be8 <unknown>
[2024-10-09T12:21:39.010+0000] {subprocess.py:93} INFO - #3 0x55d8f0c22e81 <unknown>
[2024-10-09T12:21:39.018+0000] {subprocess.py:93} INFO - #4 0x55d8f0c17586 <unknown>
[2024-10-09T12:21:39.023+0000] {subprocess.py:93} INFO - #5 0x55d8f0c47b4d <unknown>
[2024-10-09T12:21:39.032+0000] {subprocess.py:93} INFO - #6 0x55d8f0c17478 <unknown>
[2024-10-09T12:21:39.038+0000] {subprocess.py:93} INFO - #7 0x55d8f0c47cee <unknown>
[2024-10-09T12:21:39.042+0000] {subprocess.py:93} INFO - #8 0x55d8f0c66d7d <unknown>
[2024-10-09T12:21:39.048+0000] {subprocess.py:93} INFO - #9 0x55d8f0c478c3 <unknown>
[2024-10-09T12:21:39.053+0000] {subprocess.py:93} INFO - #10 0x55d8f0c156b3 <unknown>
[2024-10-09T12:21:39.057+0000] {subprocess.py:93} INFO - #11 0x55d8f0c1668e <unknown>
[2024-10-09T12:21:39.063+0000] {subprocess.py:93} INFO - #12 0x55d8f0eb7a2b <unknown>
[2024-10-09T12:21:39.071+0000] {subprocess.py:93} INFO - #13 0x55d8f0ebb9b1 <unknown>
[2024-10-09T12:21:39.076+0000] {subprocess.py:93} INFO - #14 0x55d8f0ea4225 <unknown>
[2024-10-09T12:21:39.080+0000] {subprocess.py:93} INFO - #15 0x55d8f0ebc532 <unknown>
[2024-10-09T12:21:39.088+0000] {subprocess.py:93} INFO - #16 0x55d8f0e8938f <unknown>
[2024-10-09T12:21:39.092+0000] {subprocess.py:93} INFO - #17 0x55d8f0edbf28 <unknown>
[2024-10-09T12:21:39.098+0000] {subprocess.py:93} INFO - #18 0x55d8f0edc0f3 <unknown>
[2024-10-09T12:21:39.104+0000] {subprocess.py:93} INFO - #19 0x55d8f0eebe7c <unknown>
[2024-10-09T12:21:39.111+0000] {subprocess.py:93} INFO - #20 0x7fe5c120c144 <unknown>
[2024-10-09T12:21:39.117+0000] {subprocess.py:93} INFO - 
[2024-10-09T12:21:41.226+0000] {subprocess.py:93} INFO - WARNING:root:Metascore not found: Message: no such element: Unable to locate element: {"method":"css selector","selector":"span.sc-b0901df4-0.bXIOoL.metacritic-score-box"}
[2024-10-09T12:21:41.229+0000] {subprocess.py:93} INFO -   (Session info: chrome=129.0.6668.89); For documentation on this error, please visit: https://www.selenium.dev/documentation/webdriver/troubleshooting/errors#no-such-element-exception
[2024-10-09T12:21:41.233+0000] {subprocess.py:93} INFO - Stacktrace:
[2024-10-09T12:21:41.238+0000] {subprocess.py:93} INFO - #0 0x55d8f0eed02a <unknown>
[2024-10-09T12:21:41.246+0000] {subprocess.py:93} INFO - #1 0x55d8f0bd35e0 <unknown>
[2024-10-09T12:21:41.253+0000] {subprocess.py:93} INFO - #2 0x55d8f0c22be8 <unknown>
[2024-10-09T12:21:41.258+0000] {subprocess.py:93} INFO - #3 0x55d8f0c22e81 <unknown>
[2024-10-09T12:21:41.265+0000] {subprocess.py:93} INFO - #4 0x55d8f0c17586 <unknown>
[2024-10-09T12:21:41.270+0000] {subprocess.py:93} INFO - #5 0x55d8f0c47b4d <unknown>
[2024-10-09T12:21:41.275+0000] {subprocess.py:93} INFO - #6 0x55d8f0c17478 <unknown>
[2024-10-09T12:21:41.282+0000] {subprocess.py:93} INFO - #7 0x55d8f0c47cee <unknown>
[2024-10-09T12:21:41.287+0000] {subprocess.py:93} INFO - #8 0x55d8f0c66d7d <unknown>
[2024-10-09T12:21:41.294+0000] {subprocess.py:93} INFO - #9 0x55d8f0c478c3 <unknown>
[2024-10-09T12:21:41.302+0000] {subprocess.py:93} INFO - #10 0x55d8f0c156b3 <unknown>
[2024-10-09T12:21:41.305+0000] {subprocess.py:93} INFO - #11 0x55d8f0c1668e <unknown>
[2024-10-09T12:21:41.315+0000] {subprocess.py:93} INFO - #12 0x55d8f0eb7a2b <unknown>
[2024-10-09T12:21:41.325+0000] {subprocess.py:93} INFO - #13 0x55d8f0ebb9b1 <unknown>
[2024-10-09T12:21:41.363+0000] {subprocess.py:93} INFO - #14 0x55d8f0ea4225 <unknown>
[2024-10-09T12:21:41.368+0000] {subprocess.py:93} INFO - #15 0x55d8f0ebc532 <unknown>
[2024-10-09T12:21:41.381+0000] {subprocess.py:93} INFO - #16 0x55d8f0e8938f <unknown>
[2024-10-09T12:21:41.391+0000] {subprocess.py:93} INFO - #17 0x55d8f0edbf28 <unknown>
[2024-10-09T12:21:41.399+0000] {subprocess.py:93} INFO - #18 0x55d8f0edc0f3 <unknown>
[2024-10-09T12:21:41.421+0000] {subprocess.py:93} INFO - #19 0x55d8f0eebe7c <unknown>
[2024-10-09T12:21:41.426+0000] {subprocess.py:93} INFO - #20 0x7fe5c120c144 <unknown>
[2024-10-09T12:21:41.439+0000] {subprocess.py:93} INFO - 
[2024-10-09T12:21:41.963+0000] {subprocess.py:93} INFO - WARNING:root:Metascore not found: Message: no such element: Unable to locate element: {"method":"css selector","selector":"span.sc-b0901df4-0.bXIOoL.metacritic-score-box"}
[2024-10-09T12:21:41.966+0000] {subprocess.py:93} INFO -   (Session info: chrome=129.0.6668.89); For documentation on this error, please visit: https://www.selenium.dev/documentation/webdriver/troubleshooting/errors#no-such-element-exception
[2024-10-09T12:21:41.971+0000] {subprocess.py:93} INFO - Stacktrace:
[2024-10-09T12:21:41.975+0000] {subprocess.py:93} INFO - #0 0x55d8f0eed02a <unknown>
[2024-10-09T12:21:41.979+0000] {subprocess.py:93} INFO - #1 0x55d8f0bd35e0 <unknown>
[2024-10-09T12:21:41.983+0000] {subprocess.py:93} INFO - #2 0x55d8f0c22be8 <unknown>
[2024-10-09T12:21:41.985+0000] {subprocess.py:93} INFO - #3 0x55d8f0c22e81 <unknown>
[2024-10-09T12:21:41.988+0000] {subprocess.py:93} INFO - #4 0x55d8f0c17586 <unknown>
[2024-10-09T12:21:41.991+0000] {subprocess.py:93} INFO - #5 0x55d8f0c47b4d <unknown>
[2024-10-09T12:21:41.994+0000] {subprocess.py:93} INFO - #6 0x55d8f0c17478 <unknown>
[2024-10-09T12:21:41.997+0000] {subprocess.py:93} INFO - #7 0x55d8f0c47cee <unknown>
[2024-10-09T12:21:42.000+0000] {subprocess.py:93} INFO - #8 0x55d8f0c66d7d <unknown>
[2024-10-09T12:21:42.006+0000] {subprocess.py:93} INFO - #9 0x55d8f0c478c3 <unknown>
[2024-10-09T12:21:42.013+0000] {subprocess.py:93} INFO - #10 0x55d8f0c156b3 <unknown>
[2024-10-09T12:21:42.016+0000] {subprocess.py:93} INFO - #11 0x55d8f0c1668e <unknown>
[2024-10-09T12:21:42.020+0000] {subprocess.py:93} INFO - #12 0x55d8f0eb7a2b <unknown>
[2024-10-09T12:21:42.023+0000] {subprocess.py:93} INFO - #13 0x55d8f0ebb9b1 <unknown>
[2024-10-09T12:21:42.025+0000] {subprocess.py:93} INFO - #14 0x55d8f0ea4225 <unknown>
[2024-10-09T12:21:42.029+0000] {subprocess.py:93} INFO - #15 0x55d8f0ebc532 <unknown>
[2024-10-09T12:21:42.034+0000] {subprocess.py:93} INFO - #16 0x55d8f0e8938f <unknown>
[2024-10-09T12:21:42.038+0000] {subprocess.py:93} INFO - #17 0x55d8f0edbf28 <unknown>
[2024-10-09T12:21:42.043+0000] {subprocess.py:93} INFO - #18 0x55d8f0edc0f3 <unknown>
[2024-10-09T12:21:42.046+0000] {subprocess.py:93} INFO - #19 0x55d8f0eebe7c <unknown>
[2024-10-09T12:21:42.050+0000] {subprocess.py:93} INFO - #20 0x7fe5c120c144 <unknown>
[2024-10-09T12:21:42.054+0000] {subprocess.py:93} INFO - 
[2024-10-09T12:21:42.641+0000] {subprocess.py:93} INFO - WARNING:root:Metascore not found: Message: no such element: Unable to locate element: {"method":"css selector","selector":"span.sc-b0901df4-0.bXIOoL.metacritic-score-box"}
[2024-10-09T12:21:42.645+0000] {subprocess.py:93} INFO -   (Session info: chrome=129.0.6668.89); For documentation on this error, please visit: https://www.selenium.dev/documentation/webdriver/troubleshooting/errors#no-such-element-exception
[2024-10-09T12:21:42.650+0000] {subprocess.py:93} INFO - Stacktrace:
[2024-10-09T12:21:42.654+0000] {subprocess.py:93} INFO - #0 0x55d8f0eed02a <unknown>
[2024-10-09T12:21:42.658+0000] {subprocess.py:93} INFO - #1 0x55d8f0bd35e0 <unknown>
[2024-10-09T12:21:42.664+0000] {subprocess.py:93} INFO - #2 0x55d8f0c22be8 <unknown>
[2024-10-09T12:21:42.672+0000] {subprocess.py:93} INFO - #3 0x55d8f0c22e81 <unknown>
[2024-10-09T12:21:42.680+0000] {subprocess.py:93} INFO - #4 0x55d8f0c17586 <unknown>
[2024-10-09T12:21:42.687+0000] {subprocess.py:93} INFO - #5 0x55d8f0c47b4d <unknown>
[2024-10-09T12:21:42.695+0000] {subprocess.py:93} INFO - #6 0x55d8f0c17478 <unknown>
[2024-10-09T12:21:42.702+0000] {subprocess.py:93} INFO - #7 0x55d8f0c47cee <unknown>
[2024-10-09T12:21:42.708+0000] {subprocess.py:93} INFO - #8 0x55d8f0c66d7d <unknown>
[2024-10-09T12:21:42.714+0000] {subprocess.py:93} INFO - #9 0x55d8f0c478c3 <unknown>
[2024-10-09T12:21:42.719+0000] {subprocess.py:93} INFO - #10 0x55d8f0c156b3 <unknown>
[2024-10-09T12:21:42.724+0000] {subprocess.py:93} INFO - #11 0x55d8f0c1668e <unknown>
[2024-10-09T12:21:42.736+0000] {subprocess.py:93} INFO - #12 0x55d8f0eb7a2b <unknown>
[2024-10-09T12:21:42.740+0000] {subprocess.py:93} INFO - #13 0x55d8f0ebb9b1 <unknown>
[2024-10-09T12:21:42.749+0000] {subprocess.py:93} INFO - #14 0x55d8f0ea4225 <unknown>
[2024-10-09T12:21:42.757+0000] {subprocess.py:93} INFO - #15 0x55d8f0ebc532 <unknown>
[2024-10-09T12:21:42.761+0000] {subprocess.py:93} INFO - #16 0x55d8f0e8938f <unknown>
[2024-10-09T12:21:42.767+0000] {subprocess.py:93} INFO - #17 0x55d8f0edbf28 <unknown>
[2024-10-09T12:21:42.772+0000] {subprocess.py:93} INFO - #18 0x55d8f0edc0f3 <unknown>
[2024-10-09T12:21:42.776+0000] {subprocess.py:93} INFO - #19 0x55d8f0eebe7c <unknown>
[2024-10-09T12:21:42.784+0000] {subprocess.py:93} INFO - #20 0x7fe5c120c144 <unknown>
[2024-10-09T12:21:42.788+0000] {subprocess.py:93} INFO - 
[2024-10-09T12:21:43.339+0000] {subprocess.py:93} INFO - WARNING:root:Metascore not found: Message: no such element: Unable to locate element: {"method":"css selector","selector":"span.sc-b0901df4-0.bXIOoL.metacritic-score-box"}
[2024-10-09T12:21:43.348+0000] {subprocess.py:93} INFO -   (Session info: chrome=129.0.6668.89); For documentation on this error, please visit: https://www.selenium.dev/documentation/webdriver/troubleshooting/errors#no-such-element-exception
[2024-10-09T12:21:43.352+0000] {subprocess.py:93} INFO - Stacktrace:
[2024-10-09T12:21:43.357+0000] {subprocess.py:93} INFO - #0 0x55d8f0eed02a <unknown>
[2024-10-09T12:21:43.368+0000] {subprocess.py:93} INFO - #1 0x55d8f0bd35e0 <unknown>
[2024-10-09T12:21:43.379+0000] {subprocess.py:93} INFO - #2 0x55d8f0c22be8 <unknown>
[2024-10-09T12:21:43.386+0000] {subprocess.py:93} INFO - #3 0x55d8f0c22e81 <unknown>
[2024-10-09T12:21:43.393+0000] {subprocess.py:93} INFO - #4 0x55d8f0c17586 <unknown>
[2024-10-09T12:21:43.399+0000] {subprocess.py:93} INFO - #5 0x55d8f0c47b4d <unknown>
[2024-10-09T12:21:43.408+0000] {subprocess.py:93} INFO - #6 0x55d8f0c17478 <unknown>
[2024-10-09T12:21:43.422+0000] {subprocess.py:93} INFO - #7 0x55d8f0c47cee <unknown>
[2024-10-09T12:21:43.430+0000] {subprocess.py:93} INFO - #8 0x55d8f0c66d7d <unknown>
[2024-10-09T12:21:43.436+0000] {subprocess.py:93} INFO - #9 0x55d8f0c478c3 <unknown>
[2024-10-09T12:21:43.443+0000] {subprocess.py:93} INFO - #10 0x55d8f0c156b3 <unknown>
[2024-10-09T12:21:43.450+0000] {subprocess.py:93} INFO - #11 0x55d8f0c1668e <unknown>
[2024-10-09T12:21:43.455+0000] {subprocess.py:93} INFO - #12 0x55d8f0eb7a2b <unknown>
[2024-10-09T12:21:43.463+0000] {subprocess.py:93} INFO - #13 0x55d8f0ebb9b1 <unknown>
[2024-10-09T12:21:43.473+0000] {subprocess.py:93} INFO - #14 0x55d8f0ea4225 <unknown>
[2024-10-09T12:21:43.478+0000] {subprocess.py:93} INFO - #15 0x55d8f0ebc532 <unknown>
[2024-10-09T12:21:43.482+0000] {subprocess.py:93} INFO - #16 0x55d8f0e8938f <unknown>
[2024-10-09T12:21:43.488+0000] {subprocess.py:93} INFO - #17 0x55d8f0edbf28 <unknown>
[2024-10-09T12:21:43.495+0000] {subprocess.py:93} INFO - #18 0x55d8f0edc0f3 <unknown>
[2024-10-09T12:21:43.518+0000] {subprocess.py:93} INFO - #19 0x55d8f0eebe7c <unknown>
[2024-10-09T12:21:43.538+0000] {subprocess.py:93} INFO - #20 0x7fe5c120c144 <unknown>
[2024-10-09T12:21:43.573+0000] {subprocess.py:93} INFO - 
[2024-10-09T12:21:44.275+0000] {subprocess.py:93} INFO - WARNING:root:Metascore not found: Message: no such element: Unable to locate element: {"method":"css selector","selector":"span.sc-b0901df4-0.bXIOoL.metacritic-score-box"}
[2024-10-09T12:21:44.290+0000] {subprocess.py:93} INFO -   (Session info: chrome=129.0.6668.89); For documentation on this error, please visit: https://www.selenium.dev/documentation/webdriver/troubleshooting/errors#no-such-element-exception
[2024-10-09T12:21:44.316+0000] {subprocess.py:93} INFO - Stacktrace:
[2024-10-09T12:21:44.339+0000] {subprocess.py:93} INFO - #0 0x55d8f0eed02a <unknown>
[2024-10-09T12:21:44.374+0000] {subprocess.py:93} INFO - #1 0x55d8f0bd35e0 <unknown>
[2024-10-09T12:21:44.395+0000] {subprocess.py:93} INFO - #2 0x55d8f0c22be8 <unknown>
[2024-10-09T12:21:44.413+0000] {subprocess.py:93} INFO - #3 0x55d8f0c22e81 <unknown>
[2024-10-09T12:21:44.434+0000] {subprocess.py:93} INFO - #4 0x55d8f0c17586 <unknown>
[2024-10-09T12:21:44.464+0000] {subprocess.py:93} INFO - #5 0x55d8f0c47b4d <unknown>
[2024-10-09T12:21:44.482+0000] {subprocess.py:93} INFO - #6 0x55d8f0c17478 <unknown>
[2024-10-09T12:21:44.497+0000] {subprocess.py:93} INFO - #7 0x55d8f0c47cee <unknown>
[2024-10-09T12:21:44.505+0000] {subprocess.py:93} INFO - #8 0x55d8f0c66d7d <unknown>
[2024-10-09T12:21:44.526+0000] {subprocess.py:93} INFO - #9 0x55d8f0c478c3 <unknown>
[2024-10-09T12:21:44.538+0000] {subprocess.py:93} INFO - #10 0x55d8f0c156b3 <unknown>
[2024-10-09T12:21:44.558+0000] {subprocess.py:93} INFO - #11 0x55d8f0c1668e <unknown>
[2024-10-09T12:21:44.587+0000] {subprocess.py:93} INFO - #12 0x55d8f0eb7a2b <unknown>
[2024-10-09T12:21:44.603+0000] {subprocess.py:93} INFO - #13 0x55d8f0ebb9b1 <unknown>
[2024-10-09T12:21:44.618+0000] {subprocess.py:93} INFO - #14 0x55d8f0ea4225 <unknown>
[2024-10-09T12:21:44.624+0000] {subprocess.py:93} INFO - #15 0x55d8f0ebc532 <unknown>
[2024-10-09T12:21:44.659+0000] {subprocess.py:93} INFO - #16 0x55d8f0e8938f <unknown>
[2024-10-09T12:21:44.668+0000] {subprocess.py:93} INFO - #17 0x55d8f0edbf28 <unknown>
[2024-10-09T12:21:44.686+0000] {subprocess.py:93} INFO - #18 0x55d8f0edc0f3 <unknown>
[2024-10-09T12:21:44.696+0000] {subprocess.py:93} INFO - #19 0x55d8f0eebe7c <unknown>
[2024-10-09T12:21:44.708+0000] {subprocess.py:93} INFO - #20 0x7fe5c120c144 <unknown>
[2024-10-09T12:21:44.713+0000] {subprocess.py:93} INFO - 
[2024-10-09T12:21:45.228+0000] {subprocess.py:93} INFO - WARNING:root:Metascore not found: Message: no such element: Unable to locate element: {"method":"css selector","selector":"span.sc-b0901df4-0.bXIOoL.metacritic-score-box"}
[2024-10-09T12:21:45.232+0000] {subprocess.py:93} INFO -   (Session info: chrome=129.0.6668.89); For documentation on this error, please visit: https://www.selenium.dev/documentation/webdriver/troubleshooting/errors#no-such-element-exception
[2024-10-09T12:21:45.237+0000] {subprocess.py:93} INFO - Stacktrace:
[2024-10-09T12:21:45.240+0000] {subprocess.py:93} INFO - #0 0x55d8f0eed02a <unknown>
[2024-10-09T12:21:45.248+0000] {subprocess.py:93} INFO - #1 0x55d8f0bd35e0 <unknown>
[2024-10-09T12:21:45.256+0000] {subprocess.py:93} INFO - #2 0x55d8f0c22be8 <unknown>
[2024-10-09T12:21:45.269+0000] {subprocess.py:93} INFO - #3 0x55d8f0c22e81 <unknown>
[2024-10-09T12:21:45.274+0000] {subprocess.py:93} INFO - #4 0x55d8f0c17586 <unknown>
[2024-10-09T12:21:45.286+0000] {subprocess.py:93} INFO - #5 0x55d8f0c47b4d <unknown>
[2024-10-09T12:21:45.291+0000] {subprocess.py:93} INFO - #6 0x55d8f0c17478 <unknown>
[2024-10-09T12:21:45.305+0000] {subprocess.py:93} INFO - #7 0x55d8f0c47cee <unknown>
[2024-10-09T12:21:45.321+0000] {subprocess.py:93} INFO - #8 0x55d8f0c66d7d <unknown>
[2024-10-09T12:21:45.327+0000] {subprocess.py:93} INFO - #9 0x55d8f0c478c3 <unknown>
[2024-10-09T12:21:45.331+0000] {subprocess.py:93} INFO - #10 0x55d8f0c156b3 <unknown>
[2024-10-09T12:21:45.336+0000] {subprocess.py:93} INFO - #11 0x55d8f0c1668e <unknown>
[2024-10-09T12:21:45.340+0000] {subprocess.py:93} INFO - #12 0x55d8f0eb7a2b <unknown>
[2024-10-09T12:21:45.348+0000] {subprocess.py:93} INFO - #13 0x55d8f0ebb9b1 <unknown>
[2024-10-09T12:21:45.356+0000] {subprocess.py:93} INFO - #14 0x55d8f0ea4225 <unknown>
[2024-10-09T12:21:45.365+0000] {subprocess.py:93} INFO - #15 0x55d8f0ebc532 <unknown>
[2024-10-09T12:21:45.369+0000] {subprocess.py:93} INFO - #16 0x55d8f0e8938f <unknown>
[2024-10-09T12:21:45.377+0000] {subprocess.py:93} INFO - #17 0x55d8f0edbf28 <unknown>
[2024-10-09T12:21:45.391+0000] {subprocess.py:93} INFO - #18 0x55d8f0edc0f3 <unknown>
[2024-10-09T12:21:45.401+0000] {subprocess.py:93} INFO - #19 0x55d8f0eebe7c <unknown>
[2024-10-09T12:21:45.406+0000] {subprocess.py:93} INFO - #20 0x7fe5c120c144 <unknown>
[2024-10-09T12:21:45.410+0000] {subprocess.py:93} INFO - 
[2024-10-09T12:21:46.096+0000] {subprocess.py:93} INFO - WARNING:root:Metascore not found: Message: no such element: Unable to locate element: {"method":"css selector","selector":"span.sc-b0901df4-0.bXIOoL.metacritic-score-box"}
[2024-10-09T12:21:46.099+0000] {subprocess.py:93} INFO -   (Session info: chrome=129.0.6668.89); For documentation on this error, please visit: https://www.selenium.dev/documentation/webdriver/troubleshooting/errors#no-such-element-exception
[2024-10-09T12:21:46.104+0000] {subprocess.py:93} INFO - Stacktrace:
[2024-10-09T12:21:46.115+0000] {subprocess.py:93} INFO - #0 0x55d8f0eed02a <unknown>
[2024-10-09T12:21:46.120+0000] {subprocess.py:93} INFO - #1 0x55d8f0bd35e0 <unknown>
[2024-10-09T12:21:46.129+0000] {subprocess.py:93} INFO - #2 0x55d8f0c22be8 <unknown>
[2024-10-09T12:21:46.141+0000] {subprocess.py:93} INFO - #3 0x55d8f0c22e81 <unknown>
[2024-10-09T12:21:46.150+0000] {subprocess.py:93} INFO - #4 0x55d8f0c17586 <unknown>
[2024-10-09T12:21:46.157+0000] {subprocess.py:93} INFO - #5 0x55d8f0c47b4d <unknown>
[2024-10-09T12:21:46.168+0000] {subprocess.py:93} INFO - #6 0x55d8f0c17478 <unknown>
[2024-10-09T12:21:46.172+0000] {subprocess.py:93} INFO - #7 0x55d8f0c47cee <unknown>
[2024-10-09T12:21:46.177+0000] {subprocess.py:93} INFO - #8 0x55d8f0c66d7d <unknown>
[2024-10-09T12:21:46.182+0000] {subprocess.py:93} INFO - #9 0x55d8f0c478c3 <unknown>
[2024-10-09T12:21:46.189+0000] {subprocess.py:93} INFO - #10 0x55d8f0c156b3 <unknown>
[2024-10-09T12:21:46.198+0000] {subprocess.py:93} INFO - #11 0x55d8f0c1668e <unknown>
[2024-10-09T12:21:46.206+0000] {subprocess.py:93} INFO - #12 0x55d8f0eb7a2b <unknown>
[2024-10-09T12:21:46.220+0000] {subprocess.py:93} INFO - #13 0x55d8f0ebb9b1 <unknown>
[2024-10-09T12:21:46.229+0000] {subprocess.py:93} INFO - #14 0x55d8f0ea4225 <unknown>
[2024-10-09T12:21:46.238+0000] {subprocess.py:93} INFO - #15 0x55d8f0ebc532 <unknown>
[2024-10-09T12:21:46.245+0000] {subprocess.py:93} INFO - #16 0x55d8f0e8938f <unknown>
[2024-10-09T12:21:46.253+0000] {subprocess.py:93} INFO - #17 0x55d8f0edbf28 <unknown>
[2024-10-09T12:21:46.259+0000] {subprocess.py:93} INFO - #18 0x55d8f0edc0f3 <unknown>
[2024-10-09T12:21:46.268+0000] {subprocess.py:93} INFO - #19 0x55d8f0eebe7c <unknown>
[2024-10-09T12:21:46.276+0000] {subprocess.py:93} INFO - #20 0x7fe5c120c144 <unknown>
[2024-10-09T12:21:46.287+0000] {subprocess.py:93} INFO - 
[2024-10-09T12:21:47.372+0000] {subprocess.py:93} INFO - WARNING:root:Metascore not found: Message: no such element: Unable to locate element: {"method":"css selector","selector":"span.sc-b0901df4-0.bXIOoL.metacritic-score-box"}
[2024-10-09T12:21:47.385+0000] {subprocess.py:93} INFO -   (Session info: chrome=129.0.6668.89); For documentation on this error, please visit: https://www.selenium.dev/documentation/webdriver/troubleshooting/errors#no-such-element-exception
[2024-10-09T12:21:47.396+0000] {subprocess.py:93} INFO - Stacktrace:
[2024-10-09T12:21:47.403+0000] {subprocess.py:93} INFO - #0 0x55d8f0eed02a <unknown>
[2024-10-09T12:21:47.416+0000] {subprocess.py:93} INFO - #1 0x55d8f0bd35e0 <unknown>
[2024-10-09T12:21:47.430+0000] {subprocess.py:93} INFO - #2 0x55d8f0c22be8 <unknown>
[2024-10-09T12:21:47.437+0000] {subprocess.py:93} INFO - #3 0x55d8f0c22e81 <unknown>
[2024-10-09T12:21:47.456+0000] {subprocess.py:93} INFO - #4 0x55d8f0c17586 <unknown>
[2024-10-09T12:21:47.484+0000] {subprocess.py:93} INFO - #5 0x55d8f0c47b4d <unknown>
[2024-10-09T12:21:47.492+0000] {subprocess.py:93} INFO - #6 0x55d8f0c17478 <unknown>
[2024-10-09T12:21:47.500+0000] {subprocess.py:93} INFO - #7 0x55d8f0c47cee <unknown>
[2024-10-09T12:21:47.510+0000] {subprocess.py:93} INFO - #8 0x55d8f0c66d7d <unknown>
[2024-10-09T12:21:47.516+0000] {subprocess.py:93} INFO - #9 0x55d8f0c478c3 <unknown>
[2024-10-09T12:21:47.526+0000] {subprocess.py:93} INFO - #10 0x55d8f0c156b3 <unknown>
[2024-10-09T12:21:47.536+0000] {subprocess.py:93} INFO - #11 0x55d8f0c1668e <unknown>
[2024-10-09T12:21:47.564+0000] {subprocess.py:93} INFO - #12 0x55d8f0eb7a2b <unknown>
[2024-10-09T12:21:47.570+0000] {subprocess.py:93} INFO - #13 0x55d8f0ebb9b1 <unknown>
[2024-10-09T12:21:47.580+0000] {subprocess.py:93} INFO - #14 0x55d8f0ea4225 <unknown>
[2024-10-09T12:21:47.589+0000] {subprocess.py:93} INFO - #15 0x55d8f0ebc532 <unknown>
[2024-10-09T12:21:47.595+0000] {subprocess.py:93} INFO - #16 0x55d8f0e8938f <unknown>
[2024-10-09T12:21:47.603+0000] {subprocess.py:93} INFO - #17 0x55d8f0edbf28 <unknown>
[2024-10-09T12:21:47.611+0000] {subprocess.py:93} INFO - #18 0x55d8f0edc0f3 <unknown>
[2024-10-09T12:21:47.618+0000] {subprocess.py:93} INFO - #19 0x55d8f0eebe7c <unknown>
[2024-10-09T12:21:47.622+0000] {subprocess.py:93} INFO - #20 0x7fe5c120c144 <unknown>
[2024-10-09T12:21:47.631+0000] {subprocess.py:93} INFO - 
[2024-10-09T12:21:48.159+0000] {subprocess.py:93} INFO - WARNING:root:Metascore not found: Message: no such element: Unable to locate element: {"method":"css selector","selector":"span.sc-b0901df4-0.bXIOoL.metacritic-score-box"}
[2024-10-09T12:21:48.161+0000] {subprocess.py:93} INFO -   (Session info: chrome=129.0.6668.89); For documentation on this error, please visit: https://www.selenium.dev/documentation/webdriver/troubleshooting/errors#no-such-element-exception
[2024-10-09T12:21:48.165+0000] {subprocess.py:93} INFO - Stacktrace:
[2024-10-09T12:21:48.167+0000] {subprocess.py:93} INFO - #0 0x55d8f0eed02a <unknown>
[2024-10-09T12:21:48.170+0000] {subprocess.py:93} INFO - #1 0x55d8f0bd35e0 <unknown>
[2024-10-09T12:21:48.173+0000] {subprocess.py:93} INFO - #2 0x55d8f0c22be8 <unknown>
[2024-10-09T12:21:48.176+0000] {subprocess.py:93} INFO - #3 0x55d8f0c22e81 <unknown>
[2024-10-09T12:21:48.179+0000] {subprocess.py:93} INFO - #4 0x55d8f0c17586 <unknown>
[2024-10-09T12:21:48.183+0000] {subprocess.py:93} INFO - #5 0x55d8f0c47b4d <unknown>
[2024-10-09T12:21:48.186+0000] {subprocess.py:93} INFO - #6 0x55d8f0c17478 <unknown>
[2024-10-09T12:21:48.189+0000] {subprocess.py:93} INFO - #7 0x55d8f0c47cee <unknown>
[2024-10-09T12:21:48.192+0000] {subprocess.py:93} INFO - #8 0x55d8f0c66d7d <unknown>
[2024-10-09T12:21:48.194+0000] {subprocess.py:93} INFO - #9 0x55d8f0c478c3 <unknown>
[2024-10-09T12:21:48.197+0000] {subprocess.py:93} INFO - #10 0x55d8f0c156b3 <unknown>
[2024-10-09T12:21:48.200+0000] {subprocess.py:93} INFO - #11 0x55d8f0c1668e <unknown>
[2024-10-09T12:21:48.204+0000] {subprocess.py:93} INFO - #12 0x55d8f0eb7a2b <unknown>
[2024-10-09T12:21:48.207+0000] {subprocess.py:93} INFO - #13 0x55d8f0ebb9b1 <unknown>
[2024-10-09T12:21:48.210+0000] {subprocess.py:93} INFO - #14 0x55d8f0ea4225 <unknown>
[2024-10-09T12:21:48.213+0000] {subprocess.py:93} INFO - #15 0x55d8f0ebc532 <unknown>
[2024-10-09T12:21:48.216+0000] {subprocess.py:93} INFO - #16 0x55d8f0e8938f <unknown>
[2024-10-09T12:21:48.218+0000] {subprocess.py:93} INFO - #17 0x55d8f0edbf28 <unknown>
[2024-10-09T12:21:48.221+0000] {subprocess.py:93} INFO - #18 0x55d8f0edc0f3 <unknown>
[2024-10-09T12:21:48.224+0000] {subprocess.py:93} INFO - #19 0x55d8f0eebe7c <unknown>
[2024-10-09T12:21:48.228+0000] {subprocess.py:93} INFO - #20 0x7fe5c120c144 <unknown>
[2024-10-09T12:21:48.231+0000] {subprocess.py:93} INFO - 
[2024-10-09T12:21:48.648+0000] {subprocess.py:93} INFO - WARNING:root:Metascore not found: Message: no such element: Unable to locate element: {"method":"css selector","selector":"span.sc-b0901df4-0.bXIOoL.metacritic-score-box"}
[2024-10-09T12:21:48.650+0000] {subprocess.py:93} INFO -   (Session info: chrome=129.0.6668.89); For documentation on this error, please visit: https://www.selenium.dev/documentation/webdriver/troubleshooting/errors#no-such-element-exception
[2024-10-09T12:21:48.654+0000] {subprocess.py:93} INFO - Stacktrace:
[2024-10-09T12:21:48.658+0000] {subprocess.py:93} INFO - #0 0x55d8f0eed02a <unknown>
[2024-10-09T12:21:48.661+0000] {subprocess.py:93} INFO - #1 0x55d8f0bd35e0 <unknown>
[2024-10-09T12:21:48.664+0000] {subprocess.py:93} INFO - #2 0x55d8f0c22be8 <unknown>
[2024-10-09T12:21:48.668+0000] {subprocess.py:93} INFO - #3 0x55d8f0c22e81 <unknown>
[2024-10-09T12:21:48.670+0000] {subprocess.py:93} INFO - #4 0x55d8f0c17586 <unknown>
[2024-10-09T12:21:48.673+0000] {subprocess.py:93} INFO - #5 0x55d8f0c47b4d <unknown>
[2024-10-09T12:21:48.680+0000] {subprocess.py:93} INFO - #6 0x55d8f0c17478 <unknown>
[2024-10-09T12:21:48.684+0000] {subprocess.py:93} INFO - #7 0x55d8f0c47cee <unknown>
[2024-10-09T12:21:48.687+0000] {subprocess.py:93} INFO - #8 0x55d8f0c66d7d <unknown>
[2024-10-09T12:21:48.690+0000] {subprocess.py:93} INFO - #9 0x55d8f0c478c3 <unknown>
[2024-10-09T12:21:48.693+0000] {subprocess.py:93} INFO - #10 0x55d8f0c156b3 <unknown>
[2024-10-09T12:21:48.697+0000] {subprocess.py:93} INFO - #11 0x55d8f0c1668e <unknown>
[2024-10-09T12:21:48.702+0000] {subprocess.py:93} INFO - #12 0x55d8f0eb7a2b <unknown>
[2024-10-09T12:21:48.706+0000] {subprocess.py:93} INFO - #13 0x55d8f0ebb9b1 <unknown>
[2024-10-09T12:21:48.709+0000] {subprocess.py:93} INFO - #14 0x55d8f0ea4225 <unknown>
[2024-10-09T12:21:48.713+0000] {subprocess.py:93} INFO - #15 0x55d8f0ebc532 <unknown>
[2024-10-09T12:21:48.719+0000] {subprocess.py:93} INFO - #16 0x55d8f0e8938f <unknown>
[2024-10-09T12:21:48.724+0000] {subprocess.py:93} INFO - #17 0x55d8f0edbf28 <unknown>
[2024-10-09T12:21:48.728+0000] {subprocess.py:93} INFO - #18 0x55d8f0edc0f3 <unknown>
[2024-10-09T12:21:48.732+0000] {subprocess.py:93} INFO - #19 0x55d8f0eebe7c <unknown>
[2024-10-09T12:21:48.736+0000] {subprocess.py:93} INFO - #20 0x7fe5c120c144 <unknown>
[2024-10-09T12:21:48.739+0000] {subprocess.py:93} INFO - 
[2024-10-09T12:21:49.158+0000] {subprocess.py:93} INFO - WARNING:root:Metascore not found: Message: no such element: Unable to locate element: {"method":"css selector","selector":"span.sc-b0901df4-0.bXIOoL.metacritic-score-box"}
[2024-10-09T12:21:49.160+0000] {subprocess.py:93} INFO -   (Session info: chrome=129.0.6668.89); For documentation on this error, please visit: https://www.selenium.dev/documentation/webdriver/troubleshooting/errors#no-such-element-exception
[2024-10-09T12:21:49.164+0000] {subprocess.py:93} INFO - Stacktrace:
[2024-10-09T12:21:49.168+0000] {subprocess.py:93} INFO - #0 0x55d8f0eed02a <unknown>
[2024-10-09T12:21:49.172+0000] {subprocess.py:93} INFO - #1 0x55d8f0bd35e0 <unknown>
[2024-10-09T12:21:49.176+0000] {subprocess.py:93} INFO - #2 0x55d8f0c22be8 <unknown>
[2024-10-09T12:21:49.179+0000] {subprocess.py:93} INFO - #3 0x55d8f0c22e81 <unknown>
[2024-10-09T12:21:49.181+0000] {subprocess.py:93} INFO - #4 0x55d8f0c17586 <unknown>
[2024-10-09T12:21:49.184+0000] {subprocess.py:93} INFO - #5 0x55d8f0c47b4d <unknown>
[2024-10-09T12:21:49.189+0000] {subprocess.py:93} INFO - #6 0x55d8f0c17478 <unknown>
[2024-10-09T12:21:49.194+0000] {subprocess.py:93} INFO - #7 0x55d8f0c47cee <unknown>
[2024-10-09T12:21:49.199+0000] {subprocess.py:93} INFO - #8 0x55d8f0c66d7d <unknown>
[2024-10-09T12:21:49.203+0000] {subprocess.py:93} INFO - #9 0x55d8f0c478c3 <unknown>
[2024-10-09T12:21:49.206+0000] {subprocess.py:93} INFO - #10 0x55d8f0c156b3 <unknown>
[2024-10-09T12:21:49.210+0000] {subprocess.py:93} INFO - #11 0x55d8f0c1668e <unknown>
[2024-10-09T12:21:49.214+0000] {subprocess.py:93} INFO - #12 0x55d8f0eb7a2b <unknown>
[2024-10-09T12:21:49.217+0000] {subprocess.py:93} INFO - #13 0x55d8f0ebb9b1 <unknown>
[2024-10-09T12:21:49.222+0000] {subprocess.py:93} INFO - #14 0x55d8f0ea4225 <unknown>
[2024-10-09T12:21:49.228+0000] {subprocess.py:93} INFO - #15 0x55d8f0ebc532 <unknown>
[2024-10-09T12:21:49.235+0000] {subprocess.py:93} INFO - #16 0x55d8f0e8938f <unknown>
[2024-10-09T12:21:49.239+0000] {subprocess.py:93} INFO - #17 0x55d8f0edbf28 <unknown>
[2024-10-09T12:21:49.245+0000] {subprocess.py:93} INFO - #18 0x55d8f0edc0f3 <unknown>
[2024-10-09T12:21:49.248+0000] {subprocess.py:93} INFO - #19 0x55d8f0eebe7c <unknown>
[2024-10-09T12:21:49.250+0000] {subprocess.py:93} INFO - #20 0x7fe5c120c144 <unknown>
[2024-10-09T12:21:49.255+0000] {subprocess.py:93} INFO - 
[2024-10-09T12:21:49.681+0000] {subprocess.py:93} INFO - WARNING:root:Metascore not found: Message: no such element: Unable to locate element: {"method":"css selector","selector":"span.sc-b0901df4-0.bXIOoL.metacritic-score-box"}
[2024-10-09T12:21:49.685+0000] {subprocess.py:93} INFO -   (Session info: chrome=129.0.6668.89); For documentation on this error, please visit: https://www.selenium.dev/documentation/webdriver/troubleshooting/errors#no-such-element-exception
[2024-10-09T12:21:49.692+0000] {subprocess.py:93} INFO - Stacktrace:
[2024-10-09T12:21:49.697+0000] {subprocess.py:93} INFO - #0 0x55d8f0eed02a <unknown>
[2024-10-09T12:21:49.702+0000] {subprocess.py:93} INFO - #1 0x55d8f0bd35e0 <unknown>
[2024-10-09T12:21:49.707+0000] {subprocess.py:93} INFO - #2 0x55d8f0c22be8 <unknown>
[2024-10-09T12:21:49.714+0000] {subprocess.py:93} INFO - #3 0x55d8f0c22e81 <unknown>
[2024-10-09T12:21:49.722+0000] {subprocess.py:93} INFO - #4 0x55d8f0c17586 <unknown>
[2024-10-09T12:21:49.728+0000] {subprocess.py:93} INFO - #5 0x55d8f0c47b4d <unknown>
[2024-10-09T12:21:49.745+0000] {subprocess.py:93} INFO - #6 0x55d8f0c17478 <unknown>
[2024-10-09T12:21:49.751+0000] {subprocess.py:93} INFO - #7 0x55d8f0c47cee <unknown>
[2024-10-09T12:21:49.758+0000] {subprocess.py:93} INFO - #8 0x55d8f0c66d7d <unknown>
[2024-10-09T12:21:49.762+0000] {subprocess.py:93} INFO - #9 0x55d8f0c478c3 <unknown>
[2024-10-09T12:21:49.765+0000] {subprocess.py:93} INFO - #10 0x55d8f0c156b3 <unknown>
[2024-10-09T12:21:49.769+0000] {subprocess.py:93} INFO - #11 0x55d8f0c1668e <unknown>
[2024-10-09T12:21:49.772+0000] {subprocess.py:93} INFO - #12 0x55d8f0eb7a2b <unknown>
[2024-10-09T12:21:49.782+0000] {subprocess.py:93} INFO - #13 0x55d8f0ebb9b1 <unknown>
[2024-10-09T12:21:49.787+0000] {subprocess.py:93} INFO - #14 0x55d8f0ea4225 <unknown>
[2024-10-09T12:21:49.792+0000] {subprocess.py:93} INFO - #15 0x55d8f0ebc532 <unknown>
[2024-10-09T12:21:49.796+0000] {subprocess.py:93} INFO - #16 0x55d8f0e8938f <unknown>
[2024-10-09T12:21:49.800+0000] {subprocess.py:93} INFO - #17 0x55d8f0edbf28 <unknown>
[2024-10-09T12:21:49.804+0000] {subprocess.py:93} INFO - #18 0x55d8f0edc0f3 <unknown>
[2024-10-09T12:21:49.807+0000] {subprocess.py:93} INFO - #19 0x55d8f0eebe7c <unknown>
[2024-10-09T12:21:49.812+0000] {subprocess.py:93} INFO - #20 0x7fe5c120c144 <unknown>
[2024-10-09T12:21:49.816+0000] {subprocess.py:93} INFO - 
[2024-10-09T12:21:50.396+0000] {subprocess.py:93} INFO - WARNING:root:Metascore not found: Message: no such element: Unable to locate element: {"method":"css selector","selector":"span.sc-b0901df4-0.bXIOoL.metacritic-score-box"}
[2024-10-09T12:21:50.400+0000] {subprocess.py:93} INFO -   (Session info: chrome=129.0.6668.89); For documentation on this error, please visit: https://www.selenium.dev/documentation/webdriver/troubleshooting/errors#no-such-element-exception
[2024-10-09T12:21:50.406+0000] {subprocess.py:93} INFO - Stacktrace:
[2024-10-09T12:21:50.415+0000] {subprocess.py:93} INFO - #0 0x55d8f0eed02a <unknown>
[2024-10-09T12:21:50.421+0000] {subprocess.py:93} INFO - #1 0x55d8f0bd35e0 <unknown>
[2024-10-09T12:21:50.426+0000] {subprocess.py:93} INFO - #2 0x55d8f0c22be8 <unknown>
[2024-10-09T12:21:50.430+0000] {subprocess.py:93} INFO - #3 0x55d8f0c22e81 <unknown>
[2024-10-09T12:21:50.436+0000] {subprocess.py:93} INFO - #4 0x55d8f0c17586 <unknown>
[2024-10-09T12:21:50.440+0000] {subprocess.py:93} INFO - #5 0x55d8f0c47b4d <unknown>
[2024-10-09T12:21:50.444+0000] {subprocess.py:93} INFO - #6 0x55d8f0c17478 <unknown>
[2024-10-09T12:21:50.447+0000] {subprocess.py:93} INFO - #7 0x55d8f0c47cee <unknown>
[2024-10-09T12:21:50.450+0000] {subprocess.py:93} INFO - #8 0x55d8f0c66d7d <unknown>
[2024-10-09T12:21:50.453+0000] {subprocess.py:93} INFO - #9 0x55d8f0c478c3 <unknown>
[2024-10-09T12:21:50.459+0000] {subprocess.py:93} INFO - #10 0x55d8f0c156b3 <unknown>
[2024-10-09T12:21:50.465+0000] {subprocess.py:93} INFO - #11 0x55d8f0c1668e <unknown>
[2024-10-09T12:21:50.473+0000] {subprocess.py:93} INFO - #12 0x55d8f0eb7a2b <unknown>
[2024-10-09T12:21:50.480+0000] {subprocess.py:93} INFO - #13 0x55d8f0ebb9b1 <unknown>
[2024-10-09T12:21:50.483+0000] {subprocess.py:93} INFO - #14 0x55d8f0ea4225 <unknown>
[2024-10-09T12:21:50.488+0000] {subprocess.py:93} INFO - #15 0x55d8f0ebc532 <unknown>
[2024-10-09T12:21:50.494+0000] {subprocess.py:93} INFO - #16 0x55d8f0e8938f <unknown>
[2024-10-09T12:21:50.498+0000] {subprocess.py:93} INFO - #17 0x55d8f0edbf28 <unknown>
[2024-10-09T12:21:50.502+0000] {subprocess.py:93} INFO - #18 0x55d8f0edc0f3 <unknown>
[2024-10-09T12:21:50.509+0000] {subprocess.py:93} INFO - #19 0x55d8f0eebe7c <unknown>
[2024-10-09T12:21:50.515+0000] {subprocess.py:93} INFO - #20 0x7fe5c120c144 <unknown>
[2024-10-09T12:21:50.519+0000] {subprocess.py:93} INFO - 
[2024-10-09T12:21:51.018+0000] {subprocess.py:93} INFO - WARNING:root:Metascore not found: Message: no such element: Unable to locate element: {"method":"css selector","selector":"span.sc-b0901df4-0.bXIOoL.metacritic-score-box"}
[2024-10-09T12:21:51.026+0000] {subprocess.py:93} INFO -   (Session info: chrome=129.0.6668.89); For documentation on this error, please visit: https://www.selenium.dev/documentation/webdriver/troubleshooting/errors#no-such-element-exception
[2024-10-09T12:21:51.033+0000] {subprocess.py:93} INFO - Stacktrace:
[2024-10-09T12:21:51.044+0000] {subprocess.py:93} INFO - #0 0x55d8f0eed02a <unknown>
[2024-10-09T12:21:51.049+0000] {subprocess.py:93} INFO - #1 0x55d8f0bd35e0 <unknown>
[2024-10-09T12:21:51.058+0000] {subprocess.py:93} INFO - #2 0x55d8f0c22be8 <unknown>
[2024-10-09T12:21:51.065+0000] {subprocess.py:93} INFO - #3 0x55d8f0c22e81 <unknown>
[2024-10-09T12:21:51.070+0000] {subprocess.py:93} INFO - #4 0x55d8f0c17586 <unknown>
[2024-10-09T12:21:51.076+0000] {subprocess.py:93} INFO - #5 0x55d8f0c47b4d <unknown>
[2024-10-09T12:21:51.078+0000] {subprocess.py:93} INFO - #6 0x55d8f0c17478 <unknown>
[2024-10-09T12:21:51.082+0000] {subprocess.py:93} INFO - #7 0x55d8f0c47cee <unknown>
[2024-10-09T12:21:51.086+0000] {subprocess.py:93} INFO - #8 0x55d8f0c66d7d <unknown>
[2024-10-09T12:21:51.091+0000] {subprocess.py:93} INFO - #9 0x55d8f0c478c3 <unknown>
[2024-10-09T12:21:51.101+0000] {subprocess.py:93} INFO - #10 0x55d8f0c156b3 <unknown>
[2024-10-09T12:21:51.106+0000] {subprocess.py:93} INFO - #11 0x55d8f0c1668e <unknown>
[2024-10-09T12:21:51.110+0000] {subprocess.py:93} INFO - #12 0x55d8f0eb7a2b <unknown>
[2024-10-09T12:21:51.114+0000] {subprocess.py:93} INFO - #13 0x55d8f0ebb9b1 <unknown>
[2024-10-09T12:21:51.117+0000] {subprocess.py:93} INFO - #14 0x55d8f0ea4225 <unknown>
[2024-10-09T12:21:51.120+0000] {subprocess.py:93} INFO - #15 0x55d8f0ebc532 <unknown>
[2024-10-09T12:21:51.126+0000] {subprocess.py:93} INFO - #16 0x55d8f0e8938f <unknown>
[2024-10-09T12:21:51.131+0000] {subprocess.py:93} INFO - #17 0x55d8f0edbf28 <unknown>
[2024-10-09T12:21:51.135+0000] {subprocess.py:93} INFO - #18 0x55d8f0edc0f3 <unknown>
[2024-10-09T12:21:51.139+0000] {subprocess.py:93} INFO - #19 0x55d8f0eebe7c <unknown>
[2024-10-09T12:21:51.143+0000] {subprocess.py:93} INFO - #20 0x7fe5c120c144 <unknown>
[2024-10-09T12:21:51.147+0000] {subprocess.py:93} INFO - 
[2024-10-09T12:21:51.485+0000] {subprocess.py:93} INFO - INFO:root:Scraping finished, saving data to JSON...
[2024-10-09T12:21:51.495+0000] {subprocess.py:93} INFO - INFO:root:Data successfully saved to /opt/airflow/data/imdb_top.json
[2024-10-09T12:21:51.499+0000] {subprocess.py:93} INFO - INFO:root:Loading data from /opt/airflow/data/imdb_top.json into pandas DataFrame...
[2024-10-09T12:21:51.551+0000] {subprocess.py:93} INFO - INFO:root:Data successfully saved to /opt/airflow/data/imdb_top_20_indonesia.csv
[2024-10-09T12:21:51.554+0000] {subprocess.py:93} INFO - WARNING:urllib3.connectionpool:Retrying (Retry(total=2, connect=None, read=None, redirect=None, status=None)) after connection broken by 'NewConnectionError('<urllib3.connection.HTTPConnection object at 0x7f6e11a44ee0>: Failed to establish a new connection: [Errno 111] Connection refused')': /session/8d42eaf06e5758215519bffd2b5c7b16
[2024-10-09T12:21:51.557+0000] {subprocess.py:93} INFO - WARNING:urllib3.connectionpool:Retrying (Retry(total=1, connect=None, read=None, redirect=None, status=None)) after connection broken by 'NewConnectionError('<urllib3.connection.HTTPConnection object at 0x7f6e11a45060>: Failed to establish a new connection: [Errno 111] Connection refused')': /session/8d42eaf06e5758215519bffd2b5c7b16
[2024-10-09T12:21:51.560+0000] {subprocess.py:93} INFO - WARNING:urllib3.connectionpool:Retrying (Retry(total=0, connect=None, read=None, redirect=None, status=None)) after connection broken by 'NewConnectionError('<urllib3.connection.HTTPConnection object at 0x7f6e11a451b0>: Failed to establish a new connection: [Errno 111] Connection refused')': /session/8d42eaf06e5758215519bffd2b5c7b16
[2024-10-09T12:21:51.728+0000] {subprocess.py:97} INFO - Command exited with return code 0
[2024-10-09T12:21:51.779+0000] {taskinstance.py:340} INFO - ::group::Post task execution logs
[2024-10-09T12:21:51.783+0000] {taskinstance.py:352} INFO - Marking task as SUCCESS. dag_id=EL, task_id=extract, run_id=manual__2024-10-09T12:21:06.122514+00:00, execution_date=20241009T122106, start_date=20241009T122113, end_date=20241009T122151
[2024-10-09T12:21:51.847+0000] {local_task_job_runner.py:266} INFO - Task exited with return code 0
[2024-10-09T12:21:51.897+0000] {taskinstance.py:3900} INFO - 1 downstream tasks scheduled from follow-on schedule check
[2024-10-09T12:21:51.905+0000] {local_task_job_runner.py:245} INFO - ::endgroup::
