[2024-10-05T10:01:13.798+0000] {processor.py:161} INFO - Started process (PID=2060) to work on /opt/airflow/dags/scrape_dag.py
[2024-10-05T10:01:13.802+0000] {processor.py:830} INFO - Processing file /opt/airflow/dags/scrape_dag.py for tasks to queue
[2024-10-05T10:01:13.804+0000] {logging_mixin.py:188} INFO - [2024-10-05T10:01:13.804+0000] {dagbag.py:540} INFO - Filling up the DagBag from /opt/airflow/dags/scrape_dag.py
[2024-10-05T10:01:22.341+0000] {processor.py:840} INFO - DAG(s) 'EL' retrieved from /opt/airflow/dags/scrape_dag.py
[2024-10-05T10:01:22.887+0000] {logging_mixin.py:188} INFO - [2024-10-05T10:01:22.887+0000] {dag.py:3047} INFO - Sync 1 DAGs
[2024-10-05T10:01:22.969+0000] {logging_mixin.py:188} INFO - [2024-10-05T10:01:22.968+0000] {dag.py:3834} INFO - Setting next_dagrun for EL to None, run_after=None
[2024-10-05T10:01:25.365+0000] {processor.py:183} INFO - Processing /opt/airflow/dags/scrape_dag.py took 11.728 seconds
[2024-10-05T10:01:57.579+0000] {processor.py:161} INFO - Started process (PID=2073) to work on /opt/airflow/dags/scrape_dag.py
[2024-10-05T10:01:57.582+0000] {processor.py:830} INFO - Processing file /opt/airflow/dags/scrape_dag.py for tasks to queue
[2024-10-05T10:01:57.586+0000] {logging_mixin.py:188} INFO - [2024-10-05T10:01:57.585+0000] {dagbag.py:540} INFO - Filling up the DagBag from /opt/airflow/dags/scrape_dag.py
[2024-10-05T10:02:00.813+0000] {processor.py:840} INFO - DAG(s) 'EL' retrieved from /opt/airflow/dags/scrape_dag.py
[2024-10-05T10:02:00.870+0000] {logging_mixin.py:188} INFO - [2024-10-05T10:02:00.870+0000] {dag.py:3047} INFO - Sync 1 DAGs
[2024-10-05T10:02:01.047+0000] {logging_mixin.py:188} INFO - [2024-10-05T10:02:01.047+0000] {dag.py:3834} INFO - Setting next_dagrun for EL to None, run_after=None
[2024-10-05T10:02:01.113+0000] {processor.py:183} INFO - Processing /opt/airflow/dags/scrape_dag.py took 3.551 seconds
[2024-10-05T10:02:31.444+0000] {processor.py:161} INFO - Started process (PID=2086) to work on /opt/airflow/dags/scrape_dag.py
[2024-10-05T10:02:31.447+0000] {processor.py:830} INFO - Processing file /opt/airflow/dags/scrape_dag.py for tasks to queue
[2024-10-05T10:02:31.450+0000] {logging_mixin.py:188} INFO - [2024-10-05T10:02:31.449+0000] {dagbag.py:540} INFO - Filling up the DagBag from /opt/airflow/dags/scrape_dag.py
[2024-10-05T10:02:33.859+0000] {processor.py:840} INFO - DAG(s) 'EL' retrieved from /opt/airflow/dags/scrape_dag.py
[2024-10-05T10:02:33.900+0000] {logging_mixin.py:188} INFO - [2024-10-05T10:02:33.899+0000] {dag.py:3047} INFO - Sync 1 DAGs
[2024-10-05T10:02:33.935+0000] {logging_mixin.py:188} INFO - [2024-10-05T10:02:33.935+0000] {dag.py:3834} INFO - Setting next_dagrun for EL to None, run_after=None
[2024-10-05T10:02:33.973+0000] {processor.py:183} INFO - Processing /opt/airflow/dags/scrape_dag.py took 2.542 seconds
[2024-10-05T10:03:04.422+0000] {processor.py:161} INFO - Started process (PID=2099) to work on /opt/airflow/dags/scrape_dag.py
[2024-10-05T10:03:04.425+0000] {processor.py:830} INFO - Processing file /opt/airflow/dags/scrape_dag.py for tasks to queue
[2024-10-05T10:03:04.426+0000] {logging_mixin.py:188} INFO - [2024-10-05T10:03:04.426+0000] {dagbag.py:540} INFO - Filling up the DagBag from /opt/airflow/dags/scrape_dag.py
[2024-10-05T10:03:05.612+0000] {processor.py:840} INFO - DAG(s) 'EL' retrieved from /opt/airflow/dags/scrape_dag.py
[2024-10-05T10:03:05.661+0000] {logging_mixin.py:188} INFO - [2024-10-05T10:03:05.661+0000] {dag.py:3047} INFO - Sync 1 DAGs
[2024-10-05T10:03:05.685+0000] {logging_mixin.py:188} INFO - [2024-10-05T10:03:05.685+0000] {dag.py:3834} INFO - Setting next_dagrun for EL to None, run_after=None
[2024-10-05T10:03:05.725+0000] {processor.py:183} INFO - Processing /opt/airflow/dags/scrape_dag.py took 1.308 seconds
[2024-10-05T10:03:54.549+0000] {processor.py:161} INFO - Started process (PID=154) to work on /opt/airflow/dags/scrape_dag.py
[2024-10-05T10:03:54.551+0000] {processor.py:830} INFO - Processing file /opt/airflow/dags/scrape_dag.py for tasks to queue
[2024-10-05T10:03:54.553+0000] {logging_mixin.py:188} INFO - [2024-10-05T10:03:54.552+0000] {dagbag.py:540} INFO - Filling up the DagBag from /opt/airflow/dags/scrape_dag.py
[2024-10-05T10:03:56.902+0000] {processor.py:840} INFO - DAG(s) 'EL' retrieved from /opt/airflow/dags/scrape_dag.py
[2024-10-05T10:03:57.219+0000] {logging_mixin.py:188} INFO - [2024-10-05T10:03:57.218+0000] {override.py:1769} INFO - Created Permission View: can delete on DAG:EL
[2024-10-05T10:03:57.239+0000] {logging_mixin.py:188} INFO - [2024-10-05T10:03:57.239+0000] {override.py:1769} INFO - Created Permission View: can read on DAG:EL
[2024-10-05T10:03:57.251+0000] {logging_mixin.py:188} INFO - [2024-10-05T10:03:57.251+0000] {override.py:1769} INFO - Created Permission View: can edit on DAG:EL
[2024-10-05T10:03:57.252+0000] {logging_mixin.py:188} INFO - [2024-10-05T10:03:57.252+0000] {dag.py:3047} INFO - Sync 1 DAGs
[2024-10-05T10:03:57.268+0000] {logging_mixin.py:188} INFO - [2024-10-05T10:03:57.267+0000] {dag.py:3069} INFO - Creating ORM DAG for EL
[2024-10-05T10:03:57.376+0000] {logging_mixin.py:188} INFO - [2024-10-05T10:03:57.375+0000] {dag.py:3834} INFO - Setting next_dagrun for EL to 2024-10-04 00:00:00+00:00, run_after=2024-10-04 00:00:00+00:00
[2024-10-05T10:03:57.411+0000] {processor.py:183} INFO - Processing /opt/airflow/dags/scrape_dag.py took 2.868 seconds
[2024-10-05T10:04:27.773+0000] {processor.py:161} INFO - Started process (PID=212) to work on /opt/airflow/dags/scrape_dag.py
[2024-10-05T10:04:27.775+0000] {processor.py:830} INFO - Processing file /opt/airflow/dags/scrape_dag.py for tasks to queue
[2024-10-05T10:04:27.782+0000] {logging_mixin.py:188} INFO - [2024-10-05T10:04:27.782+0000] {dagbag.py:540} INFO - Filling up the DagBag from /opt/airflow/dags/scrape_dag.py
[2024-10-05T10:04:29.597+0000] {processor.py:840} INFO - DAG(s) 'EL' retrieved from /opt/airflow/dags/scrape_dag.py
[2024-10-05T10:04:29.628+0000] {logging_mixin.py:188} INFO - [2024-10-05T10:04:29.628+0000] {dag.py:3047} INFO - Sync 1 DAGs
[2024-10-05T10:04:29.664+0000] {logging_mixin.py:188} INFO - [2024-10-05T10:04:29.663+0000] {dag.py:3834} INFO - Setting next_dagrun for EL to None, run_after=None
[2024-10-05T10:04:29.708+0000] {processor.py:183} INFO - Processing /opt/airflow/dags/scrape_dag.py took 1.946 seconds
[2024-10-05T10:05:00.001+0000] {processor.py:161} INFO - Started process (PID=585) to work on /opt/airflow/dags/scrape_dag.py
[2024-10-05T10:05:00.003+0000] {processor.py:830} INFO - Processing file /opt/airflow/dags/scrape_dag.py for tasks to queue
[2024-10-05T10:05:00.004+0000] {logging_mixin.py:188} INFO - [2024-10-05T10:05:00.004+0000] {dagbag.py:540} INFO - Filling up the DagBag from /opt/airflow/dags/scrape_dag.py
[2024-10-05T10:05:01.271+0000] {processor.py:840} INFO - DAG(s) 'EL' retrieved from /opt/airflow/dags/scrape_dag.py
[2024-10-05T10:05:01.306+0000] {logging_mixin.py:188} INFO - [2024-10-05T10:05:01.305+0000] {dag.py:3047} INFO - Sync 1 DAGs
[2024-10-05T10:05:01.339+0000] {logging_mixin.py:188} INFO - [2024-10-05T10:05:01.339+0000] {dag.py:3834} INFO - Setting next_dagrun for EL to None, run_after=None
[2024-10-05T10:05:01.369+0000] {processor.py:183} INFO - Processing /opt/airflow/dags/scrape_dag.py took 1.372 seconds
[2024-10-05T10:05:31.466+0000] {processor.py:161} INFO - Started process (PID=619) to work on /opt/airflow/dags/scrape_dag.py
[2024-10-05T10:05:31.469+0000] {processor.py:830} INFO - Processing file /opt/airflow/dags/scrape_dag.py for tasks to queue
[2024-10-05T10:05:31.471+0000] {logging_mixin.py:188} INFO - [2024-10-05T10:05:31.470+0000] {dagbag.py:540} INFO - Filling up the DagBag from /opt/airflow/dags/scrape_dag.py
[2024-10-05T10:05:32.712+0000] {processor.py:840} INFO - DAG(s) 'EL' retrieved from /opt/airflow/dags/scrape_dag.py
[2024-10-05T10:05:32.740+0000] {logging_mixin.py:188} INFO - [2024-10-05T10:05:32.740+0000] {dag.py:3047} INFO - Sync 1 DAGs
[2024-10-05T10:05:32.779+0000] {logging_mixin.py:188} INFO - [2024-10-05T10:05:32.778+0000] {dag.py:3834} INFO - Setting next_dagrun for EL to None, run_after=None
[2024-10-05T10:05:32.841+0000] {processor.py:183} INFO - Processing /opt/airflow/dags/scrape_dag.py took 1.381 seconds
[2024-10-05T10:06:02.933+0000] {processor.py:161} INFO - Started process (PID=632) to work on /opt/airflow/dags/scrape_dag.py
[2024-10-05T10:06:02.935+0000] {processor.py:830} INFO - Processing file /opt/airflow/dags/scrape_dag.py for tasks to queue
[2024-10-05T10:06:02.937+0000] {logging_mixin.py:188} INFO - [2024-10-05T10:06:02.936+0000] {dagbag.py:540} INFO - Filling up the DagBag from /opt/airflow/dags/scrape_dag.py
[2024-10-05T10:06:04.214+0000] {processor.py:840} INFO - DAG(s) 'EL' retrieved from /opt/airflow/dags/scrape_dag.py
[2024-10-05T10:06:04.250+0000] {logging_mixin.py:188} INFO - [2024-10-05T10:06:04.250+0000] {dag.py:3047} INFO - Sync 1 DAGs
[2024-10-05T10:06:04.292+0000] {logging_mixin.py:188} INFO - [2024-10-05T10:06:04.291+0000] {dag.py:3834} INFO - Setting next_dagrun for EL to None, run_after=None
[2024-10-05T10:06:04.348+0000] {processor.py:183} INFO - Processing /opt/airflow/dags/scrape_dag.py took 1.420 seconds
[2024-10-05T10:06:34.472+0000] {processor.py:161} INFO - Started process (PID=645) to work on /opt/airflow/dags/scrape_dag.py
[2024-10-05T10:06:34.474+0000] {processor.py:830} INFO - Processing file /opt/airflow/dags/scrape_dag.py for tasks to queue
[2024-10-05T10:06:34.476+0000] {logging_mixin.py:188} INFO - [2024-10-05T10:06:34.475+0000] {dagbag.py:540} INFO - Filling up the DagBag from /opt/airflow/dags/scrape_dag.py
[2024-10-05T10:06:35.577+0000] {processor.py:840} INFO - DAG(s) 'EL' retrieved from /opt/airflow/dags/scrape_dag.py
[2024-10-05T10:06:35.601+0000] {logging_mixin.py:188} INFO - [2024-10-05T10:06:35.600+0000] {dag.py:3047} INFO - Sync 1 DAGs
[2024-10-05T10:06:35.623+0000] {logging_mixin.py:188} INFO - [2024-10-05T10:06:35.623+0000] {dag.py:3834} INFO - Setting next_dagrun for EL to None, run_after=None
[2024-10-05T10:06:35.648+0000] {processor.py:183} INFO - Processing /opt/airflow/dags/scrape_dag.py took 1.179 seconds
[2024-10-05T10:07:06.032+0000] {processor.py:161} INFO - Started process (PID=658) to work on /opt/airflow/dags/scrape_dag.py
[2024-10-05T10:07:06.033+0000] {processor.py:830} INFO - Processing file /opt/airflow/dags/scrape_dag.py for tasks to queue
[2024-10-05T10:07:06.035+0000] {logging_mixin.py:188} INFO - [2024-10-05T10:07:06.035+0000] {dagbag.py:540} INFO - Filling up the DagBag from /opt/airflow/dags/scrape_dag.py
[2024-10-05T10:07:07.094+0000] {processor.py:840} INFO - DAG(s) 'EL' retrieved from /opt/airflow/dags/scrape_dag.py
[2024-10-05T10:07:07.122+0000] {logging_mixin.py:188} INFO - [2024-10-05T10:07:07.122+0000] {dag.py:3047} INFO - Sync 1 DAGs
[2024-10-05T10:07:07.243+0000] {logging_mixin.py:188} INFO - [2024-10-05T10:07:07.243+0000] {dag.py:3834} INFO - Setting next_dagrun for EL to None, run_after=None
[2024-10-05T10:07:07.296+0000] {processor.py:183} INFO - Processing /opt/airflow/dags/scrape_dag.py took 1.267 seconds
[2024-10-05T10:07:37.671+0000] {processor.py:161} INFO - Started process (PID=671) to work on /opt/airflow/dags/scrape_dag.py
[2024-10-05T10:07:37.674+0000] {processor.py:830} INFO - Processing file /opt/airflow/dags/scrape_dag.py for tasks to queue
[2024-10-05T10:07:37.676+0000] {logging_mixin.py:188} INFO - [2024-10-05T10:07:37.676+0000] {dagbag.py:540} INFO - Filling up the DagBag from /opt/airflow/dags/scrape_dag.py
[2024-10-05T10:07:38.802+0000] {processor.py:840} INFO - DAG(s) 'EL' retrieved from /opt/airflow/dags/scrape_dag.py
[2024-10-05T10:07:38.829+0000] {logging_mixin.py:188} INFO - [2024-10-05T10:07:38.828+0000] {dag.py:3047} INFO - Sync 1 DAGs
[2024-10-05T10:07:38.856+0000] {logging_mixin.py:188} INFO - [2024-10-05T10:07:38.855+0000] {dag.py:3834} INFO - Setting next_dagrun for EL to None, run_after=None
[2024-10-05T10:07:38.893+0000] {processor.py:183} INFO - Processing /opt/airflow/dags/scrape_dag.py took 1.231 seconds
[2024-10-05T10:08:09.247+0000] {processor.py:161} INFO - Started process (PID=684) to work on /opt/airflow/dags/scrape_dag.py
[2024-10-05T10:08:09.250+0000] {processor.py:830} INFO - Processing file /opt/airflow/dags/scrape_dag.py for tasks to queue
[2024-10-05T10:08:09.254+0000] {logging_mixin.py:188} INFO - [2024-10-05T10:08:09.253+0000] {dagbag.py:540} INFO - Filling up the DagBag from /opt/airflow/dags/scrape_dag.py
[2024-10-05T10:08:10.502+0000] {processor.py:840} INFO - DAG(s) 'EL' retrieved from /opt/airflow/dags/scrape_dag.py
[2024-10-05T10:08:10.532+0000] {logging_mixin.py:188} INFO - [2024-10-05T10:08:10.531+0000] {dag.py:3047} INFO - Sync 1 DAGs
[2024-10-05T10:08:10.557+0000] {logging_mixin.py:188} INFO - [2024-10-05T10:08:10.556+0000] {dag.py:3834} INFO - Setting next_dagrun for EL to None, run_after=None
[2024-10-05T10:08:10.596+0000] {processor.py:183} INFO - Processing /opt/airflow/dags/scrape_dag.py took 1.361 seconds
[2024-10-05T10:08:40.911+0000] {processor.py:161} INFO - Started process (PID=697) to work on /opt/airflow/dags/scrape_dag.py
[2024-10-05T10:08:40.913+0000] {processor.py:830} INFO - Processing file /opt/airflow/dags/scrape_dag.py for tasks to queue
[2024-10-05T10:08:40.915+0000] {logging_mixin.py:188} INFO - [2024-10-05T10:08:40.914+0000] {dagbag.py:540} INFO - Filling up the DagBag from /opt/airflow/dags/scrape_dag.py
[2024-10-05T10:08:42.085+0000] {processor.py:840} INFO - DAG(s) 'EL' retrieved from /opt/airflow/dags/scrape_dag.py
[2024-10-05T10:08:42.114+0000] {logging_mixin.py:188} INFO - [2024-10-05T10:08:42.114+0000] {dag.py:3047} INFO - Sync 1 DAGs
[2024-10-05T10:08:42.138+0000] {logging_mixin.py:188} INFO - [2024-10-05T10:08:42.138+0000] {dag.py:3834} INFO - Setting next_dagrun for EL to None, run_after=None
[2024-10-05T10:08:42.163+0000] {processor.py:183} INFO - Processing /opt/airflow/dags/scrape_dag.py took 1.256 seconds
[2024-10-05T10:28:50.866+0000] {processor.py:161} INFO - Started process (PID=155) to work on /opt/airflow/dags/scrape_dag.py
[2024-10-05T10:28:50.867+0000] {processor.py:830} INFO - Processing file /opt/airflow/dags/scrape_dag.py for tasks to queue
[2024-10-05T10:28:50.869+0000] {logging_mixin.py:188} INFO - [2024-10-05T10:28:50.868+0000] {dagbag.py:540} INFO - Filling up the DagBag from /opt/airflow/dags/scrape_dag.py
[2024-10-05T10:28:53.650+0000] {processor.py:840} INFO - DAG(s) 'EL' retrieved from /opt/airflow/dags/scrape_dag.py
[2024-10-05T10:28:53.890+0000] {logging_mixin.py:188} INFO - [2024-10-05T10:28:53.889+0000] {override.py:1769} INFO - Created Permission View: can read on DAG:EL
[2024-10-05T10:28:53.905+0000] {logging_mixin.py:188} INFO - [2024-10-05T10:28:53.904+0000] {override.py:1769} INFO - Created Permission View: can edit on DAG:EL
[2024-10-05T10:28:53.916+0000] {logging_mixin.py:188} INFO - [2024-10-05T10:28:53.915+0000] {override.py:1769} INFO - Created Permission View: can delete on DAG:EL
[2024-10-05T10:28:53.917+0000] {logging_mixin.py:188} INFO - [2024-10-05T10:28:53.916+0000] {dag.py:3047} INFO - Sync 1 DAGs
[2024-10-05T10:28:53.932+0000] {logging_mixin.py:188} INFO - [2024-10-05T10:28:53.932+0000] {dag.py:3069} INFO - Creating ORM DAG for EL
[2024-10-05T10:28:54.035+0000] {logging_mixin.py:188} INFO - [2024-10-05T10:28:54.034+0000] {dag.py:3834} INFO - Setting next_dagrun for EL to 2024-10-04 00:00:00+00:00, run_after=2024-10-04 00:00:00+00:00
[2024-10-05T10:28:54.060+0000] {processor.py:183} INFO - Processing /opt/airflow/dags/scrape_dag.py took 3.199 seconds
[2024-10-05T10:29:24.207+0000] {processor.py:161} INFO - Started process (PID=235) to work on /opt/airflow/dags/scrape_dag.py
[2024-10-05T10:29:24.208+0000] {processor.py:830} INFO - Processing file /opt/airflow/dags/scrape_dag.py for tasks to queue
[2024-10-05T10:29:24.210+0000] {logging_mixin.py:188} INFO - [2024-10-05T10:29:24.209+0000] {dagbag.py:540} INFO - Filling up the DagBag from /opt/airflow/dags/scrape_dag.py
[2024-10-05T10:29:25.488+0000] {processor.py:840} INFO - DAG(s) 'EL' retrieved from /opt/airflow/dags/scrape_dag.py
[2024-10-05T10:29:25.515+0000] {logging_mixin.py:188} INFO - [2024-10-05T10:29:25.515+0000] {dag.py:3047} INFO - Sync 1 DAGs
[2024-10-05T10:29:25.541+0000] {logging_mixin.py:188} INFO - [2024-10-05T10:29:25.541+0000] {dag.py:3834} INFO - Setting next_dagrun for EL to None, run_after=None
[2024-10-05T10:29:25.583+0000] {processor.py:183} INFO - Processing /opt/airflow/dags/scrape_dag.py took 1.382 seconds
[2024-10-05T10:29:56.083+0000] {processor.py:161} INFO - Started process (PID=248) to work on /opt/airflow/dags/scrape_dag.py
[2024-10-05T10:29:56.085+0000] {processor.py:830} INFO - Processing file /opt/airflow/dags/scrape_dag.py for tasks to queue
[2024-10-05T10:29:56.088+0000] {logging_mixin.py:188} INFO - [2024-10-05T10:29:56.087+0000] {dagbag.py:540} INFO - Filling up the DagBag from /opt/airflow/dags/scrape_dag.py
[2024-10-05T10:29:57.203+0000] {processor.py:840} INFO - DAG(s) 'EL' retrieved from /opt/airflow/dags/scrape_dag.py
[2024-10-05T10:29:57.236+0000] {logging_mixin.py:188} INFO - [2024-10-05T10:29:57.235+0000] {dag.py:3047} INFO - Sync 1 DAGs
[2024-10-05T10:29:57.261+0000] {logging_mixin.py:188} INFO - [2024-10-05T10:29:57.261+0000] {dag.py:3834} INFO - Setting next_dagrun for EL to None, run_after=None
[2024-10-05T10:29:57.316+0000] {processor.py:183} INFO - Processing /opt/airflow/dags/scrape_dag.py took 1.247 seconds
[2024-10-05T10:30:27.638+0000] {processor.py:161} INFO - Started process (PID=261) to work on /opt/airflow/dags/scrape_dag.py
[2024-10-05T10:30:27.641+0000] {processor.py:830} INFO - Processing file /opt/airflow/dags/scrape_dag.py for tasks to queue
[2024-10-05T10:30:27.644+0000] {logging_mixin.py:188} INFO - [2024-10-05T10:30:27.643+0000] {dagbag.py:540} INFO - Filling up the DagBag from /opt/airflow/dags/scrape_dag.py
[2024-10-05T10:30:28.789+0000] {processor.py:840} INFO - DAG(s) 'EL' retrieved from /opt/airflow/dags/scrape_dag.py
[2024-10-05T10:30:28.815+0000] {logging_mixin.py:188} INFO - [2024-10-05T10:30:28.815+0000] {dag.py:3047} INFO - Sync 1 DAGs
[2024-10-05T10:30:28.841+0000] {logging_mixin.py:188} INFO - [2024-10-05T10:30:28.841+0000] {dag.py:3834} INFO - Setting next_dagrun for EL to None, run_after=None
[2024-10-05T10:30:28.888+0000] {processor.py:183} INFO - Processing /opt/airflow/dags/scrape_dag.py took 1.259 seconds
[2024-10-05T10:30:59.226+0000] {processor.py:161} INFO - Started process (PID=274) to work on /opt/airflow/dags/scrape_dag.py
[2024-10-05T10:30:59.230+0000] {processor.py:830} INFO - Processing file /opt/airflow/dags/scrape_dag.py for tasks to queue
[2024-10-05T10:30:59.234+0000] {logging_mixin.py:188} INFO - [2024-10-05T10:30:59.233+0000] {dagbag.py:540} INFO - Filling up the DagBag from /opt/airflow/dags/scrape_dag.py
[2024-10-05T10:31:00.637+0000] {processor.py:840} INFO - DAG(s) 'EL' retrieved from /opt/airflow/dags/scrape_dag.py
[2024-10-05T10:31:00.668+0000] {logging_mixin.py:188} INFO - [2024-10-05T10:31:00.668+0000] {dag.py:3047} INFO - Sync 1 DAGs
[2024-10-05T10:31:00.698+0000] {logging_mixin.py:188} INFO - [2024-10-05T10:31:00.698+0000] {dag.py:3834} INFO - Setting next_dagrun for EL to None, run_after=None
[2024-10-05T10:31:00.727+0000] {processor.py:183} INFO - Processing /opt/airflow/dags/scrape_dag.py took 1.511 seconds
[2024-10-05T10:31:31.054+0000] {processor.py:161} INFO - Started process (PID=513) to work on /opt/airflow/dags/scrape_dag.py
[2024-10-05T10:31:31.057+0000] {processor.py:830} INFO - Processing file /opt/airflow/dags/scrape_dag.py for tasks to queue
[2024-10-05T10:31:31.061+0000] {logging_mixin.py:188} INFO - [2024-10-05T10:31:31.060+0000] {dagbag.py:540} INFO - Filling up the DagBag from /opt/airflow/dags/scrape_dag.py
[2024-10-05T10:31:33.384+0000] {processor.py:840} INFO - DAG(s) 'EL' retrieved from /opt/airflow/dags/scrape_dag.py
[2024-10-05T10:31:33.481+0000] {logging_mixin.py:188} INFO - [2024-10-05T10:31:33.480+0000] {dag.py:3047} INFO - Sync 1 DAGs
[2024-10-05T10:31:33.579+0000] {logging_mixin.py:188} INFO - [2024-10-05T10:31:33.579+0000] {dag.py:3834} INFO - Setting next_dagrun for EL to None, run_after=None
[2024-10-05T10:31:33.706+0000] {processor.py:183} INFO - Processing /opt/airflow/dags/scrape_dag.py took 2.666 seconds
[2024-10-05T10:32:04.105+0000] {processor.py:161} INFO - Started process (PID=530) to work on /opt/airflow/dags/scrape_dag.py
[2024-10-05T10:32:04.108+0000] {processor.py:830} INFO - Processing file /opt/airflow/dags/scrape_dag.py for tasks to queue
[2024-10-05T10:32:04.110+0000] {logging_mixin.py:188} INFO - [2024-10-05T10:32:04.109+0000] {dagbag.py:540} INFO - Filling up the DagBag from /opt/airflow/dags/scrape_dag.py
[2024-10-05T10:32:05.311+0000] {processor.py:840} INFO - DAG(s) 'EL' retrieved from /opt/airflow/dags/scrape_dag.py
[2024-10-05T10:32:05.374+0000] {logging_mixin.py:188} INFO - [2024-10-05T10:32:05.374+0000] {dag.py:3047} INFO - Sync 1 DAGs
[2024-10-05T10:32:05.496+0000] {logging_mixin.py:188} INFO - [2024-10-05T10:32:05.495+0000] {dag.py:3834} INFO - Setting next_dagrun for EL to None, run_after=None
[2024-10-05T10:32:05.523+0000] {processor.py:183} INFO - Processing /opt/airflow/dags/scrape_dag.py took 1.425 seconds
[2024-10-05T10:32:35.883+0000] {processor.py:161} INFO - Started process (PID=543) to work on /opt/airflow/dags/scrape_dag.py
[2024-10-05T10:32:35.886+0000] {processor.py:830} INFO - Processing file /opt/airflow/dags/scrape_dag.py for tasks to queue
[2024-10-05T10:32:35.888+0000] {logging_mixin.py:188} INFO - [2024-10-05T10:32:35.887+0000] {dagbag.py:540} INFO - Filling up the DagBag from /opt/airflow/dags/scrape_dag.py
[2024-10-05T10:32:37.008+0000] {processor.py:840} INFO - DAG(s) 'EL' retrieved from /opt/airflow/dags/scrape_dag.py
[2024-10-05T10:32:37.035+0000] {logging_mixin.py:188} INFO - [2024-10-05T10:32:37.035+0000] {dag.py:3047} INFO - Sync 1 DAGs
[2024-10-05T10:32:37.058+0000] {logging_mixin.py:188} INFO - [2024-10-05T10:32:37.057+0000] {dag.py:3834} INFO - Setting next_dagrun for EL to None, run_after=None
[2024-10-05T10:32:37.100+0000] {processor.py:183} INFO - Processing /opt/airflow/dags/scrape_dag.py took 1.230 seconds
[2024-10-05T10:33:07.278+0000] {processor.py:161} INFO - Started process (PID=556) to work on /opt/airflow/dags/scrape_dag.py
[2024-10-05T10:33:07.285+0000] {processor.py:830} INFO - Processing file /opt/airflow/dags/scrape_dag.py for tasks to queue
[2024-10-05T10:33:07.291+0000] {logging_mixin.py:188} INFO - [2024-10-05T10:33:07.289+0000] {dagbag.py:540} INFO - Filling up the DagBag from /opt/airflow/dags/scrape_dag.py
[2024-10-05T10:33:08.514+0000] {processor.py:840} INFO - DAG(s) 'EL' retrieved from /opt/airflow/dags/scrape_dag.py
[2024-10-05T10:33:08.542+0000] {logging_mixin.py:188} INFO - [2024-10-05T10:33:08.541+0000] {dag.py:3047} INFO - Sync 1 DAGs
[2024-10-05T10:33:08.568+0000] {logging_mixin.py:188} INFO - [2024-10-05T10:33:08.568+0000] {dag.py:3834} INFO - Setting next_dagrun for EL to None, run_after=None
[2024-10-05T10:33:08.616+0000] {processor.py:183} INFO - Processing /opt/airflow/dags/scrape_dag.py took 1.357 seconds
[2024-10-05T10:33:38.763+0000] {processor.py:161} INFO - Started process (PID=569) to work on /opt/airflow/dags/scrape_dag.py
[2024-10-05T10:33:38.764+0000] {processor.py:830} INFO - Processing file /opt/airflow/dags/scrape_dag.py for tasks to queue
[2024-10-05T10:33:38.766+0000] {logging_mixin.py:188} INFO - [2024-10-05T10:33:38.765+0000] {dagbag.py:540} INFO - Filling up the DagBag from /opt/airflow/dags/scrape_dag.py
[2024-10-05T10:33:40.070+0000] {processor.py:840} INFO - DAG(s) 'EL' retrieved from /opt/airflow/dags/scrape_dag.py
[2024-10-05T10:33:40.100+0000] {logging_mixin.py:188} INFO - [2024-10-05T10:33:40.099+0000] {dag.py:3047} INFO - Sync 1 DAGs
[2024-10-05T10:33:40.124+0000] {logging_mixin.py:188} INFO - [2024-10-05T10:33:40.124+0000] {dag.py:3834} INFO - Setting next_dagrun for EL to None, run_after=None
[2024-10-05T10:33:40.163+0000] {processor.py:183} INFO - Processing /opt/airflow/dags/scrape_dag.py took 1.404 seconds
[2024-10-05T10:34:10.420+0000] {processor.py:161} INFO - Started process (PID=582) to work on /opt/airflow/dags/scrape_dag.py
[2024-10-05T10:34:10.423+0000] {processor.py:830} INFO - Processing file /opt/airflow/dags/scrape_dag.py for tasks to queue
[2024-10-05T10:34:10.426+0000] {logging_mixin.py:188} INFO - [2024-10-05T10:34:10.425+0000] {dagbag.py:540} INFO - Filling up the DagBag from /opt/airflow/dags/scrape_dag.py
[2024-10-05T10:34:11.485+0000] {processor.py:840} INFO - DAG(s) 'EL' retrieved from /opt/airflow/dags/scrape_dag.py
[2024-10-05T10:34:11.512+0000] {logging_mixin.py:188} INFO - [2024-10-05T10:34:11.512+0000] {dag.py:3047} INFO - Sync 1 DAGs
[2024-10-05T10:34:11.537+0000] {logging_mixin.py:188} INFO - [2024-10-05T10:34:11.537+0000] {dag.py:3834} INFO - Setting next_dagrun for EL to None, run_after=None
[2024-10-05T10:34:11.584+0000] {processor.py:183} INFO - Processing /opt/airflow/dags/scrape_dag.py took 1.181 seconds
[2024-10-05T10:34:41.839+0000] {processor.py:161} INFO - Started process (PID=595) to work on /opt/airflow/dags/scrape_dag.py
[2024-10-05T10:34:41.840+0000] {processor.py:830} INFO - Processing file /opt/airflow/dags/scrape_dag.py for tasks to queue
[2024-10-05T10:34:41.841+0000] {logging_mixin.py:188} INFO - [2024-10-05T10:34:41.841+0000] {dagbag.py:540} INFO - Filling up the DagBag from /opt/airflow/dags/scrape_dag.py
[2024-10-05T10:34:42.938+0000] {processor.py:840} INFO - DAG(s) 'EL' retrieved from /opt/airflow/dags/scrape_dag.py
[2024-10-05T10:34:42.962+0000] {logging_mixin.py:188} INFO - [2024-10-05T10:34:42.962+0000] {dag.py:3047} INFO - Sync 1 DAGs
[2024-10-05T10:34:42.989+0000] {logging_mixin.py:188} INFO - [2024-10-05T10:34:42.989+0000] {dag.py:3834} INFO - Setting next_dagrun for EL to None, run_after=None
[2024-10-05T10:34:43.132+0000] {processor.py:183} INFO - Processing /opt/airflow/dags/scrape_dag.py took 1.298 seconds
[2024-10-05T10:35:13.337+0000] {processor.py:161} INFO - Started process (PID=608) to work on /opt/airflow/dags/scrape_dag.py
[2024-10-05T10:35:13.340+0000] {processor.py:830} INFO - Processing file /opt/airflow/dags/scrape_dag.py for tasks to queue
[2024-10-05T10:35:13.344+0000] {logging_mixin.py:188} INFO - [2024-10-05T10:35:13.343+0000] {dagbag.py:540} INFO - Filling up the DagBag from /opt/airflow/dags/scrape_dag.py
[2024-10-05T10:35:14.541+0000] {processor.py:840} INFO - DAG(s) 'EL' retrieved from /opt/airflow/dags/scrape_dag.py
[2024-10-05T10:35:14.566+0000] {logging_mixin.py:188} INFO - [2024-10-05T10:35:14.566+0000] {dag.py:3047} INFO - Sync 1 DAGs
[2024-10-05T10:35:14.702+0000] {logging_mixin.py:188} INFO - [2024-10-05T10:35:14.702+0000] {dag.py:3834} INFO - Setting next_dagrun for EL to None, run_after=None
[2024-10-05T10:35:14.757+0000] {processor.py:183} INFO - Processing /opt/airflow/dags/scrape_dag.py took 1.439 seconds
[2024-10-05T10:35:45.164+0000] {processor.py:161} INFO - Started process (PID=621) to work on /opt/airflow/dags/scrape_dag.py
[2024-10-05T10:35:45.166+0000] {processor.py:830} INFO - Processing file /opt/airflow/dags/scrape_dag.py for tasks to queue
[2024-10-05T10:35:45.169+0000] {logging_mixin.py:188} INFO - [2024-10-05T10:35:45.168+0000] {dagbag.py:540} INFO - Filling up the DagBag from /opt/airflow/dags/scrape_dag.py
[2024-10-05T10:35:46.295+0000] {processor.py:840} INFO - DAG(s) 'EL' retrieved from /opt/airflow/dags/scrape_dag.py
[2024-10-05T10:35:46.320+0000] {logging_mixin.py:188} INFO - [2024-10-05T10:35:46.320+0000] {dag.py:3047} INFO - Sync 1 DAGs
[2024-10-05T10:35:46.342+0000] {logging_mixin.py:188} INFO - [2024-10-05T10:35:46.341+0000] {dag.py:3834} INFO - Setting next_dagrun for EL to None, run_after=None
[2024-10-05T10:35:46.386+0000] {processor.py:183} INFO - Processing /opt/airflow/dags/scrape_dag.py took 1.231 seconds
[2024-10-05T10:36:16.705+0000] {processor.py:161} INFO - Started process (PID=634) to work on /opt/airflow/dags/scrape_dag.py
[2024-10-05T10:36:16.706+0000] {processor.py:830} INFO - Processing file /opt/airflow/dags/scrape_dag.py for tasks to queue
[2024-10-05T10:36:16.708+0000] {logging_mixin.py:188} INFO - [2024-10-05T10:36:16.707+0000] {dagbag.py:540} INFO - Filling up the DagBag from /opt/airflow/dags/scrape_dag.py
[2024-10-05T10:36:17.817+0000] {processor.py:840} INFO - DAG(s) 'EL' retrieved from /opt/airflow/dags/scrape_dag.py
[2024-10-05T10:36:17.842+0000] {logging_mixin.py:188} INFO - [2024-10-05T10:36:17.841+0000] {dag.py:3047} INFO - Sync 1 DAGs
[2024-10-05T10:36:17.866+0000] {logging_mixin.py:188} INFO - [2024-10-05T10:36:17.865+0000] {dag.py:3834} INFO - Setting next_dagrun for EL to None, run_after=None
[2024-10-05T10:36:17.901+0000] {processor.py:183} INFO - Processing /opt/airflow/dags/scrape_dag.py took 1.200 seconds
[2024-10-05T10:36:48.034+0000] {processor.py:161} INFO - Started process (PID=647) to work on /opt/airflow/dags/scrape_dag.py
[2024-10-05T10:36:48.037+0000] {processor.py:830} INFO - Processing file /opt/airflow/dags/scrape_dag.py for tasks to queue
[2024-10-05T10:36:48.040+0000] {logging_mixin.py:188} INFO - [2024-10-05T10:36:48.039+0000] {dagbag.py:540} INFO - Filling up the DagBag from /opt/airflow/dags/scrape_dag.py
[2024-10-05T10:36:49.224+0000] {processor.py:840} INFO - DAG(s) 'EL' retrieved from /opt/airflow/dags/scrape_dag.py
[2024-10-05T10:36:49.261+0000] {logging_mixin.py:188} INFO - [2024-10-05T10:36:49.260+0000] {dag.py:3047} INFO - Sync 1 DAGs
[2024-10-05T10:36:49.306+0000] {logging_mixin.py:188} INFO - [2024-10-05T10:36:49.306+0000] {dag.py:3834} INFO - Setting next_dagrun for EL to None, run_after=None
[2024-10-05T10:36:49.360+0000] {processor.py:183} INFO - Processing /opt/airflow/dags/scrape_dag.py took 1.337 seconds
[2024-10-05T10:37:19.531+0000] {processor.py:161} INFO - Started process (PID=660) to work on /opt/airflow/dags/scrape_dag.py
[2024-10-05T10:37:19.533+0000] {processor.py:830} INFO - Processing file /opt/airflow/dags/scrape_dag.py for tasks to queue
[2024-10-05T10:37:19.535+0000] {logging_mixin.py:188} INFO - [2024-10-05T10:37:19.534+0000] {dagbag.py:540} INFO - Filling up the DagBag from /opt/airflow/dags/scrape_dag.py
[2024-10-05T10:37:20.903+0000] {processor.py:840} INFO - DAG(s) 'EL' retrieved from /opt/airflow/dags/scrape_dag.py
[2024-10-05T10:37:20.929+0000] {logging_mixin.py:188} INFO - [2024-10-05T10:37:20.928+0000] {dag.py:3047} INFO - Sync 1 DAGs
[2024-10-05T10:37:20.961+0000] {logging_mixin.py:188} INFO - [2024-10-05T10:37:20.960+0000] {dag.py:3834} INFO - Setting next_dagrun for EL to None, run_after=None
[2024-10-05T10:37:20.987+0000] {processor.py:183} INFO - Processing /opt/airflow/dags/scrape_dag.py took 1.461 seconds
[2024-10-05T10:37:51.327+0000] {processor.py:161} INFO - Started process (PID=673) to work on /opt/airflow/dags/scrape_dag.py
[2024-10-05T10:37:51.328+0000] {processor.py:830} INFO - Processing file /opt/airflow/dags/scrape_dag.py for tasks to queue
[2024-10-05T10:37:51.329+0000] {logging_mixin.py:188} INFO - [2024-10-05T10:37:51.329+0000] {dagbag.py:540} INFO - Filling up the DagBag from /opt/airflow/dags/scrape_dag.py
[2024-10-05T10:37:52.533+0000] {processor.py:840} INFO - DAG(s) 'EL' retrieved from /opt/airflow/dags/scrape_dag.py
[2024-10-05T10:37:52.561+0000] {logging_mixin.py:188} INFO - [2024-10-05T10:37:52.560+0000] {dag.py:3047} INFO - Sync 1 DAGs
[2024-10-05T10:37:52.684+0000] {logging_mixin.py:188} INFO - [2024-10-05T10:37:52.684+0000] {dag.py:3834} INFO - Setting next_dagrun for EL to None, run_after=None
[2024-10-05T10:37:52.738+0000] {processor.py:183} INFO - Processing /opt/airflow/dags/scrape_dag.py took 1.415 seconds
[2024-10-05T10:38:23.135+0000] {processor.py:161} INFO - Started process (PID=686) to work on /opt/airflow/dags/scrape_dag.py
[2024-10-05T10:38:23.137+0000] {processor.py:830} INFO - Processing file /opt/airflow/dags/scrape_dag.py for tasks to queue
[2024-10-05T10:38:23.139+0000] {logging_mixin.py:188} INFO - [2024-10-05T10:38:23.138+0000] {dagbag.py:540} INFO - Filling up the DagBag from /opt/airflow/dags/scrape_dag.py
[2024-10-05T10:38:24.229+0000] {processor.py:840} INFO - DAG(s) 'EL' retrieved from /opt/airflow/dags/scrape_dag.py
[2024-10-05T10:38:24.276+0000] {logging_mixin.py:188} INFO - [2024-10-05T10:38:24.276+0000] {dag.py:3047} INFO - Sync 1 DAGs
[2024-10-05T10:38:24.303+0000] {logging_mixin.py:188} INFO - [2024-10-05T10:38:24.303+0000] {dag.py:3834} INFO - Setting next_dagrun for EL to None, run_after=None
[2024-10-05T10:38:24.343+0000] {processor.py:183} INFO - Processing /opt/airflow/dags/scrape_dag.py took 1.212 seconds
[2024-10-05T10:38:54.557+0000] {processor.py:161} INFO - Started process (PID=699) to work on /opt/airflow/dags/scrape_dag.py
[2024-10-05T10:38:54.559+0000] {processor.py:830} INFO - Processing file /opt/airflow/dags/scrape_dag.py for tasks to queue
[2024-10-05T10:38:54.562+0000] {logging_mixin.py:188} INFO - [2024-10-05T10:38:54.561+0000] {dagbag.py:540} INFO - Filling up the DagBag from /opt/airflow/dags/scrape_dag.py
[2024-10-05T10:38:55.684+0000] {processor.py:840} INFO - DAG(s) 'EL' retrieved from /opt/airflow/dags/scrape_dag.py
[2024-10-05T10:38:55.710+0000] {logging_mixin.py:188} INFO - [2024-10-05T10:38:55.709+0000] {dag.py:3047} INFO - Sync 1 DAGs
[2024-10-05T10:38:55.736+0000] {logging_mixin.py:188} INFO - [2024-10-05T10:38:55.735+0000] {dag.py:3834} INFO - Setting next_dagrun for EL to None, run_after=None
[2024-10-05T10:38:55.768+0000] {processor.py:183} INFO - Processing /opt/airflow/dags/scrape_dag.py took 1.220 seconds
[2024-10-05T10:39:25.988+0000] {processor.py:161} INFO - Started process (PID=712) to work on /opt/airflow/dags/scrape_dag.py
[2024-10-05T10:39:25.989+0000] {processor.py:830} INFO - Processing file /opt/airflow/dags/scrape_dag.py for tasks to queue
[2024-10-05T10:39:25.991+0000] {logging_mixin.py:188} INFO - [2024-10-05T10:39:25.990+0000] {dagbag.py:540} INFO - Filling up the DagBag from /opt/airflow/dags/scrape_dag.py
[2024-10-05T10:39:27.034+0000] {processor.py:840} INFO - DAG(s) 'EL' retrieved from /opt/airflow/dags/scrape_dag.py
[2024-10-05T10:39:27.059+0000] {logging_mixin.py:188} INFO - [2024-10-05T10:39:27.059+0000] {dag.py:3047} INFO - Sync 1 DAGs
[2024-10-05T10:39:27.082+0000] {logging_mixin.py:188} INFO - [2024-10-05T10:39:27.082+0000] {dag.py:3834} INFO - Setting next_dagrun for EL to None, run_after=None
[2024-10-05T10:39:27.107+0000] {processor.py:183} INFO - Processing /opt/airflow/dags/scrape_dag.py took 1.124 seconds
[2024-10-05T10:39:57.417+0000] {processor.py:161} INFO - Started process (PID=725) to work on /opt/airflow/dags/scrape_dag.py
[2024-10-05T10:39:57.419+0000] {processor.py:830} INFO - Processing file /opt/airflow/dags/scrape_dag.py for tasks to queue
[2024-10-05T10:39:57.420+0000] {logging_mixin.py:188} INFO - [2024-10-05T10:39:57.420+0000] {dagbag.py:540} INFO - Filling up the DagBag from /opt/airflow/dags/scrape_dag.py
[2024-10-05T10:39:58.479+0000] {processor.py:840} INFO - DAG(s) 'EL' retrieved from /opt/airflow/dags/scrape_dag.py
[2024-10-05T10:39:58.507+0000] {logging_mixin.py:188} INFO - [2024-10-05T10:39:58.507+0000] {dag.py:3047} INFO - Sync 1 DAGs
[2024-10-05T10:39:58.530+0000] {logging_mixin.py:188} INFO - [2024-10-05T10:39:58.530+0000] {dag.py:3834} INFO - Setting next_dagrun for EL to None, run_after=None
[2024-10-05T10:39:58.568+0000] {processor.py:183} INFO - Processing /opt/airflow/dags/scrape_dag.py took 1.154 seconds
[2024-10-05T10:40:28.759+0000] {processor.py:161} INFO - Started process (PID=738) to work on /opt/airflow/dags/scrape_dag.py
[2024-10-05T10:40:28.760+0000] {processor.py:830} INFO - Processing file /opt/airflow/dags/scrape_dag.py for tasks to queue
[2024-10-05T10:40:28.762+0000] {logging_mixin.py:188} INFO - [2024-10-05T10:40:28.761+0000] {dagbag.py:540} INFO - Filling up the DagBag from /opt/airflow/dags/scrape_dag.py
[2024-10-05T10:40:29.816+0000] {processor.py:840} INFO - DAG(s) 'EL' retrieved from /opt/airflow/dags/scrape_dag.py
[2024-10-05T10:40:29.842+0000] {logging_mixin.py:188} INFO - [2024-10-05T10:40:29.842+0000] {dag.py:3047} INFO - Sync 1 DAGs
[2024-10-05T10:40:29.865+0000] {logging_mixin.py:188} INFO - [2024-10-05T10:40:29.865+0000] {dag.py:3834} INFO - Setting next_dagrun for EL to None, run_after=None
[2024-10-05T10:40:29.916+0000] {processor.py:183} INFO - Processing /opt/airflow/dags/scrape_dag.py took 1.161 seconds
[2024-10-05T10:41:00.261+0000] {processor.py:161} INFO - Started process (PID=751) to work on /opt/airflow/dags/scrape_dag.py
[2024-10-05T10:41:00.263+0000] {processor.py:830} INFO - Processing file /opt/airflow/dags/scrape_dag.py for tasks to queue
[2024-10-05T10:41:00.265+0000] {logging_mixin.py:188} INFO - [2024-10-05T10:41:00.265+0000] {dagbag.py:540} INFO - Filling up the DagBag from /opt/airflow/dags/scrape_dag.py
[2024-10-05T10:41:01.400+0000] {processor.py:840} INFO - DAG(s) 'EL' retrieved from /opt/airflow/dags/scrape_dag.py
[2024-10-05T10:41:01.424+0000] {logging_mixin.py:188} INFO - [2024-10-05T10:41:01.424+0000] {dag.py:3047} INFO - Sync 1 DAGs
[2024-10-05T10:41:01.536+0000] {logging_mixin.py:188} INFO - [2024-10-05T10:41:01.535+0000] {dag.py:3834} INFO - Setting next_dagrun for EL to None, run_after=None
[2024-10-05T10:41:01.575+0000] {processor.py:183} INFO - Processing /opt/airflow/dags/scrape_dag.py took 1.321 seconds
[2024-10-05T10:41:31.868+0000] {processor.py:161} INFO - Started process (PID=764) to work on /opt/airflow/dags/scrape_dag.py
[2024-10-05T10:41:31.870+0000] {processor.py:830} INFO - Processing file /opt/airflow/dags/scrape_dag.py for tasks to queue
[2024-10-05T10:41:31.873+0000] {logging_mixin.py:188} INFO - [2024-10-05T10:41:31.872+0000] {dagbag.py:540} INFO - Filling up the DagBag from /opt/airflow/dags/scrape_dag.py
[2024-10-05T10:41:33.059+0000] {processor.py:840} INFO - DAG(s) 'EL' retrieved from /opt/airflow/dags/scrape_dag.py
[2024-10-05T10:41:33.090+0000] {logging_mixin.py:188} INFO - [2024-10-05T10:41:33.089+0000] {dag.py:3047} INFO - Sync 1 DAGs
[2024-10-05T10:41:33.116+0000] {logging_mixin.py:188} INFO - [2024-10-05T10:41:33.115+0000] {dag.py:3834} INFO - Setting next_dagrun for EL to None, run_after=None
[2024-10-05T10:41:33.142+0000] {processor.py:183} INFO - Processing /opt/airflow/dags/scrape_dag.py took 1.278 seconds
[2024-10-05T10:42:03.584+0000] {processor.py:161} INFO - Started process (PID=777) to work on /opt/airflow/dags/scrape_dag.py
[2024-10-05T10:42:03.587+0000] {processor.py:830} INFO - Processing file /opt/airflow/dags/scrape_dag.py for tasks to queue
[2024-10-05T10:42:03.590+0000] {logging_mixin.py:188} INFO - [2024-10-05T10:42:03.589+0000] {dagbag.py:540} INFO - Filling up the DagBag from /opt/airflow/dags/scrape_dag.py
[2024-10-05T10:42:04.645+0000] {processor.py:840} INFO - DAG(s) 'EL' retrieved from /opt/airflow/dags/scrape_dag.py
[2024-10-05T10:42:04.675+0000] {logging_mixin.py:188} INFO - [2024-10-05T10:42:04.675+0000] {dag.py:3047} INFO - Sync 1 DAGs
[2024-10-05T10:42:04.698+0000] {logging_mixin.py:188} INFO - [2024-10-05T10:42:04.698+0000] {dag.py:3834} INFO - Setting next_dagrun for EL to None, run_after=None
[2024-10-05T10:42:04.746+0000] {processor.py:183} INFO - Processing /opt/airflow/dags/scrape_dag.py took 1.173 seconds
[2024-10-05T10:42:34.841+0000] {processor.py:161} INFO - Started process (PID=790) to work on /opt/airflow/dags/scrape_dag.py
[2024-10-05T10:42:34.842+0000] {processor.py:830} INFO - Processing file /opt/airflow/dags/scrape_dag.py for tasks to queue
[2024-10-05T10:42:34.844+0000] {logging_mixin.py:188} INFO - [2024-10-05T10:42:34.843+0000] {dagbag.py:540} INFO - Filling up the DagBag from /opt/airflow/dags/scrape_dag.py
[2024-10-05T10:42:35.861+0000] {processor.py:840} INFO - DAG(s) 'EL' retrieved from /opt/airflow/dags/scrape_dag.py
[2024-10-05T10:42:35.885+0000] {logging_mixin.py:188} INFO - [2024-10-05T10:42:35.885+0000] {dag.py:3047} INFO - Sync 1 DAGs
[2024-10-05T10:42:35.909+0000] {logging_mixin.py:188} INFO - [2024-10-05T10:42:35.909+0000] {dag.py:3834} INFO - Setting next_dagrun for EL to None, run_after=None
[2024-10-05T10:42:35.936+0000] {processor.py:183} INFO - Processing /opt/airflow/dags/scrape_dag.py took 1.100 seconds
[2024-10-05T10:43:06.209+0000] {processor.py:161} INFO - Started process (PID=803) to work on /opt/airflow/dags/scrape_dag.py
[2024-10-05T10:43:06.212+0000] {processor.py:830} INFO - Processing file /opt/airflow/dags/scrape_dag.py for tasks to queue
[2024-10-05T10:43:06.215+0000] {logging_mixin.py:188} INFO - [2024-10-05T10:43:06.214+0000] {dagbag.py:540} INFO - Filling up the DagBag from /opt/airflow/dags/scrape_dag.py
[2024-10-05T10:43:07.359+0000] {processor.py:840} INFO - DAG(s) 'EL' retrieved from /opt/airflow/dags/scrape_dag.py
[2024-10-05T10:43:07.396+0000] {logging_mixin.py:188} INFO - [2024-10-05T10:43:07.395+0000] {dag.py:3047} INFO - Sync 1 DAGs
[2024-10-05T10:43:07.442+0000] {logging_mixin.py:188} INFO - [2024-10-05T10:43:07.441+0000] {dag.py:3834} INFO - Setting next_dagrun for EL to None, run_after=None
[2024-10-05T10:43:07.492+0000] {processor.py:183} INFO - Processing /opt/airflow/dags/scrape_dag.py took 1.292 seconds
[2024-10-05T10:43:37.610+0000] {processor.py:161} INFO - Started process (PID=816) to work on /opt/airflow/dags/scrape_dag.py
[2024-10-05T10:43:37.613+0000] {processor.py:830} INFO - Processing file /opt/airflow/dags/scrape_dag.py for tasks to queue
[2024-10-05T10:43:37.616+0000] {logging_mixin.py:188} INFO - [2024-10-05T10:43:37.615+0000] {dagbag.py:540} INFO - Filling up the DagBag from /opt/airflow/dags/scrape_dag.py
[2024-10-05T10:43:38.769+0000] {processor.py:840} INFO - DAG(s) 'EL' retrieved from /opt/airflow/dags/scrape_dag.py
[2024-10-05T10:43:38.798+0000] {logging_mixin.py:188} INFO - [2024-10-05T10:43:38.798+0000] {dag.py:3047} INFO - Sync 1 DAGs
[2024-10-05T10:43:38.835+0000] {logging_mixin.py:188} INFO - [2024-10-05T10:43:38.835+0000] {dag.py:3834} INFO - Setting next_dagrun for EL to None, run_after=None
[2024-10-05T10:43:38.985+0000] {processor.py:183} INFO - Processing /opt/airflow/dags/scrape_dag.py took 1.382 seconds
[2024-10-05T10:44:09.193+0000] {processor.py:161} INFO - Started process (PID=829) to work on /opt/airflow/dags/scrape_dag.py
[2024-10-05T10:44:09.195+0000] {processor.py:830} INFO - Processing file /opt/airflow/dags/scrape_dag.py for tasks to queue
[2024-10-05T10:44:09.196+0000] {logging_mixin.py:188} INFO - [2024-10-05T10:44:09.196+0000] {dagbag.py:540} INFO - Filling up the DagBag from /opt/airflow/dags/scrape_dag.py
[2024-10-05T10:44:10.334+0000] {processor.py:840} INFO - DAG(s) 'EL' retrieved from /opt/airflow/dags/scrape_dag.py
[2024-10-05T10:44:10.362+0000] {logging_mixin.py:188} INFO - [2024-10-05T10:44:10.361+0000] {dag.py:3047} INFO - Sync 1 DAGs
[2024-10-05T10:44:10.390+0000] {logging_mixin.py:188} INFO - [2024-10-05T10:44:10.390+0000] {dag.py:3834} INFO - Setting next_dagrun for EL to None, run_after=None
[2024-10-05T10:44:10.439+0000] {processor.py:183} INFO - Processing /opt/airflow/dags/scrape_dag.py took 1.251 seconds
[2024-10-05T10:44:40.631+0000] {processor.py:161} INFO - Started process (PID=842) to work on /opt/airflow/dags/scrape_dag.py
[2024-10-05T10:44:40.633+0000] {processor.py:830} INFO - Processing file /opt/airflow/dags/scrape_dag.py for tasks to queue
[2024-10-05T10:44:40.634+0000] {logging_mixin.py:188} INFO - [2024-10-05T10:44:40.634+0000] {dagbag.py:540} INFO - Filling up the DagBag from /opt/airflow/dags/scrape_dag.py
[2024-10-05T10:44:41.685+0000] {processor.py:840} INFO - DAG(s) 'EL' retrieved from /opt/airflow/dags/scrape_dag.py
[2024-10-05T10:44:41.711+0000] {logging_mixin.py:188} INFO - [2024-10-05T10:44:41.711+0000] {dag.py:3047} INFO - Sync 1 DAGs
[2024-10-05T10:44:41.735+0000] {logging_mixin.py:188} INFO - [2024-10-05T10:44:41.735+0000] {dag.py:3834} INFO - Setting next_dagrun for EL to None, run_after=None
[2024-10-05T10:44:41.761+0000] {processor.py:183} INFO - Processing /opt/airflow/dags/scrape_dag.py took 1.134 seconds
[2024-10-05T10:45:12.056+0000] {processor.py:161} INFO - Started process (PID=855) to work on /opt/airflow/dags/scrape_dag.py
[2024-10-05T10:45:12.059+0000] {processor.py:830} INFO - Processing file /opt/airflow/dags/scrape_dag.py for tasks to queue
[2024-10-05T10:45:12.062+0000] {logging_mixin.py:188} INFO - [2024-10-05T10:45:12.061+0000] {dagbag.py:540} INFO - Filling up the DagBag from /opt/airflow/dags/scrape_dag.py
[2024-10-05T10:45:13.187+0000] {processor.py:840} INFO - DAG(s) 'EL' retrieved from /opt/airflow/dags/scrape_dag.py
[2024-10-05T10:45:13.214+0000] {logging_mixin.py:188} INFO - [2024-10-05T10:45:13.214+0000] {dag.py:3047} INFO - Sync 1 DAGs
[2024-10-05T10:45:13.237+0000] {logging_mixin.py:188} INFO - [2024-10-05T10:45:13.237+0000] {dag.py:3834} INFO - Setting next_dagrun for EL to None, run_after=None
[2024-10-05T10:45:13.261+0000] {processor.py:183} INFO - Processing /opt/airflow/dags/scrape_dag.py took 1.212 seconds
[2024-10-05T10:45:43.326+0000] {processor.py:161} INFO - Started process (PID=868) to work on /opt/airflow/dags/scrape_dag.py
[2024-10-05T10:45:43.328+0000] {processor.py:830} INFO - Processing file /opt/airflow/dags/scrape_dag.py for tasks to queue
[2024-10-05T10:45:43.330+0000] {logging_mixin.py:188} INFO - [2024-10-05T10:45:43.329+0000] {dagbag.py:540} INFO - Filling up the DagBag from /opt/airflow/dags/scrape_dag.py
[2024-10-05T10:45:44.449+0000] {processor.py:840} INFO - DAG(s) 'EL' retrieved from /opt/airflow/dags/scrape_dag.py
[2024-10-05T10:45:44.473+0000] {logging_mixin.py:188} INFO - [2024-10-05T10:45:44.473+0000] {dag.py:3047} INFO - Sync 1 DAGs
[2024-10-05T10:45:44.496+0000] {logging_mixin.py:188} INFO - [2024-10-05T10:45:44.496+0000] {dag.py:3834} INFO - Setting next_dagrun for EL to None, run_after=None
[2024-10-05T10:45:44.520+0000] {processor.py:183} INFO - Processing /opt/airflow/dags/scrape_dag.py took 1.198 seconds
[2024-10-05T10:46:14.629+0000] {processor.py:161} INFO - Started process (PID=881) to work on /opt/airflow/dags/scrape_dag.py
[2024-10-05T10:46:14.631+0000] {processor.py:830} INFO - Processing file /opt/airflow/dags/scrape_dag.py for tasks to queue
[2024-10-05T10:46:14.633+0000] {logging_mixin.py:188} INFO - [2024-10-05T10:46:14.633+0000] {dagbag.py:540} INFO - Filling up the DagBag from /opt/airflow/dags/scrape_dag.py
[2024-10-05T10:46:15.718+0000] {processor.py:840} INFO - DAG(s) 'EL' retrieved from /opt/airflow/dags/scrape_dag.py
[2024-10-05T10:46:15.741+0000] {logging_mixin.py:188} INFO - [2024-10-05T10:46:15.741+0000] {dag.py:3047} INFO - Sync 1 DAGs
[2024-10-05T10:46:15.766+0000] {logging_mixin.py:188} INFO - [2024-10-05T10:46:15.766+0000] {dag.py:3834} INFO - Setting next_dagrun for EL to None, run_after=None
[2024-10-05T10:46:15.875+0000] {processor.py:183} INFO - Processing /opt/airflow/dags/scrape_dag.py took 1.252 seconds
[2024-10-05T10:46:46.068+0000] {processor.py:161} INFO - Started process (PID=894) to work on /opt/airflow/dags/scrape_dag.py
[2024-10-05T10:46:46.070+0000] {processor.py:830} INFO - Processing file /opt/airflow/dags/scrape_dag.py for tasks to queue
[2024-10-05T10:46:46.071+0000] {logging_mixin.py:188} INFO - [2024-10-05T10:46:46.071+0000] {dagbag.py:540} INFO - Filling up the DagBag from /opt/airflow/dags/scrape_dag.py
[2024-10-05T10:46:47.262+0000] {processor.py:840} INFO - DAG(s) 'EL' retrieved from /opt/airflow/dags/scrape_dag.py
[2024-10-05T10:46:47.287+0000] {logging_mixin.py:188} INFO - [2024-10-05T10:46:47.287+0000] {dag.py:3047} INFO - Sync 1 DAGs
[2024-10-05T10:46:47.402+0000] {logging_mixin.py:188} INFO - [2024-10-05T10:46:47.402+0000] {dag.py:3834} INFO - Setting next_dagrun for EL to None, run_after=None
[2024-10-05T10:46:47.454+0000] {processor.py:183} INFO - Processing /opt/airflow/dags/scrape_dag.py took 1.390 seconds
[2024-10-05T10:47:17.884+0000] {processor.py:161} INFO - Started process (PID=907) to work on /opt/airflow/dags/scrape_dag.py
[2024-10-05T10:47:17.888+0000] {processor.py:830} INFO - Processing file /opt/airflow/dags/scrape_dag.py for tasks to queue
[2024-10-05T10:47:17.891+0000] {logging_mixin.py:188} INFO - [2024-10-05T10:47:17.890+0000] {dagbag.py:540} INFO - Filling up the DagBag from /opt/airflow/dags/scrape_dag.py
[2024-10-05T10:47:19.061+0000] {processor.py:840} INFO - DAG(s) 'EL' retrieved from /opt/airflow/dags/scrape_dag.py
[2024-10-05T10:47:19.097+0000] {logging_mixin.py:188} INFO - [2024-10-05T10:47:19.097+0000] {dag.py:3047} INFO - Sync 1 DAGs
[2024-10-05T10:47:19.129+0000] {logging_mixin.py:188} INFO - [2024-10-05T10:47:19.129+0000] {dag.py:3834} INFO - Setting next_dagrun for EL to None, run_after=None
[2024-10-05T10:47:19.176+0000] {processor.py:183} INFO - Processing /opt/airflow/dags/scrape_dag.py took 1.305 seconds
[2024-10-05T10:47:49.602+0000] {processor.py:161} INFO - Started process (PID=920) to work on /opt/airflow/dags/scrape_dag.py
[2024-10-05T10:47:49.604+0000] {processor.py:830} INFO - Processing file /opt/airflow/dags/scrape_dag.py for tasks to queue
[2024-10-05T10:47:49.607+0000] {logging_mixin.py:188} INFO - [2024-10-05T10:47:49.606+0000] {dagbag.py:540} INFO - Filling up the DagBag from /opt/airflow/dags/scrape_dag.py
[2024-10-05T10:47:50.663+0000] {processor.py:840} INFO - DAG(s) 'EL' retrieved from /opt/airflow/dags/scrape_dag.py
[2024-10-05T10:47:50.704+0000] {logging_mixin.py:188} INFO - [2024-10-05T10:47:50.703+0000] {dag.py:3047} INFO - Sync 1 DAGs
[2024-10-05T10:47:50.735+0000] {logging_mixin.py:188} INFO - [2024-10-05T10:47:50.735+0000] {dag.py:3834} INFO - Setting next_dagrun for EL to None, run_after=None
[2024-10-05T10:47:50.779+0000] {processor.py:183} INFO - Processing /opt/airflow/dags/scrape_dag.py took 1.188 seconds
[2024-10-05T10:48:20.950+0000] {processor.py:161} INFO - Started process (PID=933) to work on /opt/airflow/dags/scrape_dag.py
[2024-10-05T10:48:20.952+0000] {processor.py:830} INFO - Processing file /opt/airflow/dags/scrape_dag.py for tasks to queue
[2024-10-05T10:48:20.954+0000] {logging_mixin.py:188} INFO - [2024-10-05T10:48:20.953+0000] {dagbag.py:540} INFO - Filling up the DagBag from /opt/airflow/dags/scrape_dag.py
[2024-10-05T10:48:21.920+0000] {processor.py:840} INFO - DAG(s) 'EL' retrieved from /opt/airflow/dags/scrape_dag.py
[2024-10-05T10:48:21.943+0000] {logging_mixin.py:188} INFO - [2024-10-05T10:48:21.943+0000] {dag.py:3047} INFO - Sync 1 DAGs
[2024-10-05T10:48:21.965+0000] {logging_mixin.py:188} INFO - [2024-10-05T10:48:21.965+0000] {dag.py:3834} INFO - Setting next_dagrun for EL to None, run_after=None
[2024-10-05T10:48:22.009+0000] {processor.py:183} INFO - Processing /opt/airflow/dags/scrape_dag.py took 1.066 seconds
[2024-10-05T10:48:52.308+0000] {processor.py:161} INFO - Started process (PID=946) to work on /opt/airflow/dags/scrape_dag.py
[2024-10-05T10:48:52.310+0000] {processor.py:830} INFO - Processing file /opt/airflow/dags/scrape_dag.py for tasks to queue
[2024-10-05T10:48:52.311+0000] {logging_mixin.py:188} INFO - [2024-10-05T10:48:52.311+0000] {dagbag.py:540} INFO - Filling up the DagBag from /opt/airflow/dags/scrape_dag.py
[2024-10-05T10:48:53.309+0000] {processor.py:840} INFO - DAG(s) 'EL' retrieved from /opt/airflow/dags/scrape_dag.py
[2024-10-05T10:48:53.335+0000] {logging_mixin.py:188} INFO - [2024-10-05T10:48:53.334+0000] {dag.py:3047} INFO - Sync 1 DAGs
[2024-10-05T10:48:53.360+0000] {logging_mixin.py:188} INFO - [2024-10-05T10:48:53.360+0000] {dag.py:3834} INFO - Setting next_dagrun for EL to None, run_after=None
[2024-10-05T10:48:53.404+0000] {processor.py:183} INFO - Processing /opt/airflow/dags/scrape_dag.py took 1.099 seconds
[2024-10-05T10:49:23.733+0000] {processor.py:161} INFO - Started process (PID=959) to work on /opt/airflow/dags/scrape_dag.py
[2024-10-05T10:49:23.736+0000] {processor.py:830} INFO - Processing file /opt/airflow/dags/scrape_dag.py for tasks to queue
[2024-10-05T10:49:23.738+0000] {logging_mixin.py:188} INFO - [2024-10-05T10:49:23.738+0000] {dagbag.py:540} INFO - Filling up the DagBag from /opt/airflow/dags/scrape_dag.py
[2024-10-05T10:49:24.784+0000] {processor.py:840} INFO - DAG(s) 'EL' retrieved from /opt/airflow/dags/scrape_dag.py
[2024-10-05T10:49:24.808+0000] {logging_mixin.py:188} INFO - [2024-10-05T10:49:24.808+0000] {dag.py:3047} INFO - Sync 1 DAGs
[2024-10-05T10:49:24.926+0000] {logging_mixin.py:188} INFO - [2024-10-05T10:49:24.925+0000] {dag.py:3834} INFO - Setting next_dagrun for EL to None, run_after=None
[2024-10-05T10:49:24.981+0000] {processor.py:183} INFO - Processing /opt/airflow/dags/scrape_dag.py took 1.257 seconds
[2024-10-05T10:49:55.450+0000] {processor.py:161} INFO - Started process (PID=972) to work on /opt/airflow/dags/scrape_dag.py
[2024-10-05T10:49:55.453+0000] {processor.py:830} INFO - Processing file /opt/airflow/dags/scrape_dag.py for tasks to queue
[2024-10-05T10:49:55.455+0000] {logging_mixin.py:188} INFO - [2024-10-05T10:49:55.455+0000] {dagbag.py:540} INFO - Filling up the DagBag from /opt/airflow/dags/scrape_dag.py
[2024-10-05T10:49:56.516+0000] {processor.py:840} INFO - DAG(s) 'EL' retrieved from /opt/airflow/dags/scrape_dag.py
[2024-10-05T10:49:56.545+0000] {logging_mixin.py:188} INFO - [2024-10-05T10:49:56.545+0000] {dag.py:3047} INFO - Sync 1 DAGs
[2024-10-05T10:49:56.590+0000] {logging_mixin.py:188} INFO - [2024-10-05T10:49:56.590+0000] {dag.py:3834} INFO - Setting next_dagrun for EL to None, run_after=None
[2024-10-05T10:49:56.639+0000] {processor.py:183} INFO - Processing /opt/airflow/dags/scrape_dag.py took 1.199 seconds
[2024-10-05T10:50:26.826+0000] {processor.py:161} INFO - Started process (PID=985) to work on /opt/airflow/dags/scrape_dag.py
[2024-10-05T10:50:26.829+0000] {processor.py:830} INFO - Processing file /opt/airflow/dags/scrape_dag.py for tasks to queue
[2024-10-05T10:50:26.831+0000] {logging_mixin.py:188} INFO - [2024-10-05T10:50:26.830+0000] {dagbag.py:540} INFO - Filling up the DagBag from /opt/airflow/dags/scrape_dag.py
[2024-10-05T10:50:27.884+0000] {processor.py:840} INFO - DAG(s) 'EL' retrieved from /opt/airflow/dags/scrape_dag.py
[2024-10-05T10:50:27.911+0000] {logging_mixin.py:188} INFO - [2024-10-05T10:50:27.911+0000] {dag.py:3047} INFO - Sync 1 DAGs
[2024-10-05T10:50:27.957+0000] {logging_mixin.py:188} INFO - [2024-10-05T10:50:27.956+0000] {dag.py:3834} INFO - Setting next_dagrun for EL to None, run_after=None
[2024-10-05T10:50:28.013+0000] {processor.py:183} INFO - Processing /opt/airflow/dags/scrape_dag.py took 1.201 seconds
[2024-10-05T10:50:58.344+0000] {processor.py:161} INFO - Started process (PID=998) to work on /opt/airflow/dags/scrape_dag.py
[2024-10-05T10:50:58.346+0000] {processor.py:830} INFO - Processing file /opt/airflow/dags/scrape_dag.py for tasks to queue
[2024-10-05T10:50:58.349+0000] {logging_mixin.py:188} INFO - [2024-10-05T10:50:58.348+0000] {dagbag.py:540} INFO - Filling up the DagBag from /opt/airflow/dags/scrape_dag.py
[2024-10-05T10:50:59.403+0000] {processor.py:840} INFO - DAG(s) 'EL' retrieved from /opt/airflow/dags/scrape_dag.py
[2024-10-05T10:50:59.438+0000] {logging_mixin.py:188} INFO - [2024-10-05T10:50:59.438+0000] {dag.py:3047} INFO - Sync 1 DAGs
[2024-10-05T10:50:59.484+0000] {logging_mixin.py:188} INFO - [2024-10-05T10:50:59.484+0000] {dag.py:3834} INFO - Setting next_dagrun for EL to None, run_after=None
[2024-10-05T10:50:59.538+0000] {processor.py:183} INFO - Processing /opt/airflow/dags/scrape_dag.py took 1.201 seconds
