[2024-10-10T15:43:37.889+0000] {local_task_job_runner.py:123} INFO - ::group::Pre task execution logs
[2024-10-10T15:43:37.937+0000] {taskinstance.py:2612} INFO - Dependencies all met for dep_context=non-requeueable deps ti=<TaskInstance: EL.extract manual__2024-10-10T15:43:30.504185+00:00 [queued]>
[2024-10-10T15:43:37.965+0000] {taskinstance.py:2612} INFO - Dependencies all met for dep_context=requeueable deps ti=<TaskInstance: EL.extract manual__2024-10-10T15:43:30.504185+00:00 [queued]>
[2024-10-10T15:43:37.969+0000] {taskinstance.py:2865} INFO - Starting attempt 1 of 1
[2024-10-10T15:43:38.020+0000] {taskinstance.py:2888} INFO - Executing <Task(BashOperator): extract> on 2024-10-10 15:43:30.504185+00:00
[2024-10-10T15:43:38.085+0000] {standard_task_runner.py:72} INFO - Started process 50 to run task
[2024-10-10T15:43:38.106+0000] {standard_task_runner.py:104} INFO - Running: ['airflow', 'tasks', 'run', 'EL', 'extract', 'manual__2024-10-10T15:43:30.504185+00:00', '--job-id', '34', '--raw', '--subdir', 'DAGS_FOLDER/scrape_dag.py', '--cfg-path', '/tmp/tmpld91ha3v']
[2024-10-10T15:43:38.121+0000] {standard_task_runner.py:105} INFO - Job 34: Subtask extract
[2024-10-10T15:43:38.178+0000] {warnings.py:109} WARNING - /home/airflow/.local/lib/python3.10/site-packages/airflow/settings.py:209: DeprecationWarning: The sql_alchemy_conn option in [core] has been moved to the sql_alchemy_conn option in [database] - the old setting has been used, but please update your config.
  SQL_ALCHEMY_CONN = conf.get("database", "SQL_ALCHEMY_CONN")

[2024-10-10T15:43:38.370+0000] {task_command.py:467} INFO - Running <TaskInstance: EL.extract manual__2024-10-10T15:43:30.504185+00:00 [running]> on host 668b1c67d141
[2024-10-10T15:43:38.813+0000] {taskinstance.py:3131} INFO - Exporting env vars: AIRFLOW_CTX_DAG_OWNER='bmw' AIRFLOW_CTX_DAG_ID='EL' AIRFLOW_CTX_TASK_ID='extract' AIRFLOW_CTX_EXECUTION_DATE='2024-10-10T15:43:30.504185+00:00' AIRFLOW_CTX_TRY_NUMBER='1' AIRFLOW_CTX_DAG_RUN_ID='manual__2024-10-10T15:43:30.504185+00:00'
[2024-10-10T15:43:38.817+0000] {taskinstance.py:731} INFO - ::endgroup::
[2024-10-10T15:43:38.917+0000] {subprocess.py:63} INFO - Tmp dir root location: /tmp
[2024-10-10T15:43:38.922+0000] {subprocess.py:75} INFO - Running command: ['/usr/bin/bash', '-c', 'xvfb-run --server-args="-screen 0 1920x1080x24" python3 /opt/airflow/scripts/scrape.py']
[2024-10-10T15:43:38.961+0000] {subprocess.py:86} INFO - Output:
[2024-10-10T15:43:50.200+0000] {subprocess.py:93} INFO - INFO:root:Opening IMDb page...
[2024-10-10T15:43:59.236+0000] {subprocess.py:93} INFO - INFO:root:Page loaded, waiting for elements...
[2024-10-10T15:44:04.777+0000] {subprocess.py:93} INFO - INFO:root:Elements found, starting to scrape...
[2024-10-10T15:44:06.519+0000] {subprocess.py:93} INFO - WARNING:root:Metascore not found: Message: no such element: Unable to locate element: {"method":"css selector","selector":"span.sc-b0901df4-0.bXIOoL.metacritic-score-box"}
[2024-10-10T15:44:06.523+0000] {subprocess.py:93} INFO -   (Session info: chrome=129.0.6668.89); For documentation on this error, please visit: https://www.selenium.dev/documentation/webdriver/troubleshooting/errors#no-such-element-exception
[2024-10-10T15:44:06.531+0000] {subprocess.py:93} INFO - Stacktrace:
[2024-10-10T15:44:06.545+0000] {subprocess.py:93} INFO - #0 0x55a1a4bf802a <unknown>
[2024-10-10T15:44:06.555+0000] {subprocess.py:93} INFO - #1 0x55a1a48de5e0 <unknown>
[2024-10-10T15:44:06.570+0000] {subprocess.py:93} INFO - #2 0x55a1a492dbe8 <unknown>
[2024-10-10T15:44:06.584+0000] {subprocess.py:93} INFO - #3 0x55a1a492de81 <unknown>
[2024-10-10T15:44:06.601+0000] {subprocess.py:93} INFO - #4 0x55a1a4922586 <unknown>
[2024-10-10T15:44:06.621+0000] {subprocess.py:93} INFO - #5 0x55a1a4952b4d <unknown>
[2024-10-10T15:44:06.631+0000] {subprocess.py:93} INFO - #6 0x55a1a4922478 <unknown>
[2024-10-10T15:44:06.643+0000] {subprocess.py:93} INFO - #7 0x55a1a4952cee <unknown>
[2024-10-10T15:44:06.654+0000] {subprocess.py:93} INFO - #8 0x55a1a4971d7d <unknown>
[2024-10-10T15:44:06.667+0000] {subprocess.py:93} INFO - #9 0x55a1a49528c3 <unknown>
[2024-10-10T15:44:06.673+0000] {subprocess.py:93} INFO - #10 0x55a1a49206b3 <unknown>
[2024-10-10T15:44:06.682+0000] {subprocess.py:93} INFO - #11 0x55a1a492168e <unknown>
[2024-10-10T15:44:06.692+0000] {subprocess.py:93} INFO - #12 0x55a1a4bc2a2b <unknown>
[2024-10-10T15:44:06.697+0000] {subprocess.py:93} INFO - #13 0x55a1a4bc69b1 <unknown>
[2024-10-10T15:44:06.701+0000] {subprocess.py:93} INFO - #14 0x55a1a4baf225 <unknown>
[2024-10-10T15:44:06.705+0000] {subprocess.py:93} INFO - #15 0x55a1a4bc7532 <unknown>
[2024-10-10T15:44:06.713+0000] {subprocess.py:93} INFO - #16 0x55a1a4b9438f <unknown>
[2024-10-10T15:44:06.718+0000] {subprocess.py:93} INFO - #17 0x55a1a4be6f28 <unknown>
[2024-10-10T15:44:06.725+0000] {subprocess.py:93} INFO - #18 0x55a1a4be70f3 <unknown>
[2024-10-10T15:44:06.734+0000] {subprocess.py:93} INFO - #19 0x55a1a4bf6e7c <unknown>
[2024-10-10T15:44:06.743+0000] {subprocess.py:93} INFO - #20 0x7f0f83625144 <unknown>
[2024-10-10T15:44:06.751+0000] {subprocess.py:93} INFO - 
[2024-10-10T15:44:08.117+0000] {subprocess.py:93} INFO - WARNING:root:Metascore not found: Message: no such element: Unable to locate element: {"method":"css selector","selector":"span.sc-b0901df4-0.bXIOoL.metacritic-score-box"}
[2024-10-10T15:44:08.121+0000] {subprocess.py:93} INFO -   (Session info: chrome=129.0.6668.89); For documentation on this error, please visit: https://www.selenium.dev/documentation/webdriver/troubleshooting/errors#no-such-element-exception
[2024-10-10T15:44:08.138+0000] {subprocess.py:93} INFO - Stacktrace:
[2024-10-10T15:44:08.157+0000] {subprocess.py:93} INFO - #0 0x55a1a4bf802a <unknown>
[2024-10-10T15:44:08.178+0000] {subprocess.py:93} INFO - #1 0x55a1a48de5e0 <unknown>
[2024-10-10T15:44:08.190+0000] {subprocess.py:93} INFO - #2 0x55a1a492dbe8 <unknown>
[2024-10-10T15:44:08.197+0000] {subprocess.py:93} INFO - #3 0x55a1a492de81 <unknown>
[2024-10-10T15:44:08.212+0000] {subprocess.py:93} INFO - #4 0x55a1a4922586 <unknown>
[2024-10-10T15:44:08.230+0000] {subprocess.py:93} INFO - #5 0x55a1a4952b4d <unknown>
[2024-10-10T15:44:08.239+0000] {subprocess.py:93} INFO - #6 0x55a1a4922478 <unknown>
[2024-10-10T15:44:08.254+0000] {subprocess.py:93} INFO - #7 0x55a1a4952cee <unknown>
[2024-10-10T15:44:08.275+0000] {subprocess.py:93} INFO - #8 0x55a1a4971d7d <unknown>
[2024-10-10T15:44:08.285+0000] {subprocess.py:93} INFO - #9 0x55a1a49528c3 <unknown>
[2024-10-10T15:44:08.290+0000] {subprocess.py:93} INFO - #10 0x55a1a49206b3 <unknown>
[2024-10-10T15:44:08.301+0000] {subprocess.py:93} INFO - #11 0x55a1a492168e <unknown>
[2024-10-10T15:44:08.307+0000] {subprocess.py:93} INFO - #12 0x55a1a4bc2a2b <unknown>
[2024-10-10T15:44:08.316+0000] {subprocess.py:93} INFO - #13 0x55a1a4bc69b1 <unknown>
[2024-10-10T15:44:08.321+0000] {subprocess.py:93} INFO - #14 0x55a1a4baf225 <unknown>
[2024-10-10T15:44:08.332+0000] {subprocess.py:93} INFO - #15 0x55a1a4bc7532 <unknown>
[2024-10-10T15:44:08.340+0000] {subprocess.py:93} INFO - #16 0x55a1a4b9438f <unknown>
[2024-10-10T15:44:08.347+0000] {subprocess.py:93} INFO - #17 0x55a1a4be6f28 <unknown>
[2024-10-10T15:44:08.354+0000] {subprocess.py:93} INFO - #18 0x55a1a4be70f3 <unknown>
[2024-10-10T15:44:08.361+0000] {subprocess.py:93} INFO - #19 0x55a1a4bf6e7c <unknown>
[2024-10-10T15:44:08.378+0000] {subprocess.py:93} INFO - #20 0x7f0f83625144 <unknown>
[2024-10-10T15:44:08.388+0000] {subprocess.py:93} INFO - 
[2024-10-10T15:44:09.867+0000] {subprocess.py:93} INFO - WARNING:root:Metascore not found: Message: no such element: Unable to locate element: {"method":"css selector","selector":"span.sc-b0901df4-0.bXIOoL.metacritic-score-box"}
[2024-10-10T15:44:09.869+0000] {subprocess.py:93} INFO -   (Session info: chrome=129.0.6668.89); For documentation on this error, please visit: https://www.selenium.dev/documentation/webdriver/troubleshooting/errors#no-such-element-exception
[2024-10-10T15:44:09.872+0000] {subprocess.py:93} INFO - Stacktrace:
[2024-10-10T15:44:09.875+0000] {subprocess.py:93} INFO - #0 0x55a1a4bf802a <unknown>
[2024-10-10T15:44:09.878+0000] {subprocess.py:93} INFO - #1 0x55a1a48de5e0 <unknown>
[2024-10-10T15:44:09.881+0000] {subprocess.py:93} INFO - #2 0x55a1a492dbe8 <unknown>
[2024-10-10T15:44:09.883+0000] {subprocess.py:93} INFO - #3 0x55a1a492de81 <unknown>
[2024-10-10T15:44:09.886+0000] {subprocess.py:93} INFO - #4 0x55a1a4922586 <unknown>
[2024-10-10T15:44:09.889+0000] {subprocess.py:93} INFO - #5 0x55a1a4952b4d <unknown>
[2024-10-10T15:44:09.891+0000] {subprocess.py:93} INFO - #6 0x55a1a4922478 <unknown>
[2024-10-10T15:44:09.894+0000] {subprocess.py:93} INFO - #7 0x55a1a4952cee <unknown>
[2024-10-10T15:44:09.896+0000] {subprocess.py:93} INFO - #8 0x55a1a4971d7d <unknown>
[2024-10-10T15:44:09.899+0000] {subprocess.py:93} INFO - #9 0x55a1a49528c3 <unknown>
[2024-10-10T15:44:09.902+0000] {subprocess.py:93} INFO - #10 0x55a1a49206b3 <unknown>
[2024-10-10T15:44:09.904+0000] {subprocess.py:93} INFO - #11 0x55a1a492168e <unknown>
[2024-10-10T15:44:09.907+0000] {subprocess.py:93} INFO - #12 0x55a1a4bc2a2b <unknown>
[2024-10-10T15:44:09.910+0000] {subprocess.py:93} INFO - #13 0x55a1a4bc69b1 <unknown>
[2024-10-10T15:44:09.912+0000] {subprocess.py:93} INFO - #14 0x55a1a4baf225 <unknown>
[2024-10-10T15:44:09.915+0000] {subprocess.py:93} INFO - #15 0x55a1a4bc7532 <unknown>
[2024-10-10T15:44:09.917+0000] {subprocess.py:93} INFO - #16 0x55a1a4b9438f <unknown>
[2024-10-10T15:44:09.920+0000] {subprocess.py:93} INFO - #17 0x55a1a4be6f28 <unknown>
[2024-10-10T15:44:09.923+0000] {subprocess.py:93} INFO - #18 0x55a1a4be70f3 <unknown>
[2024-10-10T15:44:09.925+0000] {subprocess.py:93} INFO - #19 0x55a1a4bf6e7c <unknown>
[2024-10-10T15:44:09.928+0000] {subprocess.py:93} INFO - #20 0x7f0f83625144 <unknown>
[2024-10-10T15:44:09.930+0000] {subprocess.py:93} INFO - 
[2024-10-10T15:44:10.264+0000] {subprocess.py:93} INFO - WARNING:root:Metascore not found: Message: no such element: Unable to locate element: {"method":"css selector","selector":"span.sc-b0901df4-0.bXIOoL.metacritic-score-box"}
[2024-10-10T15:44:10.266+0000] {subprocess.py:93} INFO -   (Session info: chrome=129.0.6668.89); For documentation on this error, please visit: https://www.selenium.dev/documentation/webdriver/troubleshooting/errors#no-such-element-exception
[2024-10-10T15:44:10.269+0000] {subprocess.py:93} INFO - Stacktrace:
[2024-10-10T15:44:10.271+0000] {subprocess.py:93} INFO - #0 0x55a1a4bf802a <unknown>
[2024-10-10T15:44:10.274+0000] {subprocess.py:93} INFO - #1 0x55a1a48de5e0 <unknown>
[2024-10-10T15:44:10.277+0000] {subprocess.py:93} INFO - #2 0x55a1a492dbe8 <unknown>
[2024-10-10T15:44:10.279+0000] {subprocess.py:93} INFO - #3 0x55a1a492de81 <unknown>
[2024-10-10T15:44:10.282+0000] {subprocess.py:93} INFO - #4 0x55a1a4922586 <unknown>
[2024-10-10T15:44:10.285+0000] {subprocess.py:93} INFO - #5 0x55a1a4952b4d <unknown>
[2024-10-10T15:44:10.287+0000] {subprocess.py:93} INFO - #6 0x55a1a4922478 <unknown>
[2024-10-10T15:44:10.293+0000] {subprocess.py:93} INFO - #7 0x55a1a4952cee <unknown>
[2024-10-10T15:44:10.296+0000] {subprocess.py:93} INFO - #8 0x55a1a4971d7d <unknown>
[2024-10-10T15:44:10.298+0000] {subprocess.py:93} INFO - #9 0x55a1a49528c3 <unknown>
[2024-10-10T15:44:10.301+0000] {subprocess.py:93} INFO - #10 0x55a1a49206b3 <unknown>
[2024-10-10T15:44:10.303+0000] {subprocess.py:93} INFO - #11 0x55a1a492168e <unknown>
[2024-10-10T15:44:10.306+0000] {subprocess.py:93} INFO - #12 0x55a1a4bc2a2b <unknown>
[2024-10-10T15:44:10.308+0000] {subprocess.py:93} INFO - #13 0x55a1a4bc69b1 <unknown>
[2024-10-10T15:44:10.311+0000] {subprocess.py:93} INFO - #14 0x55a1a4baf225 <unknown>
[2024-10-10T15:44:10.313+0000] {subprocess.py:93} INFO - #15 0x55a1a4bc7532 <unknown>
[2024-10-10T15:44:10.316+0000] {subprocess.py:93} INFO - #16 0x55a1a4b9438f <unknown>
[2024-10-10T15:44:10.318+0000] {subprocess.py:93} INFO - #17 0x55a1a4be6f28 <unknown>
[2024-10-10T15:44:10.320+0000] {subprocess.py:93} INFO - #18 0x55a1a4be70f3 <unknown>
[2024-10-10T15:44:10.323+0000] {subprocess.py:93} INFO - #19 0x55a1a4bf6e7c <unknown>
[2024-10-10T15:44:10.326+0000] {subprocess.py:93} INFO - #20 0x7f0f83625144 <unknown>
[2024-10-10T15:44:10.329+0000] {subprocess.py:93} INFO - 
[2024-10-10T15:44:10.689+0000] {subprocess.py:93} INFO - WARNING:root:Metascore not found: Message: no such element: Unable to locate element: {"method":"css selector","selector":"span.sc-b0901df4-0.bXIOoL.metacritic-score-box"}
[2024-10-10T15:44:10.693+0000] {subprocess.py:93} INFO -   (Session info: chrome=129.0.6668.89); For documentation on this error, please visit: https://www.selenium.dev/documentation/webdriver/troubleshooting/errors#no-such-element-exception
[2024-10-10T15:44:10.696+0000] {subprocess.py:93} INFO - Stacktrace:
[2024-10-10T15:44:10.700+0000] {subprocess.py:93} INFO - #0 0x55a1a4bf802a <unknown>
[2024-10-10T15:44:10.704+0000] {subprocess.py:93} INFO - #1 0x55a1a48de5e0 <unknown>
[2024-10-10T15:44:10.707+0000] {subprocess.py:93} INFO - #2 0x55a1a492dbe8 <unknown>
[2024-10-10T15:44:10.711+0000] {subprocess.py:93} INFO - #3 0x55a1a492de81 <unknown>
[2024-10-10T15:44:10.715+0000] {subprocess.py:93} INFO - #4 0x55a1a4922586 <unknown>
[2024-10-10T15:44:10.719+0000] {subprocess.py:93} INFO - #5 0x55a1a4952b4d <unknown>
[2024-10-10T15:44:10.723+0000] {subprocess.py:93} INFO - #6 0x55a1a4922478 <unknown>
[2024-10-10T15:44:10.726+0000] {subprocess.py:93} INFO - #7 0x55a1a4952cee <unknown>
[2024-10-10T15:44:10.730+0000] {subprocess.py:93} INFO - #8 0x55a1a4971d7d <unknown>
[2024-10-10T15:44:10.733+0000] {subprocess.py:93} INFO - #9 0x55a1a49528c3 <unknown>
[2024-10-10T15:44:10.739+0000] {subprocess.py:93} INFO - #10 0x55a1a49206b3 <unknown>
[2024-10-10T15:44:10.743+0000] {subprocess.py:93} INFO - #11 0x55a1a492168e <unknown>
[2024-10-10T15:44:10.746+0000] {subprocess.py:93} INFO - #12 0x55a1a4bc2a2b <unknown>
[2024-10-10T15:44:10.750+0000] {subprocess.py:93} INFO - #13 0x55a1a4bc69b1 <unknown>
[2024-10-10T15:44:10.754+0000] {subprocess.py:93} INFO - #14 0x55a1a4baf225 <unknown>
[2024-10-10T15:44:10.759+0000] {subprocess.py:93} INFO - #15 0x55a1a4bc7532 <unknown>
[2024-10-10T15:44:10.765+0000] {subprocess.py:93} INFO - #16 0x55a1a4b9438f <unknown>
[2024-10-10T15:44:10.770+0000] {subprocess.py:93} INFO - #17 0x55a1a4be6f28 <unknown>
[2024-10-10T15:44:10.775+0000] {subprocess.py:93} INFO - #18 0x55a1a4be70f3 <unknown>
[2024-10-10T15:44:10.781+0000] {subprocess.py:93} INFO - #19 0x55a1a4bf6e7c <unknown>
[2024-10-10T15:44:10.789+0000] {subprocess.py:93} INFO - #20 0x7f0f83625144 <unknown>
[2024-10-10T15:44:10.795+0000] {subprocess.py:93} INFO - 
[2024-10-10T15:44:11.638+0000] {subprocess.py:93} INFO - WARNING:root:Metascore not found: Message: no such element: Unable to locate element: {"method":"css selector","selector":"span.sc-b0901df4-0.bXIOoL.metacritic-score-box"}
[2024-10-10T15:44:11.644+0000] {subprocess.py:93} INFO -   (Session info: chrome=129.0.6668.89); For documentation on this error, please visit: https://www.selenium.dev/documentation/webdriver/troubleshooting/errors#no-such-element-exception
[2024-10-10T15:44:11.651+0000] {subprocess.py:93} INFO - Stacktrace:
[2024-10-10T15:44:11.657+0000] {subprocess.py:93} INFO - #0 0x55a1a4bf802a <unknown>
[2024-10-10T15:44:11.671+0000] {subprocess.py:93} INFO - #1 0x55a1a48de5e0 <unknown>
[2024-10-10T15:44:11.680+0000] {subprocess.py:93} INFO - #2 0x55a1a492dbe8 <unknown>
[2024-10-10T15:44:11.685+0000] {subprocess.py:93} INFO - #3 0x55a1a492de81 <unknown>
[2024-10-10T15:44:11.690+0000] {subprocess.py:93} INFO - #4 0x55a1a4922586 <unknown>
[2024-10-10T15:44:11.695+0000] {subprocess.py:93} INFO - #5 0x55a1a4952b4d <unknown>
[2024-10-10T15:44:11.705+0000] {subprocess.py:93} INFO - #6 0x55a1a4922478 <unknown>
[2024-10-10T15:44:11.712+0000] {subprocess.py:93} INFO - #7 0x55a1a4952cee <unknown>
[2024-10-10T15:44:11.727+0000] {subprocess.py:93} INFO - #8 0x55a1a4971d7d <unknown>
[2024-10-10T15:44:11.739+0000] {subprocess.py:93} INFO - #9 0x55a1a49528c3 <unknown>
[2024-10-10T15:44:11.757+0000] {subprocess.py:93} INFO - #10 0x55a1a49206b3 <unknown>
[2024-10-10T15:44:11.771+0000] {subprocess.py:93} INFO - #11 0x55a1a492168e <unknown>
[2024-10-10T15:44:11.777+0000] {subprocess.py:93} INFO - #12 0x55a1a4bc2a2b <unknown>
[2024-10-10T15:44:11.785+0000] {subprocess.py:93} INFO - #13 0x55a1a4bc69b1 <unknown>
[2024-10-10T15:44:11.797+0000] {subprocess.py:93} INFO - #14 0x55a1a4baf225 <unknown>
[2024-10-10T15:44:11.809+0000] {subprocess.py:93} INFO - #15 0x55a1a4bc7532 <unknown>
[2024-10-10T15:44:11.820+0000] {subprocess.py:93} INFO - #16 0x55a1a4b9438f <unknown>
[2024-10-10T15:44:11.825+0000] {subprocess.py:93} INFO - #17 0x55a1a4be6f28 <unknown>
[2024-10-10T15:44:11.829+0000] {subprocess.py:93} INFO - #18 0x55a1a4be70f3 <unknown>
[2024-10-10T15:44:11.833+0000] {subprocess.py:93} INFO - #19 0x55a1a4bf6e7c <unknown>
[2024-10-10T15:44:11.844+0000] {subprocess.py:93} INFO - #20 0x7f0f83625144 <unknown>
[2024-10-10T15:44:11.848+0000] {subprocess.py:93} INFO - 
[2024-10-10T15:44:12.691+0000] {subprocess.py:93} INFO - WARNING:root:Metascore not found: Message: no such element: Unable to locate element: {"method":"css selector","selector":"span.sc-b0901df4-0.bXIOoL.metacritic-score-box"}
[2024-10-10T15:44:12.697+0000] {subprocess.py:93} INFO -   (Session info: chrome=129.0.6668.89); For documentation on this error, please visit: https://www.selenium.dev/documentation/webdriver/troubleshooting/errors#no-such-element-exception
[2024-10-10T15:44:12.704+0000] {subprocess.py:93} INFO - Stacktrace:
[2024-10-10T15:44:12.712+0000] {subprocess.py:93} INFO - #0 0x55a1a4bf802a <unknown>
[2024-10-10T15:44:12.721+0000] {subprocess.py:93} INFO - #1 0x55a1a48de5e0 <unknown>
[2024-10-10T15:44:12.726+0000] {subprocess.py:93} INFO - #2 0x55a1a492dbe8 <unknown>
[2024-10-10T15:44:12.730+0000] {subprocess.py:93} INFO - #3 0x55a1a492de81 <unknown>
[2024-10-10T15:44:12.734+0000] {subprocess.py:93} INFO - #4 0x55a1a4922586 <unknown>
[2024-10-10T15:44:12.741+0000] {subprocess.py:93} INFO - #5 0x55a1a4952b4d <unknown>
[2024-10-10T15:44:12.746+0000] {subprocess.py:93} INFO - #6 0x55a1a4922478 <unknown>
[2024-10-10T15:44:12.751+0000] {subprocess.py:93} INFO - #7 0x55a1a4952cee <unknown>
[2024-10-10T15:44:12.754+0000] {subprocess.py:93} INFO - #8 0x55a1a4971d7d <unknown>
[2024-10-10T15:44:12.761+0000] {subprocess.py:93} INFO - #9 0x55a1a49528c3 <unknown>
[2024-10-10T15:44:12.771+0000] {subprocess.py:93} INFO - #10 0x55a1a49206b3 <unknown>
[2024-10-10T15:44:12.776+0000] {subprocess.py:93} INFO - #11 0x55a1a492168e <unknown>
[2024-10-10T15:44:12.783+0000] {subprocess.py:93} INFO - #12 0x55a1a4bc2a2b <unknown>
[2024-10-10T15:44:12.788+0000] {subprocess.py:93} INFO - #13 0x55a1a4bc69b1 <unknown>
[2024-10-10T15:44:12.795+0000] {subprocess.py:93} INFO - #14 0x55a1a4baf225 <unknown>
[2024-10-10T15:44:12.801+0000] {subprocess.py:93} INFO - #15 0x55a1a4bc7532 <unknown>
[2024-10-10T15:44:12.808+0000] {subprocess.py:93} INFO - #16 0x55a1a4b9438f <unknown>
[2024-10-10T15:44:12.813+0000] {subprocess.py:93} INFO - #17 0x55a1a4be6f28 <unknown>
[2024-10-10T15:44:12.820+0000] {subprocess.py:93} INFO - #18 0x55a1a4be70f3 <unknown>
[2024-10-10T15:44:12.823+0000] {subprocess.py:93} INFO - #19 0x55a1a4bf6e7c <unknown>
[2024-10-10T15:44:12.827+0000] {subprocess.py:93} INFO - #20 0x7f0f83625144 <unknown>
[2024-10-10T15:44:12.834+0000] {subprocess.py:93} INFO - 
[2024-10-10T15:44:13.340+0000] {subprocess.py:93} INFO - WARNING:root:Metascore not found: Message: no such element: Unable to locate element: {"method":"css selector","selector":"span.sc-b0901df4-0.bXIOoL.metacritic-score-box"}
[2024-10-10T15:44:13.343+0000] {subprocess.py:93} INFO -   (Session info: chrome=129.0.6668.89); For documentation on this error, please visit: https://www.selenium.dev/documentation/webdriver/troubleshooting/errors#no-such-element-exception
[2024-10-10T15:44:13.345+0000] {subprocess.py:93} INFO - Stacktrace:
[2024-10-10T15:44:13.348+0000] {subprocess.py:93} INFO - #0 0x55a1a4bf802a <unknown>
[2024-10-10T15:44:13.352+0000] {subprocess.py:93} INFO - #1 0x55a1a48de5e0 <unknown>
[2024-10-10T15:44:13.355+0000] {subprocess.py:93} INFO - #2 0x55a1a492dbe8 <unknown>
[2024-10-10T15:44:13.359+0000] {subprocess.py:93} INFO - #3 0x55a1a492de81 <unknown>
[2024-10-10T15:44:13.362+0000] {subprocess.py:93} INFO - #4 0x55a1a4922586 <unknown>
[2024-10-10T15:44:13.365+0000] {subprocess.py:93} INFO - #5 0x55a1a4952b4d <unknown>
[2024-10-10T15:44:13.369+0000] {subprocess.py:93} INFO - #6 0x55a1a4922478 <unknown>
[2024-10-10T15:44:13.372+0000] {subprocess.py:93} INFO - #7 0x55a1a4952cee <unknown>
[2024-10-10T15:44:13.375+0000] {subprocess.py:93} INFO - #8 0x55a1a4971d7d <unknown>
[2024-10-10T15:44:13.378+0000] {subprocess.py:93} INFO - #9 0x55a1a49528c3 <unknown>
[2024-10-10T15:44:13.380+0000] {subprocess.py:93} INFO - #10 0x55a1a49206b3 <unknown>
[2024-10-10T15:44:13.382+0000] {subprocess.py:93} INFO - #11 0x55a1a492168e <unknown>
[2024-10-10T15:44:13.384+0000] {subprocess.py:93} INFO - #12 0x55a1a4bc2a2b <unknown>
[2024-10-10T15:44:13.387+0000] {subprocess.py:93} INFO - #13 0x55a1a4bc69b1 <unknown>
[2024-10-10T15:44:13.389+0000] {subprocess.py:93} INFO - #14 0x55a1a4baf225 <unknown>
[2024-10-10T15:44:13.392+0000] {subprocess.py:93} INFO - #15 0x55a1a4bc7532 <unknown>
[2024-10-10T15:44:13.397+0000] {subprocess.py:93} INFO - #16 0x55a1a4b9438f <unknown>
[2024-10-10T15:44:13.401+0000] {subprocess.py:93} INFO - #17 0x55a1a4be6f28 <unknown>
[2024-10-10T15:44:13.406+0000] {subprocess.py:93} INFO - #18 0x55a1a4be70f3 <unknown>
[2024-10-10T15:44:13.411+0000] {subprocess.py:93} INFO - #19 0x55a1a4bf6e7c <unknown>
[2024-10-10T15:44:13.413+0000] {subprocess.py:93} INFO - #20 0x7f0f83625144 <unknown>
[2024-10-10T15:44:13.416+0000] {subprocess.py:93} INFO - 
[2024-10-10T15:44:13.810+0000] {subprocess.py:93} INFO - WARNING:root:Metascore not found: Message: no such element: Unable to locate element: {"method":"css selector","selector":"span.sc-b0901df4-0.bXIOoL.metacritic-score-box"}
[2024-10-10T15:44:13.814+0000] {subprocess.py:93} INFO -   (Session info: chrome=129.0.6668.89); For documentation on this error, please visit: https://www.selenium.dev/documentation/webdriver/troubleshooting/errors#no-such-element-exception
[2024-10-10T15:44:13.819+0000] {subprocess.py:93} INFO - Stacktrace:
[2024-10-10T15:44:13.822+0000] {subprocess.py:93} INFO - #0 0x55a1a4bf802a <unknown>
[2024-10-10T15:44:13.825+0000] {subprocess.py:93} INFO - #1 0x55a1a48de5e0 <unknown>
[2024-10-10T15:44:13.829+0000] {subprocess.py:93} INFO - #2 0x55a1a492dbe8 <unknown>
[2024-10-10T15:44:13.832+0000] {subprocess.py:93} INFO - #3 0x55a1a492de81 <unknown>
[2024-10-10T15:44:13.836+0000] {subprocess.py:93} INFO - #4 0x55a1a4922586 <unknown>
[2024-10-10T15:44:13.839+0000] {subprocess.py:93} INFO - #5 0x55a1a4952b4d <unknown>
[2024-10-10T15:44:13.843+0000] {subprocess.py:93} INFO - #6 0x55a1a4922478 <unknown>
[2024-10-10T15:44:13.847+0000] {subprocess.py:93} INFO - #7 0x55a1a4952cee <unknown>
[2024-10-10T15:44:13.853+0000] {subprocess.py:93} INFO - #8 0x55a1a4971d7d <unknown>
[2024-10-10T15:44:13.859+0000] {subprocess.py:93} INFO - #9 0x55a1a49528c3 <unknown>
[2024-10-10T15:44:13.863+0000] {subprocess.py:93} INFO - #10 0x55a1a49206b3 <unknown>
[2024-10-10T15:44:13.867+0000] {subprocess.py:93} INFO - #11 0x55a1a492168e <unknown>
[2024-10-10T15:44:13.875+0000] {subprocess.py:93} INFO - #12 0x55a1a4bc2a2b <unknown>
[2024-10-10T15:44:13.881+0000] {subprocess.py:93} INFO - #13 0x55a1a4bc69b1 <unknown>
[2024-10-10T15:44:13.886+0000] {subprocess.py:93} INFO - #14 0x55a1a4baf225 <unknown>
[2024-10-10T15:44:13.890+0000] {subprocess.py:93} INFO - #15 0x55a1a4bc7532 <unknown>
[2024-10-10T15:44:13.894+0000] {subprocess.py:93} INFO - #16 0x55a1a4b9438f <unknown>
[2024-10-10T15:44:13.897+0000] {subprocess.py:93} INFO - #17 0x55a1a4be6f28 <unknown>
[2024-10-10T15:44:13.901+0000] {subprocess.py:93} INFO - #18 0x55a1a4be70f3 <unknown>
[2024-10-10T15:44:13.904+0000] {subprocess.py:93} INFO - #19 0x55a1a4bf6e7c <unknown>
[2024-10-10T15:44:13.909+0000] {subprocess.py:93} INFO - #20 0x7f0f83625144 <unknown>
[2024-10-10T15:44:13.912+0000] {subprocess.py:93} INFO - 
[2024-10-10T15:44:14.484+0000] {subprocess.py:93} INFO - WARNING:root:Metascore not found: Message: no such element: Unable to locate element: {"method":"css selector","selector":"span.sc-b0901df4-0.bXIOoL.metacritic-score-box"}
[2024-10-10T15:44:14.487+0000] {subprocess.py:93} INFO -   (Session info: chrome=129.0.6668.89); For documentation on this error, please visit: https://www.selenium.dev/documentation/webdriver/troubleshooting/errors#no-such-element-exception
[2024-10-10T15:44:14.491+0000] {subprocess.py:93} INFO - Stacktrace:
[2024-10-10T15:44:14.494+0000] {subprocess.py:93} INFO - #0 0x55a1a4bf802a <unknown>
[2024-10-10T15:44:14.497+0000] {subprocess.py:93} INFO - #1 0x55a1a48de5e0 <unknown>
[2024-10-10T15:44:14.500+0000] {subprocess.py:93} INFO - #2 0x55a1a492dbe8 <unknown>
[2024-10-10T15:44:14.509+0000] {subprocess.py:93} INFO - #3 0x55a1a492de81 <unknown>
[2024-10-10T15:44:14.513+0000] {subprocess.py:93} INFO - #4 0x55a1a4922586 <unknown>
[2024-10-10T15:44:14.522+0000] {subprocess.py:93} INFO - #5 0x55a1a4952b4d <unknown>
[2024-10-10T15:44:14.537+0000] {subprocess.py:93} INFO - #6 0x55a1a4922478 <unknown>
[2024-10-10T15:44:14.545+0000] {subprocess.py:93} INFO - #7 0x55a1a4952cee <unknown>
[2024-10-10T15:44:14.554+0000] {subprocess.py:93} INFO - #8 0x55a1a4971d7d <unknown>
[2024-10-10T15:44:14.571+0000] {subprocess.py:93} INFO - #9 0x55a1a49528c3 <unknown>
[2024-10-10T15:44:14.577+0000] {subprocess.py:93} INFO - #10 0x55a1a49206b3 <unknown>
[2024-10-10T15:44:14.599+0000] {subprocess.py:93} INFO - #11 0x55a1a492168e <unknown>
[2024-10-10T15:44:14.614+0000] {subprocess.py:93} INFO - #12 0x55a1a4bc2a2b <unknown>
[2024-10-10T15:44:14.623+0000] {subprocess.py:93} INFO - #13 0x55a1a4bc69b1 <unknown>
[2024-10-10T15:44:14.635+0000] {subprocess.py:93} INFO - #14 0x55a1a4baf225 <unknown>
[2024-10-10T15:44:14.646+0000] {subprocess.py:93} INFO - #15 0x55a1a4bc7532 <unknown>
[2024-10-10T15:44:14.653+0000] {subprocess.py:93} INFO - #16 0x55a1a4b9438f <unknown>
[2024-10-10T15:44:14.665+0000] {subprocess.py:93} INFO - #17 0x55a1a4be6f28 <unknown>
[2024-10-10T15:44:14.676+0000] {subprocess.py:93} INFO - #18 0x55a1a4be70f3 <unknown>
[2024-10-10T15:44:14.684+0000] {subprocess.py:93} INFO - #19 0x55a1a4bf6e7c <unknown>
[2024-10-10T15:44:14.692+0000] {subprocess.py:93} INFO - #20 0x7f0f83625144 <unknown>
[2024-10-10T15:44:14.708+0000] {subprocess.py:93} INFO - 
[2024-10-10T15:44:15.519+0000] {subprocess.py:93} INFO - WARNING:root:Metascore not found: Message: no such element: Unable to locate element: {"method":"css selector","selector":"span.sc-b0901df4-0.bXIOoL.metacritic-score-box"}
[2024-10-10T15:44:15.523+0000] {subprocess.py:93} INFO -   (Session info: chrome=129.0.6668.89); For documentation on this error, please visit: https://www.selenium.dev/documentation/webdriver/troubleshooting/errors#no-such-element-exception
[2024-10-10T15:44:15.534+0000] {subprocess.py:93} INFO - Stacktrace:
[2024-10-10T15:44:15.541+0000] {subprocess.py:93} INFO - #0 0x55a1a4bf802a <unknown>
[2024-10-10T15:44:15.548+0000] {subprocess.py:93} INFO - #1 0x55a1a48de5e0 <unknown>
[2024-10-10T15:44:15.555+0000] {subprocess.py:93} INFO - #2 0x55a1a492dbe8 <unknown>
[2024-10-10T15:44:15.561+0000] {subprocess.py:93} INFO - #3 0x55a1a492de81 <unknown>
[2024-10-10T15:44:15.568+0000] {subprocess.py:93} INFO - #4 0x55a1a4922586 <unknown>
[2024-10-10T15:44:15.574+0000] {subprocess.py:93} INFO - #5 0x55a1a4952b4d <unknown>
[2024-10-10T15:44:15.583+0000] {subprocess.py:93} INFO - #6 0x55a1a4922478 <unknown>
[2024-10-10T15:44:15.588+0000] {subprocess.py:93} INFO - #7 0x55a1a4952cee <unknown>
[2024-10-10T15:44:15.594+0000] {subprocess.py:93} INFO - #8 0x55a1a4971d7d <unknown>
[2024-10-10T15:44:15.603+0000] {subprocess.py:93} INFO - #9 0x55a1a49528c3 <unknown>
[2024-10-10T15:44:15.613+0000] {subprocess.py:93} INFO - #10 0x55a1a49206b3 <unknown>
[2024-10-10T15:44:15.619+0000] {subprocess.py:93} INFO - #11 0x55a1a492168e <unknown>
[2024-10-10T15:44:15.628+0000] {subprocess.py:93} INFO - #12 0x55a1a4bc2a2b <unknown>
[2024-10-10T15:44:15.633+0000] {subprocess.py:93} INFO - #13 0x55a1a4bc69b1 <unknown>
[2024-10-10T15:44:15.640+0000] {subprocess.py:93} INFO - #14 0x55a1a4baf225 <unknown>
[2024-10-10T15:44:15.648+0000] {subprocess.py:93} INFO - #15 0x55a1a4bc7532 <unknown>
[2024-10-10T15:44:15.653+0000] {subprocess.py:93} INFO - #16 0x55a1a4b9438f <unknown>
[2024-10-10T15:44:15.672+0000] {subprocess.py:93} INFO - #17 0x55a1a4be6f28 <unknown>
[2024-10-10T15:44:15.681+0000] {subprocess.py:93} INFO - #18 0x55a1a4be70f3 <unknown>
[2024-10-10T15:44:15.686+0000] {subprocess.py:93} INFO - #19 0x55a1a4bf6e7c <unknown>
[2024-10-10T15:44:15.702+0000] {subprocess.py:93} INFO - #20 0x7f0f83625144 <unknown>
[2024-10-10T15:44:15.712+0000] {subprocess.py:93} INFO - 
[2024-10-10T15:44:16.301+0000] {subprocess.py:93} INFO - WARNING:root:Metascore not found: Message: no such element: Unable to locate element: {"method":"css selector","selector":"span.sc-b0901df4-0.bXIOoL.metacritic-score-box"}
[2024-10-10T15:44:16.305+0000] {subprocess.py:93} INFO -   (Session info: chrome=129.0.6668.89); For documentation on this error, please visit: https://www.selenium.dev/documentation/webdriver/troubleshooting/errors#no-such-element-exception
[2024-10-10T15:44:16.311+0000] {subprocess.py:93} INFO - Stacktrace:
[2024-10-10T15:44:16.319+0000] {subprocess.py:93} INFO - #0 0x55a1a4bf802a <unknown>
[2024-10-10T15:44:16.325+0000] {subprocess.py:93} INFO - #1 0x55a1a48de5e0 <unknown>
[2024-10-10T15:44:16.331+0000] {subprocess.py:93} INFO - #2 0x55a1a492dbe8 <unknown>
[2024-10-10T15:44:16.340+0000] {subprocess.py:93} INFO - #3 0x55a1a492de81 <unknown>
[2024-10-10T15:44:16.344+0000] {subprocess.py:93} INFO - #4 0x55a1a4922586 <unknown>
[2024-10-10T15:44:16.351+0000] {subprocess.py:93} INFO - #5 0x55a1a4952b4d <unknown>
[2024-10-10T15:44:16.359+0000] {subprocess.py:93} INFO - #6 0x55a1a4922478 <unknown>
[2024-10-10T15:44:16.364+0000] {subprocess.py:93} INFO - #7 0x55a1a4952cee <unknown>
[2024-10-10T15:44:16.368+0000] {subprocess.py:93} INFO - #8 0x55a1a4971d7d <unknown>
[2024-10-10T15:44:16.373+0000] {subprocess.py:93} INFO - #9 0x55a1a49528c3 <unknown>
[2024-10-10T15:44:16.375+0000] {subprocess.py:93} INFO - #10 0x55a1a49206b3 <unknown>
[2024-10-10T15:44:16.381+0000] {subprocess.py:93} INFO - #11 0x55a1a492168e <unknown>
[2024-10-10T15:44:16.385+0000] {subprocess.py:93} INFO - #12 0x55a1a4bc2a2b <unknown>
[2024-10-10T15:44:16.391+0000] {subprocess.py:93} INFO - #13 0x55a1a4bc69b1 <unknown>
[2024-10-10T15:44:16.395+0000] {subprocess.py:93} INFO - #14 0x55a1a4baf225 <unknown>
[2024-10-10T15:44:16.398+0000] {subprocess.py:93} INFO - #15 0x55a1a4bc7532 <unknown>
[2024-10-10T15:44:16.402+0000] {subprocess.py:93} INFO - #16 0x55a1a4b9438f <unknown>
[2024-10-10T15:44:16.407+0000] {subprocess.py:93} INFO - #17 0x55a1a4be6f28 <unknown>
[2024-10-10T15:44:16.411+0000] {subprocess.py:93} INFO - #18 0x55a1a4be70f3 <unknown>
[2024-10-10T15:44:16.415+0000] {subprocess.py:93} INFO - #19 0x55a1a4bf6e7c <unknown>
[2024-10-10T15:44:16.419+0000] {subprocess.py:93} INFO - #20 0x7f0f83625144 <unknown>
[2024-10-10T15:44:16.426+0000] {subprocess.py:93} INFO - 
[2024-10-10T15:44:16.908+0000] {subprocess.py:93} INFO - WARNING:root:Metascore not found: Message: no such element: Unable to locate element: {"method":"css selector","selector":"span.sc-b0901df4-0.bXIOoL.metacritic-score-box"}
[2024-10-10T15:44:16.910+0000] {subprocess.py:93} INFO -   (Session info: chrome=129.0.6668.89); For documentation on this error, please visit: https://www.selenium.dev/documentation/webdriver/troubleshooting/errors#no-such-element-exception
[2024-10-10T15:44:16.913+0000] {subprocess.py:93} INFO - Stacktrace:
[2024-10-10T15:44:16.916+0000] {subprocess.py:93} INFO - #0 0x55a1a4bf802a <unknown>
[2024-10-10T15:44:16.920+0000] {subprocess.py:93} INFO - #1 0x55a1a48de5e0 <unknown>
[2024-10-10T15:44:16.923+0000] {subprocess.py:93} INFO - #2 0x55a1a492dbe8 <unknown>
[2024-10-10T15:44:16.926+0000] {subprocess.py:93} INFO - #3 0x55a1a492de81 <unknown>
[2024-10-10T15:44:16.929+0000] {subprocess.py:93} INFO - #4 0x55a1a4922586 <unknown>
[2024-10-10T15:44:16.931+0000] {subprocess.py:93} INFO - #5 0x55a1a4952b4d <unknown>
[2024-10-10T15:44:16.934+0000] {subprocess.py:93} INFO - #6 0x55a1a4922478 <unknown>
[2024-10-10T15:44:16.940+0000] {subprocess.py:93} INFO - #7 0x55a1a4952cee <unknown>
[2024-10-10T15:44:16.943+0000] {subprocess.py:93} INFO - #8 0x55a1a4971d7d <unknown>
[2024-10-10T15:44:16.946+0000] {subprocess.py:93} INFO - #9 0x55a1a49528c3 <unknown>
[2024-10-10T15:44:16.949+0000] {subprocess.py:93} INFO - #10 0x55a1a49206b3 <unknown>
[2024-10-10T15:44:16.952+0000] {subprocess.py:93} INFO - #11 0x55a1a492168e <unknown>
[2024-10-10T15:44:16.956+0000] {subprocess.py:93} INFO - #12 0x55a1a4bc2a2b <unknown>
[2024-10-10T15:44:16.959+0000] {subprocess.py:93} INFO - #13 0x55a1a4bc69b1 <unknown>
[2024-10-10T15:44:16.963+0000] {subprocess.py:93} INFO - #14 0x55a1a4baf225 <unknown>
[2024-10-10T15:44:16.968+0000] {subprocess.py:93} INFO - #15 0x55a1a4bc7532 <unknown>
[2024-10-10T15:44:16.973+0000] {subprocess.py:93} INFO - #16 0x55a1a4b9438f <unknown>
[2024-10-10T15:44:16.977+0000] {subprocess.py:93} INFO - #17 0x55a1a4be6f28 <unknown>
[2024-10-10T15:44:16.980+0000] {subprocess.py:93} INFO - #18 0x55a1a4be70f3 <unknown>
[2024-10-10T15:44:16.993+0000] {subprocess.py:93} INFO - #19 0x55a1a4bf6e7c <unknown>
[2024-10-10T15:44:16.999+0000] {subprocess.py:93} INFO - #20 0x7f0f83625144 <unknown>
[2024-10-10T15:44:17.002+0000] {subprocess.py:93} INFO - 
[2024-10-10T15:44:17.510+0000] {subprocess.py:93} INFO - WARNING:root:Metascore not found: Message: no such element: Unable to locate element: {"method":"css selector","selector":"span.sc-b0901df4-0.bXIOoL.metacritic-score-box"}
[2024-10-10T15:44:17.513+0000] {subprocess.py:93} INFO -   (Session info: chrome=129.0.6668.89); For documentation on this error, please visit: https://www.selenium.dev/documentation/webdriver/troubleshooting/errors#no-such-element-exception
[2024-10-10T15:44:17.520+0000] {subprocess.py:93} INFO - Stacktrace:
[2024-10-10T15:44:17.524+0000] {subprocess.py:93} INFO - #0 0x55a1a4bf802a <unknown>
[2024-10-10T15:44:17.527+0000] {subprocess.py:93} INFO - #1 0x55a1a48de5e0 <unknown>
[2024-10-10T15:44:17.530+0000] {subprocess.py:93} INFO - #2 0x55a1a492dbe8 <unknown>
[2024-10-10T15:44:17.532+0000] {subprocess.py:93} INFO - #3 0x55a1a492de81 <unknown>
[2024-10-10T15:44:17.535+0000] {subprocess.py:93} INFO - #4 0x55a1a4922586 <unknown>
[2024-10-10T15:44:17.538+0000] {subprocess.py:93} INFO - #5 0x55a1a4952b4d <unknown>
[2024-10-10T15:44:17.544+0000] {subprocess.py:93} INFO - #6 0x55a1a4922478 <unknown>
[2024-10-10T15:44:17.547+0000] {subprocess.py:93} INFO - #7 0x55a1a4952cee <unknown>
[2024-10-10T15:44:17.553+0000] {subprocess.py:93} INFO - #8 0x55a1a4971d7d <unknown>
[2024-10-10T15:44:17.558+0000] {subprocess.py:93} INFO - #9 0x55a1a49528c3 <unknown>
[2024-10-10T15:44:17.562+0000] {subprocess.py:93} INFO - #10 0x55a1a49206b3 <unknown>
[2024-10-10T15:44:17.565+0000] {subprocess.py:93} INFO - #11 0x55a1a492168e <unknown>
[2024-10-10T15:44:17.568+0000] {subprocess.py:93} INFO - #12 0x55a1a4bc2a2b <unknown>
[2024-10-10T15:44:17.571+0000] {subprocess.py:93} INFO - #13 0x55a1a4bc69b1 <unknown>
[2024-10-10T15:44:17.576+0000] {subprocess.py:93} INFO - #14 0x55a1a4baf225 <unknown>
[2024-10-10T15:44:17.579+0000] {subprocess.py:93} INFO - #15 0x55a1a4bc7532 <unknown>
[2024-10-10T15:44:17.583+0000] {subprocess.py:93} INFO - #16 0x55a1a4b9438f <unknown>
[2024-10-10T15:44:17.589+0000] {subprocess.py:93} INFO - #17 0x55a1a4be6f28 <unknown>
[2024-10-10T15:44:17.592+0000] {subprocess.py:93} INFO - #18 0x55a1a4be70f3 <unknown>
[2024-10-10T15:44:17.596+0000] {subprocess.py:93} INFO - #19 0x55a1a4bf6e7c <unknown>
[2024-10-10T15:44:17.599+0000] {subprocess.py:93} INFO - #20 0x7f0f83625144 <unknown>
[2024-10-10T15:44:17.602+0000] {subprocess.py:93} INFO - 
[2024-10-10T15:44:18.026+0000] {subprocess.py:93} INFO - WARNING:root:Metascore not found: Message: no such element: Unable to locate element: {"method":"css selector","selector":"span.sc-b0901df4-0.bXIOoL.metacritic-score-box"}
[2024-10-10T15:44:18.029+0000] {subprocess.py:93} INFO -   (Session info: chrome=129.0.6668.89); For documentation on this error, please visit: https://www.selenium.dev/documentation/webdriver/troubleshooting/errors#no-such-element-exception
[2024-10-10T15:44:18.033+0000] {subprocess.py:93} INFO - Stacktrace:
[2024-10-10T15:44:18.041+0000] {subprocess.py:93} INFO - #0 0x55a1a4bf802a <unknown>
[2024-10-10T15:44:18.048+0000] {subprocess.py:93} INFO - #1 0x55a1a48de5e0 <unknown>
[2024-10-10T15:44:18.052+0000] {subprocess.py:93} INFO - #2 0x55a1a492dbe8 <unknown>
[2024-10-10T15:44:18.061+0000] {subprocess.py:93} INFO - #3 0x55a1a492de81 <unknown>
[2024-10-10T15:44:18.068+0000] {subprocess.py:93} INFO - #4 0x55a1a4922586 <unknown>
[2024-10-10T15:44:18.073+0000] {subprocess.py:93} INFO - #5 0x55a1a4952b4d <unknown>
[2024-10-10T15:44:18.079+0000] {subprocess.py:93} INFO - #6 0x55a1a4922478 <unknown>
[2024-10-10T15:44:18.085+0000] {subprocess.py:93} INFO - #7 0x55a1a4952cee <unknown>
[2024-10-10T15:44:18.089+0000] {subprocess.py:93} INFO - #8 0x55a1a4971d7d <unknown>
[2024-10-10T15:44:18.093+0000] {subprocess.py:93} INFO - #9 0x55a1a49528c3 <unknown>
[2024-10-10T15:44:18.098+0000] {subprocess.py:93} INFO - #10 0x55a1a49206b3 <unknown>
[2024-10-10T15:44:18.103+0000] {subprocess.py:93} INFO - #11 0x55a1a492168e <unknown>
[2024-10-10T15:44:18.106+0000] {subprocess.py:93} INFO - #12 0x55a1a4bc2a2b <unknown>
[2024-10-10T15:44:18.112+0000] {subprocess.py:93} INFO - #13 0x55a1a4bc69b1 <unknown>
[2024-10-10T15:44:18.118+0000] {subprocess.py:93} INFO - #14 0x55a1a4baf225 <unknown>
[2024-10-10T15:44:18.121+0000] {subprocess.py:93} INFO - #15 0x55a1a4bc7532 <unknown>
[2024-10-10T15:44:18.124+0000] {subprocess.py:93} INFO - #16 0x55a1a4b9438f <unknown>
[2024-10-10T15:44:18.128+0000] {subprocess.py:93} INFO - #17 0x55a1a4be6f28 <unknown>
[2024-10-10T15:44:18.132+0000] {subprocess.py:93} INFO - #18 0x55a1a4be70f3 <unknown>
[2024-10-10T15:44:18.136+0000] {subprocess.py:93} INFO - #19 0x55a1a4bf6e7c <unknown>
[2024-10-10T15:44:18.143+0000] {subprocess.py:93} INFO - #20 0x7f0f83625144 <unknown>
[2024-10-10T15:44:18.148+0000] {subprocess.py:93} INFO - 
[2024-10-10T15:44:18.664+0000] {subprocess.py:93} INFO - WARNING:root:Metascore not found: Message: no such element: Unable to locate element: {"method":"css selector","selector":"span.sc-b0901df4-0.bXIOoL.metacritic-score-box"}
[2024-10-10T15:44:18.668+0000] {subprocess.py:93} INFO -   (Session info: chrome=129.0.6668.89); For documentation on this error, please visit: https://www.selenium.dev/documentation/webdriver/troubleshooting/errors#no-such-element-exception
[2024-10-10T15:44:18.673+0000] {subprocess.py:93} INFO - Stacktrace:
[2024-10-10T15:44:18.683+0000] {subprocess.py:93} INFO - #0 0x55a1a4bf802a <unknown>
[2024-10-10T15:44:18.691+0000] {subprocess.py:93} INFO - #1 0x55a1a48de5e0 <unknown>
[2024-10-10T15:44:18.704+0000] {subprocess.py:93} INFO - #2 0x55a1a492dbe8 <unknown>
[2024-10-10T15:44:18.713+0000] {subprocess.py:93} INFO - #3 0x55a1a492de81 <unknown>
[2024-10-10T15:44:18.724+0000] {subprocess.py:93} INFO - #4 0x55a1a4922586 <unknown>
[2024-10-10T15:44:18.735+0000] {subprocess.py:93} INFO - #5 0x55a1a4952b4d <unknown>
[2024-10-10T15:44:18.749+0000] {subprocess.py:93} INFO - #6 0x55a1a4922478 <unknown>
[2024-10-10T15:44:18.757+0000] {subprocess.py:93} INFO - #7 0x55a1a4952cee <unknown>
[2024-10-10T15:44:18.769+0000] {subprocess.py:93} INFO - #8 0x55a1a4971d7d <unknown>
[2024-10-10T15:44:18.781+0000] {subprocess.py:93} INFO - #9 0x55a1a49528c3 <unknown>
[2024-10-10T15:44:18.795+0000] {subprocess.py:93} INFO - #10 0x55a1a49206b3 <unknown>
[2024-10-10T15:44:18.802+0000] {subprocess.py:93} INFO - #11 0x55a1a492168e <unknown>
[2024-10-10T15:44:18.821+0000] {subprocess.py:93} INFO - #12 0x55a1a4bc2a2b <unknown>
[2024-10-10T15:44:18.835+0000] {subprocess.py:93} INFO - #13 0x55a1a4bc69b1 <unknown>
[2024-10-10T15:44:18.842+0000] {subprocess.py:93} INFO - #14 0x55a1a4baf225 <unknown>
[2024-10-10T15:44:18.853+0000] {subprocess.py:93} INFO - #15 0x55a1a4bc7532 <unknown>
[2024-10-10T15:44:18.866+0000] {subprocess.py:93} INFO - #16 0x55a1a4b9438f <unknown>
[2024-10-10T15:44:18.901+0000] {subprocess.py:93} INFO - #17 0x55a1a4be6f28 <unknown>
[2024-10-10T15:44:18.915+0000] {subprocess.py:93} INFO - #18 0x55a1a4be70f3 <unknown>
[2024-10-10T15:44:18.931+0000] {subprocess.py:93} INFO - #19 0x55a1a4bf6e7c <unknown>
[2024-10-10T15:44:18.946+0000] {subprocess.py:93} INFO - #20 0x7f0f83625144 <unknown>
[2024-10-10T15:44:18.951+0000] {subprocess.py:93} INFO - 
[2024-10-10T15:44:19.817+0000] {subprocess.py:97} INFO - Command exited with return code 0
[2024-10-10T15:44:19.872+0000] {taskinstance.py:340} INFO - ::group::Post task execution logs
[2024-10-10T15:44:19.876+0000] {taskinstance.py:352} INFO - Marking task as SUCCESS. dag_id=EL, task_id=extract, run_id=manual__2024-10-10T15:43:30.504185+00:00, execution_date=20241010T154330, start_date=20241010T154337, end_date=20241010T154419
[2024-10-10T15:44:19.921+0000] {local_task_job_runner.py:266} INFO - Task exited with return code 0
[2024-10-10T15:44:19.961+0000] {taskinstance.py:3900} INFO - 1 downstream tasks scheduled from follow-on schedule check
[2024-10-10T15:44:19.968+0000] {local_task_job_runner.py:245} INFO - ::endgroup::
