[2024-10-13T14:28:54.797+0000] {local_task_job_runner.py:123} INFO - ::group::Pre task execution logs
[2024-10-13T14:28:54.838+0000] {taskinstance.py:2612} INFO - Dependencies all met for dep_context=non-requeueable deps ti=<TaskInstance: EL.load manual__2024-10-13T14:27:59.298027+00:00 [queued]>
[2024-10-13T14:28:54.858+0000] {taskinstance.py:2612} INFO - Dependencies all met for dep_context=requeueable deps ti=<TaskInstance: EL.load manual__2024-10-13T14:27:59.298027+00:00 [queued]>
[2024-10-13T14:28:54.862+0000] {taskinstance.py:2865} INFO - Starting attempt 1 of 1
[2024-10-13T14:28:54.892+0000] {taskinstance.py:2888} INFO - Executing <Task(PythonOperator): load> on 2024-10-13 14:27:59.298027+00:00
[2024-10-13T14:28:54.905+0000] {standard_task_runner.py:72} INFO - Started process 280 to run task
[2024-10-13T14:28:54.916+0000] {standard_task_runner.py:104} INFO - Running: ['airflow', 'tasks', 'run', 'EL', 'load', 'manual__2024-10-13T14:27:59.298027+00:00', '--job-id', '38', '--raw', '--subdir', 'DAGS_FOLDER/scrape_dag.py', '--cfg-path', '/tmp/tmpseal2ju7']
[2024-10-13T14:28:54.923+0000] {standard_task_runner.py:105} INFO - Job 38: Subtask load
[2024-10-13T14:28:54.953+0000] {warnings.py:109} WARNING - /home/airflow/.local/lib/python3.10/site-packages/airflow/settings.py:209: DeprecationWarning: The sql_alchemy_conn option in [core] has been moved to the sql_alchemy_conn option in [database] - the old setting has been used, but please update your config.
  SQL_ALCHEMY_CONN = conf.get("database", "SQL_ALCHEMY_CONN")

[2024-10-13T14:28:55.044+0000] {task_command.py:467} INFO - Running <TaskInstance: EL.load manual__2024-10-13T14:27:59.298027+00:00 [running]> on host 668b1c67d141
[2024-10-13T14:28:55.331+0000] {taskinstance.py:3131} INFO - Exporting env vars: AIRFLOW_CTX_DAG_OWNER='bmw' AIRFLOW_CTX_DAG_ID='EL' AIRFLOW_CTX_TASK_ID='load' AIRFLOW_CTX_EXECUTION_DATE='2024-10-13T14:27:59.298027+00:00' AIRFLOW_CTX_TRY_NUMBER='1' AIRFLOW_CTX_DAG_RUN_ID='manual__2024-10-13T14:27:59.298027+00:00'
[2024-10-13T14:28:55.337+0000] {taskinstance.py:731} INFO - ::endgroup::
[2024-10-13T14:29:01.965+0000] {logging_mixin.py:190} INFO - Loaded 20 rows into fundamental-run-381716.demo.imdb_movie.
[2024-10-13T14:29:01.966+0000] {python.py:240} INFO - Done. Returned value was: None
[2024-10-13T14:29:01.984+0000] {taskinstance.py:340} INFO - ::group::Post task execution logs
[2024-10-13T14:29:01.987+0000] {taskinstance.py:352} INFO - Marking task as SUCCESS. dag_id=EL, task_id=load, run_id=manual__2024-10-13T14:27:59.298027+00:00, execution_date=20241013T142759, start_date=20241013T142854, end_date=20241013T142901
[2024-10-13T14:29:02.029+0000] {local_task_job_runner.py:266} INFO - Task exited with return code 0
[2024-10-13T14:29:02.060+0000] {taskinstance.py:3900} INFO - 0 downstream tasks scheduled from follow-on schedule check
[2024-10-13T14:29:02.066+0000] {local_task_job_runner.py:245} INFO - ::endgroup::
