[2024-10-13T14:28:06.255+0000] {local_task_job_runner.py:123} INFO - ::group::Pre task execution logs
[2024-10-13T14:28:06.295+0000] {taskinstance.py:2612} INFO - Dependencies all met for dep_context=non-requeueable deps ti=<TaskInstance: EL.extract manual__2024-10-13T14:27:59.298027+00:00 [queued]>
[2024-10-13T14:28:06.319+0000] {taskinstance.py:2612} INFO - Dependencies all met for dep_context=requeueable deps ti=<TaskInstance: EL.extract manual__2024-10-13T14:27:59.298027+00:00 [queued]>
[2024-10-13T14:28:06.322+0000] {taskinstance.py:2865} INFO - Starting attempt 1 of 1
[2024-10-13T14:28:06.365+0000] {taskinstance.py:2888} INFO - Executing <Task(BashOperator): extract> on 2024-10-13 14:27:59.298027+00:00
[2024-10-13T14:28:06.381+0000] {standard_task_runner.py:72} INFO - Started process 50 to run task
[2024-10-13T14:28:06.397+0000] {standard_task_runner.py:104} INFO - Running: ['airflow', 'tasks', 'run', 'EL', 'extract', 'manual__2024-10-13T14:27:59.298027+00:00', '--job-id', '37', '--raw', '--subdir', 'DAGS_FOLDER/scrape_dag.py', '--cfg-path', '/tmp/tmp0p4lho4k']
[2024-10-13T14:28:06.407+0000] {standard_task_runner.py:105} INFO - Job 37: Subtask extract
[2024-10-13T14:28:06.449+0000] {warnings.py:109} WARNING - /home/airflow/.local/lib/python3.10/site-packages/airflow/settings.py:209: DeprecationWarning: The sql_alchemy_conn option in [core] has been moved to the sql_alchemy_conn option in [database] - the old setting has been used, but please update your config.
  SQL_ALCHEMY_CONN = conf.get("database", "SQL_ALCHEMY_CONN")

[2024-10-13T14:28:06.558+0000] {task_command.py:467} INFO - Running <TaskInstance: EL.extract manual__2024-10-13T14:27:59.298027+00:00 [running]> on host 668b1c67d141
[2024-10-13T14:28:06.824+0000] {taskinstance.py:3131} INFO - Exporting env vars: AIRFLOW_CTX_DAG_OWNER='bmw' AIRFLOW_CTX_DAG_ID='EL' AIRFLOW_CTX_TASK_ID='extract' AIRFLOW_CTX_EXECUTION_DATE='2024-10-13T14:27:59.298027+00:00' AIRFLOW_CTX_TRY_NUMBER='1' AIRFLOW_CTX_DAG_RUN_ID='manual__2024-10-13T14:27:59.298027+00:00'
[2024-10-13T14:28:06.829+0000] {taskinstance.py:731} INFO - ::endgroup::
[2024-10-13T14:28:06.893+0000] {subprocess.py:63} INFO - Tmp dir root location: /tmp
[2024-10-13T14:28:06.898+0000] {subprocess.py:75} INFO - Running command: ['/usr/bin/bash', '-c', 'xvfb-run --server-args="-screen 0 1920x1080x24" python3 /opt/airflow/scripts/scrape.py']
[2024-10-13T14:28:06.922+0000] {subprocess.py:86} INFO - Output:
[2024-10-13T14:28:14.530+0000] {subprocess.py:93} INFO - INFO:root:Opening IMDb page...
[2024-10-13T14:28:23.155+0000] {subprocess.py:93} INFO - INFO:root:Page loaded, waiting for elements...
[2024-10-13T14:28:28.565+0000] {subprocess.py:93} INFO - INFO:root:Elements found, starting to scrape...
[2024-10-13T14:28:32.368+0000] {subprocess.py:93} INFO - WARNING:root:Metascore not found: Message: no such element: Unable to locate element: {"method":"css selector","selector":"span.sc-b0901df4-0.bXIOoL.metacritic-score-box"}
[2024-10-13T14:28:32.400+0000] {subprocess.py:93} INFO -   (Session info: chrome=129.0.6668.89); For documentation on this error, please visit: https://www.selenium.dev/documentation/webdriver/troubleshooting/errors#no-such-element-exception
[2024-10-13T14:28:32.423+0000] {subprocess.py:93} INFO - Stacktrace:
[2024-10-13T14:28:32.438+0000] {subprocess.py:93} INFO - #0 0x564c6728d02a <unknown>
[2024-10-13T14:28:32.446+0000] {subprocess.py:93} INFO - #1 0x564c66f735e0 <unknown>
[2024-10-13T14:28:32.456+0000] {subprocess.py:93} INFO - #2 0x564c66fc2be8 <unknown>
[2024-10-13T14:28:32.472+0000] {subprocess.py:93} INFO - #3 0x564c66fc2e81 <unknown>
[2024-10-13T14:28:32.479+0000] {subprocess.py:93} INFO - #4 0x564c66fb7586 <unknown>
[2024-10-13T14:28:32.488+0000] {subprocess.py:93} INFO - #5 0x564c66fe7b4d <unknown>
[2024-10-13T14:28:32.492+0000] {subprocess.py:93} INFO - #6 0x564c66fb7478 <unknown>
[2024-10-13T14:28:32.497+0000] {subprocess.py:93} INFO - #7 0x564c66fe7cee <unknown>
[2024-10-13T14:28:32.509+0000] {subprocess.py:93} INFO - #8 0x564c67006d7d <unknown>
[2024-10-13T14:28:32.526+0000] {subprocess.py:93} INFO - #9 0x564c66fe78c3 <unknown>
[2024-10-13T14:28:32.546+0000] {subprocess.py:93} INFO - #10 0x564c66fb56b3 <unknown>
[2024-10-13T14:28:32.556+0000] {subprocess.py:93} INFO - #11 0x564c66fb668e <unknown>
[2024-10-13T14:28:32.565+0000] {subprocess.py:93} INFO - #12 0x564c67257a2b <unknown>
[2024-10-13T14:28:32.578+0000] {subprocess.py:93} INFO - #13 0x564c6725b9b1 <unknown>
[2024-10-13T14:28:32.591+0000] {subprocess.py:93} INFO - #14 0x564c67244225 <unknown>
[2024-10-13T14:28:32.597+0000] {subprocess.py:93} INFO - #15 0x564c6725c532 <unknown>
[2024-10-13T14:28:32.606+0000] {subprocess.py:93} INFO - #16 0x564c6722938f <unknown>
[2024-10-13T14:28:32.609+0000] {subprocess.py:93} INFO - #17 0x564c6727bf28 <unknown>
[2024-10-13T14:28:32.613+0000] {subprocess.py:93} INFO - #18 0x564c6727c0f3 <unknown>
[2024-10-13T14:28:32.620+0000] {subprocess.py:93} INFO - #19 0x564c6728be7c <unknown>
[2024-10-13T14:28:32.625+0000] {subprocess.py:93} INFO - #20 0x7f4b4a33a144 <unknown>
[2024-10-13T14:28:32.631+0000] {subprocess.py:93} INFO - 
[2024-10-13T14:28:34.187+0000] {subprocess.py:93} INFO - WARNING:root:Metascore not found: Message: no such element: Unable to locate element: {"method":"css selector","selector":"span.sc-b0901df4-0.bXIOoL.metacritic-score-box"}
[2024-10-13T14:28:34.206+0000] {subprocess.py:93} INFO -   (Session info: chrome=129.0.6668.89); For documentation on this error, please visit: https://www.selenium.dev/documentation/webdriver/troubleshooting/errors#no-such-element-exception
[2024-10-13T14:28:34.235+0000] {subprocess.py:93} INFO - Stacktrace:
[2024-10-13T14:28:34.241+0000] {subprocess.py:93} INFO - #0 0x564c6728d02a <unknown>
[2024-10-13T14:28:34.254+0000] {subprocess.py:93} INFO - #1 0x564c66f735e0 <unknown>
[2024-10-13T14:28:34.262+0000] {subprocess.py:93} INFO - #2 0x564c66fc2be8 <unknown>
[2024-10-13T14:28:34.274+0000] {subprocess.py:93} INFO - #3 0x564c66fc2e81 <unknown>
[2024-10-13T14:28:34.293+0000] {subprocess.py:93} INFO - #4 0x564c66fb7586 <unknown>
[2024-10-13T14:28:34.300+0000] {subprocess.py:93} INFO - #5 0x564c66fe7b4d <unknown>
[2024-10-13T14:28:34.333+0000] {subprocess.py:93} INFO - #6 0x564c66fb7478 <unknown>
[2024-10-13T14:28:34.346+0000] {subprocess.py:93} INFO - #7 0x564c66fe7cee <unknown>
[2024-10-13T14:28:34.359+0000] {subprocess.py:93} INFO - #8 0x564c67006d7d <unknown>
[2024-10-13T14:28:34.386+0000] {subprocess.py:93} INFO - #9 0x564c66fe78c3 <unknown>
[2024-10-13T14:28:34.396+0000] {subprocess.py:93} INFO - #10 0x564c66fb56b3 <unknown>
[2024-10-13T14:28:34.425+0000] {subprocess.py:93} INFO - #11 0x564c66fb668e <unknown>
[2024-10-13T14:28:34.448+0000] {subprocess.py:93} INFO - #12 0x564c67257a2b <unknown>
[2024-10-13T14:28:34.460+0000] {subprocess.py:93} INFO - #13 0x564c6725b9b1 <unknown>
[2024-10-13T14:28:34.475+0000] {subprocess.py:93} INFO - #14 0x564c67244225 <unknown>
[2024-10-13T14:28:34.511+0000] {subprocess.py:93} INFO - #15 0x564c6725c532 <unknown>
[2024-10-13T14:28:34.533+0000] {subprocess.py:93} INFO - #16 0x564c6722938f <unknown>
[2024-10-13T14:28:34.557+0000] {subprocess.py:93} INFO - #17 0x564c6727bf28 <unknown>
[2024-10-13T14:28:34.582+0000] {subprocess.py:93} INFO - #18 0x564c6727c0f3 <unknown>
[2024-10-13T14:28:34.620+0000] {subprocess.py:93} INFO - #19 0x564c6728be7c <unknown>
[2024-10-13T14:28:34.647+0000] {subprocess.py:93} INFO - #20 0x7f4b4a33a144 <unknown>
[2024-10-13T14:28:34.663+0000] {subprocess.py:93} INFO - 
[2024-10-13T14:28:37.956+0000] {subprocess.py:93} INFO - WARNING:root:Metascore not found: Message: no such element: Unable to locate element: {"method":"css selector","selector":"span.sc-b0901df4-0.bXIOoL.metacritic-score-box"}
[2024-10-13T14:28:37.961+0000] {subprocess.py:93} INFO -   (Session info: chrome=129.0.6668.89); For documentation on this error, please visit: https://www.selenium.dev/documentation/webdriver/troubleshooting/errors#no-such-element-exception
[2024-10-13T14:28:37.967+0000] {subprocess.py:93} INFO - Stacktrace:
[2024-10-13T14:28:37.977+0000] {subprocess.py:93} INFO - #0 0x564c6728d02a <unknown>
[2024-10-13T14:28:37.995+0000] {subprocess.py:93} INFO - #1 0x564c66f735e0 <unknown>
[2024-10-13T14:28:38.008+0000] {subprocess.py:93} INFO - #2 0x564c66fc2be8 <unknown>
[2024-10-13T14:28:38.042+0000] {subprocess.py:93} INFO - #3 0x564c66fc2e81 <unknown>
[2024-10-13T14:28:38.049+0000] {subprocess.py:93} INFO - #4 0x564c66fb7586 <unknown>
[2024-10-13T14:28:38.060+0000] {subprocess.py:93} INFO - #5 0x564c66fe7b4d <unknown>
[2024-10-13T14:28:38.074+0000] {subprocess.py:93} INFO - #6 0x564c66fb7478 <unknown>
[2024-10-13T14:28:38.080+0000] {subprocess.py:93} INFO - #7 0x564c66fe7cee <unknown>
[2024-10-13T14:28:38.095+0000] {subprocess.py:93} INFO - #8 0x564c67006d7d <unknown>
[2024-10-13T14:28:38.101+0000] {subprocess.py:93} INFO - #9 0x564c66fe78c3 <unknown>
[2024-10-13T14:28:38.108+0000] {subprocess.py:93} INFO - #10 0x564c66fb56b3 <unknown>
[2024-10-13T14:28:38.125+0000] {subprocess.py:93} INFO - #11 0x564c66fb668e <unknown>
[2024-10-13T14:28:38.136+0000] {subprocess.py:93} INFO - #12 0x564c67257a2b <unknown>
[2024-10-13T14:28:38.151+0000] {subprocess.py:93} INFO - #13 0x564c6725b9b1 <unknown>
[2024-10-13T14:28:38.163+0000] {subprocess.py:93} INFO - #14 0x564c67244225 <unknown>
[2024-10-13T14:28:38.173+0000] {subprocess.py:93} INFO - #15 0x564c6725c532 <unknown>
[2024-10-13T14:28:38.186+0000] {subprocess.py:93} INFO - #16 0x564c6722938f <unknown>
[2024-10-13T14:28:38.195+0000] {subprocess.py:93} INFO - #17 0x564c6727bf28 <unknown>
[2024-10-13T14:28:38.207+0000] {subprocess.py:93} INFO - #18 0x564c6727c0f3 <unknown>
[2024-10-13T14:28:38.223+0000] {subprocess.py:93} INFO - #19 0x564c6728be7c <unknown>
[2024-10-13T14:28:38.229+0000] {subprocess.py:93} INFO - #20 0x7f4b4a33a144 <unknown>
[2024-10-13T14:28:38.239+0000] {subprocess.py:93} INFO - 
[2024-10-13T14:28:38.994+0000] {subprocess.py:93} INFO - WARNING:root:Metascore not found: Message: no such element: Unable to locate element: {"method":"css selector","selector":"span.sc-b0901df4-0.bXIOoL.metacritic-score-box"}
[2024-10-13T14:28:38.998+0000] {subprocess.py:93} INFO -   (Session info: chrome=129.0.6668.89); For documentation on this error, please visit: https://www.selenium.dev/documentation/webdriver/troubleshooting/errors#no-such-element-exception
[2024-10-13T14:28:39.009+0000] {subprocess.py:93} INFO - Stacktrace:
[2024-10-13T14:28:39.014+0000] {subprocess.py:93} INFO - #0 0x564c6728d02a <unknown>
[2024-10-13T14:28:39.030+0000] {subprocess.py:93} INFO - #1 0x564c66f735e0 <unknown>
[2024-10-13T14:28:39.041+0000] {subprocess.py:93} INFO - #2 0x564c66fc2be8 <unknown>
[2024-10-13T14:28:39.060+0000] {subprocess.py:93} INFO - #3 0x564c66fc2e81 <unknown>
[2024-10-13T14:28:39.078+0000] {subprocess.py:93} INFO - #4 0x564c66fb7586 <unknown>
[2024-10-13T14:28:39.108+0000] {subprocess.py:93} INFO - #5 0x564c66fe7b4d <unknown>
[2024-10-13T14:28:39.126+0000] {subprocess.py:93} INFO - #6 0x564c66fb7478 <unknown>
[2024-10-13T14:28:39.146+0000] {subprocess.py:93} INFO - #7 0x564c66fe7cee <unknown>
[2024-10-13T14:28:39.183+0000] {subprocess.py:93} INFO - #8 0x564c67006d7d <unknown>
[2024-10-13T14:28:39.207+0000] {subprocess.py:93} INFO - #9 0x564c66fe78c3 <unknown>
[2024-10-13T14:28:39.222+0000] {subprocess.py:93} INFO - #10 0x564c66fb56b3 <unknown>
[2024-10-13T14:28:39.227+0000] {subprocess.py:93} INFO - #11 0x564c66fb668e <unknown>
[2024-10-13T14:28:39.239+0000] {subprocess.py:93} INFO - #12 0x564c67257a2b <unknown>
[2024-10-13T14:28:39.255+0000] {subprocess.py:93} INFO - #13 0x564c6725b9b1 <unknown>
[2024-10-13T14:28:39.268+0000] {subprocess.py:93} INFO - #14 0x564c67244225 <unknown>
[2024-10-13T14:28:39.291+0000] {subprocess.py:93} INFO - #15 0x564c6725c532 <unknown>
[2024-10-13T14:28:39.299+0000] {subprocess.py:93} INFO - #16 0x564c6722938f <unknown>
[2024-10-13T14:28:39.306+0000] {subprocess.py:93} INFO - #17 0x564c6727bf28 <unknown>
[2024-10-13T14:28:39.322+0000] {subprocess.py:93} INFO - #18 0x564c6727c0f3 <unknown>
[2024-10-13T14:28:39.348+0000] {subprocess.py:93} INFO - #19 0x564c6728be7c <unknown>
[2024-10-13T14:28:39.360+0000] {subprocess.py:93} INFO - #20 0x7f4b4a33a144 <unknown>
[2024-10-13T14:28:39.369+0000] {subprocess.py:93} INFO - 
[2024-10-13T14:28:40.072+0000] {subprocess.py:93} INFO - WARNING:root:Metascore not found: Message: no such element: Unable to locate element: {"method":"css selector","selector":"span.sc-b0901df4-0.bXIOoL.metacritic-score-box"}
[2024-10-13T14:28:40.135+0000] {subprocess.py:93} INFO -   (Session info: chrome=129.0.6668.89); For documentation on this error, please visit: https://www.selenium.dev/documentation/webdriver/troubleshooting/errors#no-such-element-exception
[2024-10-13T14:28:40.174+0000] {subprocess.py:93} INFO - Stacktrace:
[2024-10-13T14:28:40.226+0000] {subprocess.py:93} INFO - #0 0x564c6728d02a <unknown>
[2024-10-13T14:28:40.243+0000] {subprocess.py:93} INFO - #1 0x564c66f735e0 <unknown>
[2024-10-13T14:28:40.254+0000] {subprocess.py:93} INFO - #2 0x564c66fc2be8 <unknown>
[2024-10-13T14:28:40.277+0000] {subprocess.py:93} INFO - #3 0x564c66fc2e81 <unknown>
[2024-10-13T14:28:40.293+0000] {subprocess.py:93} INFO - #4 0x564c66fb7586 <unknown>
[2024-10-13T14:28:40.307+0000] {subprocess.py:93} INFO - #5 0x564c66fe7b4d <unknown>
[2024-10-13T14:28:40.345+0000] {subprocess.py:93} INFO - #6 0x564c66fb7478 <unknown>
[2024-10-13T14:28:40.374+0000] {subprocess.py:93} INFO - #7 0x564c66fe7cee <unknown>
[2024-10-13T14:28:40.392+0000] {subprocess.py:93} INFO - #8 0x564c67006d7d <unknown>
[2024-10-13T14:28:40.404+0000] {subprocess.py:93} INFO - #9 0x564c66fe78c3 <unknown>
[2024-10-13T14:28:40.423+0000] {subprocess.py:93} INFO - #10 0x564c66fb56b3 <unknown>
[2024-10-13T14:28:40.427+0000] {subprocess.py:93} INFO - #11 0x564c66fb668e <unknown>
[2024-10-13T14:28:40.443+0000] {subprocess.py:93} INFO - #12 0x564c67257a2b <unknown>
[2024-10-13T14:28:40.462+0000] {subprocess.py:93} INFO - #13 0x564c6725b9b1 <unknown>
[2024-10-13T14:28:40.524+0000] {subprocess.py:93} INFO - #14 0x564c67244225 <unknown>
[2024-10-13T14:28:40.556+0000] {subprocess.py:93} INFO - #15 0x564c6725c532 <unknown>
[2024-10-13T14:28:40.592+0000] {subprocess.py:93} INFO - #16 0x564c6722938f <unknown>
[2024-10-13T14:28:40.636+0000] {subprocess.py:93} INFO - #17 0x564c6727bf28 <unknown>
[2024-10-13T14:28:40.648+0000] {subprocess.py:93} INFO - #18 0x564c6727c0f3 <unknown>
[2024-10-13T14:28:40.742+0000] {subprocess.py:93} INFO - #19 0x564c6728be7c <unknown>
[2024-10-13T14:28:40.844+0000] {subprocess.py:93} INFO - #20 0x7f4b4a33a144 <unknown>
[2024-10-13T14:28:40.898+0000] {subprocess.py:93} INFO - 
[2024-10-13T14:28:41.603+0000] {subprocess.py:93} INFO - WARNING:root:Metascore not found: Message: no such element: Unable to locate element: {"method":"css selector","selector":"span.sc-b0901df4-0.bXIOoL.metacritic-score-box"}
[2024-10-13T14:28:41.613+0000] {subprocess.py:93} INFO -   (Session info: chrome=129.0.6668.89); For documentation on this error, please visit: https://www.selenium.dev/documentation/webdriver/troubleshooting/errors#no-such-element-exception
[2024-10-13T14:28:41.629+0000] {subprocess.py:93} INFO - Stacktrace:
[2024-10-13T14:28:41.643+0000] {subprocess.py:93} INFO - #0 0x564c6728d02a <unknown>
[2024-10-13T14:28:41.661+0000] {subprocess.py:93} INFO - #1 0x564c66f735e0 <unknown>
[2024-10-13T14:28:41.679+0000] {subprocess.py:93} INFO - #2 0x564c66fc2be8 <unknown>
[2024-10-13T14:28:41.696+0000] {subprocess.py:93} INFO - #3 0x564c66fc2e81 <unknown>
[2024-10-13T14:28:41.704+0000] {subprocess.py:93} INFO - #4 0x564c66fb7586 <unknown>
[2024-10-13T14:28:41.728+0000] {subprocess.py:93} INFO - #5 0x564c66fe7b4d <unknown>
[2024-10-13T14:28:41.742+0000] {subprocess.py:93} INFO - #6 0x564c66fb7478 <unknown>
[2024-10-13T14:28:41.755+0000] {subprocess.py:93} INFO - #7 0x564c66fe7cee <unknown>
[2024-10-13T14:28:41.808+0000] {subprocess.py:93} INFO - #8 0x564c67006d7d <unknown>
[2024-10-13T14:28:41.838+0000] {subprocess.py:93} INFO - #9 0x564c66fe78c3 <unknown>
[2024-10-13T14:28:41.845+0000] {subprocess.py:93} INFO - #10 0x564c66fb56b3 <unknown>
[2024-10-13T14:28:41.861+0000] {subprocess.py:93} INFO - #11 0x564c66fb668e <unknown>
[2024-10-13T14:28:41.890+0000] {subprocess.py:93} INFO - #12 0x564c67257a2b <unknown>
[2024-10-13T14:28:41.902+0000] {subprocess.py:93} INFO - #13 0x564c6725b9b1 <unknown>
[2024-10-13T14:28:41.911+0000] {subprocess.py:93} INFO - #14 0x564c67244225 <unknown>
[2024-10-13T14:28:41.923+0000] {subprocess.py:93} INFO - #15 0x564c6725c532 <unknown>
[2024-10-13T14:28:41.929+0000] {subprocess.py:93} INFO - #16 0x564c6722938f <unknown>
[2024-10-13T14:28:41.938+0000] {subprocess.py:93} INFO - #17 0x564c6727bf28 <unknown>
[2024-10-13T14:28:41.945+0000] {subprocess.py:93} INFO - #18 0x564c6727c0f3 <unknown>
[2024-10-13T14:28:41.950+0000] {subprocess.py:93} INFO - #19 0x564c6728be7c <unknown>
[2024-10-13T14:28:41.957+0000] {subprocess.py:93} INFO - #20 0x7f4b4a33a144 <unknown>
[2024-10-13T14:28:41.964+0000] {subprocess.py:93} INFO - 
[2024-10-13T14:28:42.975+0000] {subprocess.py:93} INFO - WARNING:root:Metascore not found: Message: no such element: Unable to locate element: {"method":"css selector","selector":"span.sc-b0901df4-0.bXIOoL.metacritic-score-box"}
[2024-10-13T14:28:42.983+0000] {subprocess.py:93} INFO -   (Session info: chrome=129.0.6668.89); For documentation on this error, please visit: https://www.selenium.dev/documentation/webdriver/troubleshooting/errors#no-such-element-exception
[2024-10-13T14:28:42.993+0000] {subprocess.py:93} INFO - Stacktrace:
[2024-10-13T14:28:43.014+0000] {subprocess.py:93} INFO - #0 0x564c6728d02a <unknown>
[2024-10-13T14:28:43.038+0000] {subprocess.py:93} INFO - #1 0x564c66f735e0 <unknown>
[2024-10-13T14:28:43.046+0000] {subprocess.py:93} INFO - #2 0x564c66fc2be8 <unknown>
[2024-10-13T14:28:43.059+0000] {subprocess.py:93} INFO - #3 0x564c66fc2e81 <unknown>
[2024-10-13T14:28:43.079+0000] {subprocess.py:93} INFO - #4 0x564c66fb7586 <unknown>
[2024-10-13T14:28:43.106+0000] {subprocess.py:93} INFO - #5 0x564c66fe7b4d <unknown>
[2024-10-13T14:28:43.144+0000] {subprocess.py:93} INFO - #6 0x564c66fb7478 <unknown>
[2024-10-13T14:28:43.158+0000] {subprocess.py:93} INFO - #7 0x564c66fe7cee <unknown>
[2024-10-13T14:28:43.163+0000] {subprocess.py:93} INFO - #8 0x564c67006d7d <unknown>
[2024-10-13T14:28:43.174+0000] {subprocess.py:93} INFO - #9 0x564c66fe78c3 <unknown>
[2024-10-13T14:28:43.178+0000] {subprocess.py:93} INFO - #10 0x564c66fb56b3 <unknown>
[2024-10-13T14:28:43.186+0000] {subprocess.py:93} INFO - #11 0x564c66fb668e <unknown>
[2024-10-13T14:28:43.191+0000] {subprocess.py:93} INFO - #12 0x564c67257a2b <unknown>
[2024-10-13T14:28:43.197+0000] {subprocess.py:93} INFO - #13 0x564c6725b9b1 <unknown>
[2024-10-13T14:28:43.213+0000] {subprocess.py:93} INFO - #14 0x564c67244225 <unknown>
[2024-10-13T14:28:43.228+0000] {subprocess.py:93} INFO - #15 0x564c6725c532 <unknown>
[2024-10-13T14:28:43.238+0000] {subprocess.py:93} INFO - #16 0x564c6722938f <unknown>
[2024-10-13T14:28:43.245+0000] {subprocess.py:93} INFO - #17 0x564c6727bf28 <unknown>
[2024-10-13T14:28:43.251+0000] {subprocess.py:93} INFO - #18 0x564c6727c0f3 <unknown>
[2024-10-13T14:28:43.260+0000] {subprocess.py:93} INFO - #19 0x564c6728be7c <unknown>
[2024-10-13T14:28:43.265+0000] {subprocess.py:93} INFO - #20 0x7f4b4a33a144 <unknown>
[2024-10-13T14:28:43.268+0000] {subprocess.py:93} INFO - 
[2024-10-13T14:28:43.985+0000] {subprocess.py:93} INFO - WARNING:root:Metascore not found: Message: no such element: Unable to locate element: {"method":"css selector","selector":"span.sc-b0901df4-0.bXIOoL.metacritic-score-box"}
[2024-10-13T14:28:43.990+0000] {subprocess.py:93} INFO -   (Session info: chrome=129.0.6668.89); For documentation on this error, please visit: https://www.selenium.dev/documentation/webdriver/troubleshooting/errors#no-such-element-exception
[2024-10-13T14:28:43.995+0000] {subprocess.py:93} INFO - Stacktrace:
[2024-10-13T14:28:44.003+0000] {subprocess.py:93} INFO - #0 0x564c6728d02a <unknown>
[2024-10-13T14:28:44.010+0000] {subprocess.py:93} INFO - #1 0x564c66f735e0 <unknown>
[2024-10-13T14:28:44.014+0000] {subprocess.py:93} INFO - #2 0x564c66fc2be8 <unknown>
[2024-10-13T14:28:44.020+0000] {subprocess.py:93} INFO - #3 0x564c66fc2e81 <unknown>
[2024-10-13T14:28:44.024+0000] {subprocess.py:93} INFO - #4 0x564c66fb7586 <unknown>
[2024-10-13T14:28:44.028+0000] {subprocess.py:93} INFO - #5 0x564c66fe7b4d <unknown>
[2024-10-13T14:28:44.032+0000] {subprocess.py:93} INFO - #6 0x564c66fb7478 <unknown>
[2024-10-13T14:28:44.038+0000] {subprocess.py:93} INFO - #7 0x564c66fe7cee <unknown>
[2024-10-13T14:28:44.044+0000] {subprocess.py:93} INFO - #8 0x564c67006d7d <unknown>
[2024-10-13T14:28:44.048+0000] {subprocess.py:93} INFO - #9 0x564c66fe78c3 <unknown>
[2024-10-13T14:28:44.054+0000] {subprocess.py:93} INFO - #10 0x564c66fb56b3 <unknown>
[2024-10-13T14:28:44.058+0000] {subprocess.py:93} INFO - #11 0x564c66fb668e <unknown>
[2024-10-13T14:28:44.064+0000] {subprocess.py:93} INFO - #12 0x564c67257a2b <unknown>
[2024-10-13T14:28:44.071+0000] {subprocess.py:93} INFO - #13 0x564c6725b9b1 <unknown>
[2024-10-13T14:28:44.076+0000] {subprocess.py:93} INFO - #14 0x564c67244225 <unknown>
[2024-10-13T14:28:44.080+0000] {subprocess.py:93} INFO - #15 0x564c6725c532 <unknown>
[2024-10-13T14:28:44.088+0000] {subprocess.py:93} INFO - #16 0x564c6722938f <unknown>
[2024-10-13T14:28:44.092+0000] {subprocess.py:93} INFO - #17 0x564c6727bf28 <unknown>
[2024-10-13T14:28:44.100+0000] {subprocess.py:93} INFO - #18 0x564c6727c0f3 <unknown>
[2024-10-13T14:28:44.109+0000] {subprocess.py:93} INFO - #19 0x564c6728be7c <unknown>
[2024-10-13T14:28:44.125+0000] {subprocess.py:93} INFO - #20 0x7f4b4a33a144 <unknown>
[2024-10-13T14:28:44.129+0000] {subprocess.py:93} INFO - 
[2024-10-13T14:28:44.839+0000] {subprocess.py:93} INFO - WARNING:root:Metascore not found: Message: no such element: Unable to locate element: {"method":"css selector","selector":"span.sc-b0901df4-0.bXIOoL.metacritic-score-box"}
[2024-10-13T14:28:44.842+0000] {subprocess.py:93} INFO -   (Session info: chrome=129.0.6668.89); For documentation on this error, please visit: https://www.selenium.dev/documentation/webdriver/troubleshooting/errors#no-such-element-exception
[2024-10-13T14:28:44.847+0000] {subprocess.py:93} INFO - Stacktrace:
[2024-10-13T14:28:44.852+0000] {subprocess.py:93} INFO - #0 0x564c6728d02a <unknown>
[2024-10-13T14:28:44.857+0000] {subprocess.py:93} INFO - #1 0x564c66f735e0 <unknown>
[2024-10-13T14:28:44.861+0000] {subprocess.py:93} INFO - #2 0x564c66fc2be8 <unknown>
[2024-10-13T14:28:44.868+0000] {subprocess.py:93} INFO - #3 0x564c66fc2e81 <unknown>
[2024-10-13T14:28:44.873+0000] {subprocess.py:93} INFO - #4 0x564c66fb7586 <unknown>
[2024-10-13T14:28:44.879+0000] {subprocess.py:93} INFO - #5 0x564c66fe7b4d <unknown>
[2024-10-13T14:28:44.888+0000] {subprocess.py:93} INFO - #6 0x564c66fb7478 <unknown>
[2024-10-13T14:28:44.895+0000] {subprocess.py:93} INFO - #7 0x564c66fe7cee <unknown>
[2024-10-13T14:28:44.908+0000] {subprocess.py:93} INFO - #8 0x564c67006d7d <unknown>
[2024-10-13T14:28:44.912+0000] {subprocess.py:93} INFO - #9 0x564c66fe78c3 <unknown>
[2024-10-13T14:28:44.921+0000] {subprocess.py:93} INFO - #10 0x564c66fb56b3 <unknown>
[2024-10-13T14:28:44.928+0000] {subprocess.py:93} INFO - #11 0x564c66fb668e <unknown>
[2024-10-13T14:28:44.931+0000] {subprocess.py:93} INFO - #12 0x564c67257a2b <unknown>
[2024-10-13T14:28:44.939+0000] {subprocess.py:93} INFO - #13 0x564c6725b9b1 <unknown>
[2024-10-13T14:28:44.944+0000] {subprocess.py:93} INFO - #14 0x564c67244225 <unknown>
[2024-10-13T14:28:44.948+0000] {subprocess.py:93} INFO - #15 0x564c6725c532 <unknown>
[2024-10-13T14:28:44.957+0000] {subprocess.py:93} INFO - #16 0x564c6722938f <unknown>
[2024-10-13T14:28:44.961+0000] {subprocess.py:93} INFO - #17 0x564c6727bf28 <unknown>
[2024-10-13T14:28:44.964+0000] {subprocess.py:93} INFO - #18 0x564c6727c0f3 <unknown>
[2024-10-13T14:28:44.970+0000] {subprocess.py:93} INFO - #19 0x564c6728be7c <unknown>
[2024-10-13T14:28:44.974+0000] {subprocess.py:93} INFO - #20 0x7f4b4a33a144 <unknown>
[2024-10-13T14:28:44.977+0000] {subprocess.py:93} INFO - 
[2024-10-13T14:28:45.698+0000] {subprocess.py:93} INFO - WARNING:root:Metascore not found: Message: no such element: Unable to locate element: {"method":"css selector","selector":"span.sc-b0901df4-0.bXIOoL.metacritic-score-box"}
[2024-10-13T14:28:45.706+0000] {subprocess.py:93} INFO -   (Session info: chrome=129.0.6668.89); For documentation on this error, please visit: https://www.selenium.dev/documentation/webdriver/troubleshooting/errors#no-such-element-exception
[2024-10-13T14:28:45.712+0000] {subprocess.py:93} INFO - Stacktrace:
[2024-10-13T14:28:45.722+0000] {subprocess.py:93} INFO - #0 0x564c6728d02a <unknown>
[2024-10-13T14:28:45.728+0000] {subprocess.py:93} INFO - #1 0x564c66f735e0 <unknown>
[2024-10-13T14:28:45.736+0000] {subprocess.py:93} INFO - #2 0x564c66fc2be8 <unknown>
[2024-10-13T14:28:45.741+0000] {subprocess.py:93} INFO - #3 0x564c66fc2e81 <unknown>
[2024-10-13T14:28:45.746+0000] {subprocess.py:93} INFO - #4 0x564c66fb7586 <unknown>
[2024-10-13T14:28:45.760+0000] {subprocess.py:93} INFO - #5 0x564c66fe7b4d <unknown>
[2024-10-13T14:28:45.775+0000] {subprocess.py:93} INFO - #6 0x564c66fb7478 <unknown>
[2024-10-13T14:28:45.792+0000] {subprocess.py:93} INFO - #7 0x564c66fe7cee <unknown>
[2024-10-13T14:28:45.806+0000] {subprocess.py:93} INFO - #8 0x564c67006d7d <unknown>
[2024-10-13T14:28:45.829+0000] {subprocess.py:93} INFO - #9 0x564c66fe78c3 <unknown>
[2024-10-13T14:28:45.841+0000] {subprocess.py:93} INFO - #10 0x564c66fb56b3 <unknown>
[2024-10-13T14:28:45.860+0000] {subprocess.py:93} INFO - #11 0x564c66fb668e <unknown>
[2024-10-13T14:28:45.864+0000] {subprocess.py:93} INFO - #12 0x564c67257a2b <unknown>
[2024-10-13T14:28:45.874+0000] {subprocess.py:93} INFO - #13 0x564c6725b9b1 <unknown>
[2024-10-13T14:28:45.879+0000] {subprocess.py:93} INFO - #14 0x564c67244225 <unknown>
[2024-10-13T14:28:45.894+0000] {subprocess.py:93} INFO - #15 0x564c6725c532 <unknown>
[2024-10-13T14:28:45.901+0000] {subprocess.py:93} INFO - #16 0x564c6722938f <unknown>
[2024-10-13T14:28:45.912+0000] {subprocess.py:93} INFO - #17 0x564c6727bf28 <unknown>
[2024-10-13T14:28:45.923+0000] {subprocess.py:93} INFO - #18 0x564c6727c0f3 <unknown>
[2024-10-13T14:28:45.928+0000] {subprocess.py:93} INFO - #19 0x564c6728be7c <unknown>
[2024-10-13T14:28:45.944+0000] {subprocess.py:93} INFO - #20 0x7f4b4a33a144 <unknown>
[2024-10-13T14:28:45.949+0000] {subprocess.py:93} INFO - 
[2024-10-13T14:28:46.721+0000] {subprocess.py:93} INFO - WARNING:root:Metascore not found: Message: no such element: Unable to locate element: {"method":"css selector","selector":"span.sc-b0901df4-0.bXIOoL.metacritic-score-box"}
[2024-10-13T14:28:46.726+0000] {subprocess.py:93} INFO -   (Session info: chrome=129.0.6668.89); For documentation on this error, please visit: https://www.selenium.dev/documentation/webdriver/troubleshooting/errors#no-such-element-exception
[2024-10-13T14:28:46.734+0000] {subprocess.py:93} INFO - Stacktrace:
[2024-10-13T14:28:46.748+0000] {subprocess.py:93} INFO - #0 0x564c6728d02a <unknown>
[2024-10-13T14:28:46.754+0000] {subprocess.py:93} INFO - #1 0x564c66f735e0 <unknown>
[2024-10-13T14:28:46.761+0000] {subprocess.py:93} INFO - #2 0x564c66fc2be8 <unknown>
[2024-10-13T14:28:46.766+0000] {subprocess.py:93} INFO - #3 0x564c66fc2e81 <unknown>
[2024-10-13T14:28:46.774+0000] {subprocess.py:93} INFO - #4 0x564c66fb7586 <unknown>
[2024-10-13T14:28:46.795+0000] {subprocess.py:93} INFO - #5 0x564c66fe7b4d <unknown>
[2024-10-13T14:28:46.801+0000] {subprocess.py:93} INFO - #6 0x564c66fb7478 <unknown>
[2024-10-13T14:28:46.808+0000] {subprocess.py:93} INFO - #7 0x564c66fe7cee <unknown>
[2024-10-13T14:28:46.815+0000] {subprocess.py:93} INFO - #8 0x564c67006d7d <unknown>
[2024-10-13T14:28:46.824+0000] {subprocess.py:93} INFO - #9 0x564c66fe78c3 <unknown>
[2024-10-13T14:28:46.828+0000] {subprocess.py:93} INFO - #10 0x564c66fb56b3 <unknown>
[2024-10-13T14:28:46.834+0000] {subprocess.py:93} INFO - #11 0x564c66fb668e <unknown>
[2024-10-13T14:28:46.841+0000] {subprocess.py:93} INFO - #12 0x564c67257a2b <unknown>
[2024-10-13T14:28:46.845+0000] {subprocess.py:93} INFO - #13 0x564c6725b9b1 <unknown>
[2024-10-13T14:28:46.854+0000] {subprocess.py:93} INFO - #14 0x564c67244225 <unknown>
[2024-10-13T14:28:46.858+0000] {subprocess.py:93} INFO - #15 0x564c6725c532 <unknown>
[2024-10-13T14:28:46.863+0000] {subprocess.py:93} INFO - #16 0x564c6722938f <unknown>
[2024-10-13T14:28:46.869+0000] {subprocess.py:93} INFO - #17 0x564c6727bf28 <unknown>
[2024-10-13T14:28:46.874+0000] {subprocess.py:93} INFO - #18 0x564c6727c0f3 <unknown>
[2024-10-13T14:28:46.880+0000] {subprocess.py:93} INFO - #19 0x564c6728be7c <unknown>
[2024-10-13T14:28:46.889+0000] {subprocess.py:93} INFO - #20 0x7f4b4a33a144 <unknown>
[2024-10-13T14:28:46.894+0000] {subprocess.py:93} INFO - 
[2024-10-13T14:28:47.817+0000] {subprocess.py:93} INFO - WARNING:root:Metascore not found: Message: no such element: Unable to locate element: {"method":"css selector","selector":"span.sc-b0901df4-0.bXIOoL.metacritic-score-box"}
[2024-10-13T14:28:47.834+0000] {subprocess.py:93} INFO -   (Session info: chrome=129.0.6668.89); For documentation on this error, please visit: https://www.selenium.dev/documentation/webdriver/troubleshooting/errors#no-such-element-exception
[2024-10-13T14:28:47.846+0000] {subprocess.py:93} INFO - Stacktrace:
[2024-10-13T14:28:47.863+0000] {subprocess.py:93} INFO - #0 0x564c6728d02a <unknown>
[2024-10-13T14:28:47.870+0000] {subprocess.py:93} INFO - #1 0x564c66f735e0 <unknown>
[2024-10-13T14:28:47.875+0000] {subprocess.py:93} INFO - #2 0x564c66fc2be8 <unknown>
[2024-10-13T14:28:47.884+0000] {subprocess.py:93} INFO - #3 0x564c66fc2e81 <unknown>
[2024-10-13T14:28:47.892+0000] {subprocess.py:93} INFO - #4 0x564c66fb7586 <unknown>
[2024-10-13T14:28:47.898+0000] {subprocess.py:93} INFO - #5 0x564c66fe7b4d <unknown>
[2024-10-13T14:28:47.902+0000] {subprocess.py:93} INFO - #6 0x564c66fb7478 <unknown>
[2024-10-13T14:28:47.908+0000] {subprocess.py:93} INFO - #7 0x564c66fe7cee <unknown>
[2024-10-13T14:28:47.913+0000] {subprocess.py:93} INFO - #8 0x564c67006d7d <unknown>
[2024-10-13T14:28:47.918+0000] {subprocess.py:93} INFO - #9 0x564c66fe78c3 <unknown>
[2024-10-13T14:28:47.926+0000] {subprocess.py:93} INFO - #10 0x564c66fb56b3 <unknown>
[2024-10-13T14:28:47.933+0000] {subprocess.py:93} INFO - #11 0x564c66fb668e <unknown>
[2024-10-13T14:28:47.941+0000] {subprocess.py:93} INFO - #12 0x564c67257a2b <unknown>
[2024-10-13T14:28:47.945+0000] {subprocess.py:93} INFO - #13 0x564c6725b9b1 <unknown>
[2024-10-13T14:28:47.954+0000] {subprocess.py:93} INFO - #14 0x564c67244225 <unknown>
[2024-10-13T14:28:47.958+0000] {subprocess.py:93} INFO - #15 0x564c6725c532 <unknown>
[2024-10-13T14:28:47.966+0000] {subprocess.py:93} INFO - #16 0x564c6722938f <unknown>
[2024-10-13T14:28:47.976+0000] {subprocess.py:93} INFO - #17 0x564c6727bf28 <unknown>
[2024-10-13T14:28:47.985+0000] {subprocess.py:93} INFO - #18 0x564c6727c0f3 <unknown>
[2024-10-13T14:28:48.000+0000] {subprocess.py:93} INFO - #19 0x564c6728be7c <unknown>
[2024-10-13T14:28:48.008+0000] {subprocess.py:93} INFO - #20 0x7f4b4a33a144 <unknown>
[2024-10-13T14:28:48.014+0000] {subprocess.py:93} INFO - 
[2024-10-13T14:28:48.819+0000] {subprocess.py:93} INFO - WARNING:root:Metascore not found: Message: no such element: Unable to locate element: {"method":"css selector","selector":"span.sc-b0901df4-0.bXIOoL.metacritic-score-box"}
[2024-10-13T14:28:48.828+0000] {subprocess.py:93} INFO -   (Session info: chrome=129.0.6668.89); For documentation on this error, please visit: https://www.selenium.dev/documentation/webdriver/troubleshooting/errors#no-such-element-exception
[2024-10-13T14:28:48.835+0000] {subprocess.py:93} INFO - Stacktrace:
[2024-10-13T14:28:48.844+0000] {subprocess.py:93} INFO - #0 0x564c6728d02a <unknown>
[2024-10-13T14:28:48.857+0000] {subprocess.py:93} INFO - #1 0x564c66f735e0 <unknown>
[2024-10-13T14:28:48.866+0000] {subprocess.py:93} INFO - #2 0x564c66fc2be8 <unknown>
[2024-10-13T14:28:48.877+0000] {subprocess.py:93} INFO - #3 0x564c66fc2e81 <unknown>
[2024-10-13T14:28:48.892+0000] {subprocess.py:93} INFO - #4 0x564c66fb7586 <unknown>
[2024-10-13T14:28:48.903+0000] {subprocess.py:93} INFO - #5 0x564c66fe7b4d <unknown>
[2024-10-13T14:28:48.909+0000] {subprocess.py:93} INFO - #6 0x564c66fb7478 <unknown>
[2024-10-13T14:28:48.914+0000] {subprocess.py:93} INFO - #7 0x564c66fe7cee <unknown>
[2024-10-13T14:28:48.923+0000] {subprocess.py:93} INFO - #8 0x564c67006d7d <unknown>
[2024-10-13T14:28:48.928+0000] {subprocess.py:93} INFO - #9 0x564c66fe78c3 <unknown>
[2024-10-13T14:28:48.932+0000] {subprocess.py:93} INFO - #10 0x564c66fb56b3 <unknown>
[2024-10-13T14:28:48.939+0000] {subprocess.py:93} INFO - #11 0x564c66fb668e <unknown>
[2024-10-13T14:28:48.944+0000] {subprocess.py:93} INFO - #12 0x564c67257a2b <unknown>
[2024-10-13T14:28:48.949+0000] {subprocess.py:93} INFO - #13 0x564c6725b9b1 <unknown>
[2024-10-13T14:28:48.960+0000] {subprocess.py:93} INFO - #14 0x564c67244225 <unknown>
[2024-10-13T14:28:48.966+0000] {subprocess.py:93} INFO - #15 0x564c6725c532 <unknown>
[2024-10-13T14:28:48.971+0000] {subprocess.py:93} INFO - #16 0x564c6722938f <unknown>
[2024-10-13T14:28:48.975+0000] {subprocess.py:93} INFO - #17 0x564c6727bf28 <unknown>
[2024-10-13T14:28:48.979+0000] {subprocess.py:93} INFO - #18 0x564c6727c0f3 <unknown>
[2024-10-13T14:28:48.985+0000] {subprocess.py:93} INFO - #19 0x564c6728be7c <unknown>
[2024-10-13T14:28:48.992+0000] {subprocess.py:93} INFO - #20 0x7f4b4a33a144 <unknown>
[2024-10-13T14:28:48.999+0000] {subprocess.py:93} INFO - 
[2024-10-13T14:28:49.704+0000] {subprocess.py:93} INFO - WARNING:root:Metascore not found: Message: no such element: Unable to locate element: {"method":"css selector","selector":"span.sc-b0901df4-0.bXIOoL.metacritic-score-box"}
[2024-10-13T14:28:49.714+0000] {subprocess.py:93} INFO -   (Session info: chrome=129.0.6668.89); For documentation on this error, please visit: https://www.selenium.dev/documentation/webdriver/troubleshooting/errors#no-such-element-exception
[2024-10-13T14:28:49.738+0000] {subprocess.py:93} INFO - Stacktrace:
[2024-10-13T14:28:49.756+0000] {subprocess.py:93} INFO - #0 0x564c6728d02a <unknown>
[2024-10-13T14:28:49.767+0000] {subprocess.py:93} INFO - #1 0x564c66f735e0 <unknown>
[2024-10-13T14:28:49.772+0000] {subprocess.py:93} INFO - #2 0x564c66fc2be8 <unknown>
[2024-10-13T14:28:49.780+0000] {subprocess.py:93} INFO - #3 0x564c66fc2e81 <unknown>
[2024-10-13T14:28:49.803+0000] {subprocess.py:93} INFO - #4 0x564c66fb7586 <unknown>
[2024-10-13T14:28:49.817+0000] {subprocess.py:93} INFO - #5 0x564c66fe7b4d <unknown>
[2024-10-13T14:28:49.838+0000] {subprocess.py:93} INFO - #6 0x564c66fb7478 <unknown>
[2024-10-13T14:28:49.844+0000] {subprocess.py:93} INFO - #7 0x564c66fe7cee <unknown>
[2024-10-13T14:28:49.852+0000] {subprocess.py:93} INFO - #8 0x564c67006d7d <unknown>
[2024-10-13T14:28:49.860+0000] {subprocess.py:93} INFO - #9 0x564c66fe78c3 <unknown>
[2024-10-13T14:28:49.870+0000] {subprocess.py:93} INFO - #10 0x564c66fb56b3 <unknown>
[2024-10-13T14:28:49.881+0000] {subprocess.py:93} INFO - #11 0x564c66fb668e <unknown>
[2024-10-13T14:28:49.888+0000] {subprocess.py:93} INFO - #12 0x564c67257a2b <unknown>
[2024-10-13T14:28:49.902+0000] {subprocess.py:93} INFO - #13 0x564c6725b9b1 <unknown>
[2024-10-13T14:28:49.908+0000] {subprocess.py:93} INFO - #14 0x564c67244225 <unknown>
[2024-10-13T14:28:49.936+0000] {subprocess.py:93} INFO - #15 0x564c6725c532 <unknown>
[2024-10-13T14:28:49.956+0000] {subprocess.py:93} INFO - #16 0x564c6722938f <unknown>
[2024-10-13T14:28:49.962+0000] {subprocess.py:93} INFO - #17 0x564c6727bf28 <unknown>
[2024-10-13T14:28:49.975+0000] {subprocess.py:93} INFO - #18 0x564c6727c0f3 <unknown>
[2024-10-13T14:28:49.985+0000] {subprocess.py:93} INFO - #19 0x564c6728be7c <unknown>
[2024-10-13T14:28:50.013+0000] {subprocess.py:93} INFO - #20 0x7f4b4a33a144 <unknown>
[2024-10-13T14:28:50.023+0000] {subprocess.py:93} INFO - 
[2024-10-13T14:28:50.866+0000] {subprocess.py:93} INFO - WARNING:root:Metascore not found: Message: no such element: Unable to locate element: {"method":"css selector","selector":"span.sc-b0901df4-0.bXIOoL.metacritic-score-box"}
[2024-10-13T14:28:50.870+0000] {subprocess.py:93} INFO -   (Session info: chrome=129.0.6668.89); For documentation on this error, please visit: https://www.selenium.dev/documentation/webdriver/troubleshooting/errors#no-such-element-exception
[2024-10-13T14:28:50.873+0000] {subprocess.py:93} INFO - Stacktrace:
[2024-10-13T14:28:50.881+0000] {subprocess.py:93} INFO - #0 0x564c6728d02a <unknown>
[2024-10-13T14:28:50.886+0000] {subprocess.py:93} INFO - #1 0x564c66f735e0 <unknown>
[2024-10-13T14:28:50.895+0000] {subprocess.py:93} INFO - #2 0x564c66fc2be8 <unknown>
[2024-10-13T14:28:50.905+0000] {subprocess.py:93} INFO - #3 0x564c66fc2e81 <unknown>
[2024-10-13T14:28:50.919+0000] {subprocess.py:93} INFO - #4 0x564c66fb7586 <unknown>
[2024-10-13T14:28:50.933+0000] {subprocess.py:93} INFO - #5 0x564c66fe7b4d <unknown>
[2024-10-13T14:28:50.940+0000] {subprocess.py:93} INFO - #6 0x564c66fb7478 <unknown>
[2024-10-13T14:28:50.949+0000] {subprocess.py:93} INFO - #7 0x564c66fe7cee <unknown>
[2024-10-13T14:28:50.962+0000] {subprocess.py:93} INFO - #8 0x564c67006d7d <unknown>
[2024-10-13T14:28:50.969+0000] {subprocess.py:93} INFO - #9 0x564c66fe78c3 <unknown>
[2024-10-13T14:28:50.973+0000] {subprocess.py:93} INFO - #10 0x564c66fb56b3 <unknown>
[2024-10-13T14:28:50.977+0000] {subprocess.py:93} INFO - #11 0x564c66fb668e <unknown>
[2024-10-13T14:28:50.981+0000] {subprocess.py:93} INFO - #12 0x564c67257a2b <unknown>
[2024-10-13T14:28:50.986+0000] {subprocess.py:93} INFO - #13 0x564c6725b9b1 <unknown>
[2024-10-13T14:28:50.998+0000] {subprocess.py:93} INFO - #14 0x564c67244225 <unknown>
[2024-10-13T14:28:51.013+0000] {subprocess.py:93} INFO - #15 0x564c6725c532 <unknown>
[2024-10-13T14:28:51.018+0000] {subprocess.py:93} INFO - #16 0x564c6722938f <unknown>
[2024-10-13T14:28:51.023+0000] {subprocess.py:93} INFO - #17 0x564c6727bf28 <unknown>
[2024-10-13T14:28:51.029+0000] {subprocess.py:93} INFO - #18 0x564c6727c0f3 <unknown>
[2024-10-13T14:28:51.033+0000] {subprocess.py:93} INFO - #19 0x564c6728be7c <unknown>
[2024-10-13T14:28:51.039+0000] {subprocess.py:93} INFO - #20 0x7f4b4a33a144 <unknown>
[2024-10-13T14:28:51.049+0000] {subprocess.py:93} INFO - 
[2024-10-13T14:28:51.696+0000] {subprocess.py:93} INFO - WARNING:root:Metascore not found: Message: no such element: Unable to locate element: {"method":"css selector","selector":"span.sc-b0901df4-0.bXIOoL.metacritic-score-box"}
[2024-10-13T14:28:51.704+0000] {subprocess.py:93} INFO -   (Session info: chrome=129.0.6668.89); For documentation on this error, please visit: https://www.selenium.dev/documentation/webdriver/troubleshooting/errors#no-such-element-exception
[2024-10-13T14:28:51.708+0000] {subprocess.py:93} INFO - Stacktrace:
[2024-10-13T14:28:51.713+0000] {subprocess.py:93} INFO - #0 0x564c6728d02a <unknown>
[2024-10-13T14:28:51.716+0000] {subprocess.py:93} INFO - #1 0x564c66f735e0 <unknown>
[2024-10-13T14:28:51.719+0000] {subprocess.py:93} INFO - #2 0x564c66fc2be8 <unknown>
[2024-10-13T14:28:51.727+0000] {subprocess.py:93} INFO - #3 0x564c66fc2e81 <unknown>
[2024-10-13T14:28:51.732+0000] {subprocess.py:93} INFO - #4 0x564c66fb7586 <unknown>
[2024-10-13T14:28:51.735+0000] {subprocess.py:93} INFO - #5 0x564c66fe7b4d <unknown>
[2024-10-13T14:28:51.739+0000] {subprocess.py:93} INFO - #6 0x564c66fb7478 <unknown>
[2024-10-13T14:28:51.742+0000] {subprocess.py:93} INFO - #7 0x564c66fe7cee <unknown>
[2024-10-13T14:28:51.746+0000] {subprocess.py:93} INFO - #8 0x564c67006d7d <unknown>
[2024-10-13T14:28:51.750+0000] {subprocess.py:93} INFO - #9 0x564c66fe78c3 <unknown>
[2024-10-13T14:28:51.772+0000] {subprocess.py:93} INFO - #10 0x564c66fb56b3 <unknown>
[2024-10-13T14:28:51.793+0000] {subprocess.py:93} INFO - #11 0x564c66fb668e <unknown>
[2024-10-13T14:28:51.799+0000] {subprocess.py:93} INFO - #12 0x564c67257a2b <unknown>
[2024-10-13T14:28:51.805+0000] {subprocess.py:93} INFO - #13 0x564c6725b9b1 <unknown>
[2024-10-13T14:28:51.817+0000] {subprocess.py:93} INFO - #14 0x564c67244225 <unknown>
[2024-10-13T14:28:51.823+0000] {subprocess.py:93} INFO - #15 0x564c6725c532 <unknown>
[2024-10-13T14:28:51.830+0000] {subprocess.py:93} INFO - #16 0x564c6722938f <unknown>
[2024-10-13T14:28:51.833+0000] {subprocess.py:93} INFO - #17 0x564c6727bf28 <unknown>
[2024-10-13T14:28:51.844+0000] {subprocess.py:93} INFO - #18 0x564c6727c0f3 <unknown>
[2024-10-13T14:28:51.857+0000] {subprocess.py:93} INFO - #19 0x564c6728be7c <unknown>
[2024-10-13T14:28:51.863+0000] {subprocess.py:93} INFO - #20 0x7f4b4a33a144 <unknown>
[2024-10-13T14:28:51.867+0000] {subprocess.py:93} INFO - 
[2024-10-13T14:28:52.530+0000] {subprocess.py:97} INFO - Command exited with return code 0
[2024-10-13T14:28:52.582+0000] {taskinstance.py:340} INFO - ::group::Post task execution logs
[2024-10-13T14:28:52.585+0000] {taskinstance.py:352} INFO - Marking task as SUCCESS. dag_id=EL, task_id=extract, run_id=manual__2024-10-13T14:27:59.298027+00:00, execution_date=20241013T142759, start_date=20241013T142806, end_date=20241013T142852
[2024-10-13T14:28:52.640+0000] {local_task_job_runner.py:266} INFO - Task exited with return code 0
[2024-10-13T14:28:52.683+0000] {taskinstance.py:3900} INFO - 1 downstream tasks scheduled from follow-on schedule check
[2024-10-13T14:28:52.692+0000] {local_task_job_runner.py:245} INFO - ::endgroup::
