[2024-10-13T14:27:19.455+0000] {processor.py:186} INFO - Started process (PID=30) to work on /opt/airflow/dags/scrape_dag.py
[2024-10-13T14:27:19.460+0000] {processor.py:914} INFO - Processing file /opt/airflow/dags/scrape_dag.py for tasks to queue
[2024-10-13T14:27:19.466+0000] {logging_mixin.py:190} INFO - [2024-10-13T14:27:19.465+0000] {dagbag.py:588} INFO - Filling up the DagBag from /opt/airflow/dags/scrape_dag.py
[2024-10-13T14:27:21.620+0000] {processor.py:925} INFO - DAG(s) 'EL' retrieved from /opt/airflow/dags/scrape_dag.py
[2024-10-13T14:27:22.469+0000] {logging_mixin.py:190} INFO - [2024-10-13T14:27:22.468+0000] {dag.py:3239} INFO - Sync 1 DAGs
[2024-10-13T14:27:22.541+0000] {logging_mixin.py:190} INFO - [2024-10-13T14:27:22.541+0000] {dag.py:4180} INFO - Setting next_dagrun for EL to None, run_after=None
[2024-10-13T14:27:22.650+0000] {processor.py:208} INFO - Processing /opt/airflow/dags/scrape_dag.py took 3.228 seconds
[2024-10-13T14:27:53.297+0000] {processor.py:186} INFO - Started process (PID=32) to work on /opt/airflow/dags/scrape_dag.py
[2024-10-13T14:27:53.335+0000] {processor.py:914} INFO - Processing file /opt/airflow/dags/scrape_dag.py for tasks to queue
[2024-10-13T14:27:53.387+0000] {logging_mixin.py:190} INFO - [2024-10-13T14:27:53.385+0000] {dagbag.py:588} INFO - Filling up the DagBag from /opt/airflow/dags/scrape_dag.py
[2024-10-13T14:27:58.664+0000] {processor.py:925} INFO - DAG(s) 'EL' retrieved from /opt/airflow/dags/scrape_dag.py
[2024-10-13T14:27:58.775+0000] {logging_mixin.py:190} INFO - [2024-10-13T14:27:58.774+0000] {dag.py:3239} INFO - Sync 1 DAGs
[2024-10-13T14:27:58.941+0000] {logging_mixin.py:190} INFO - [2024-10-13T14:27:58.939+0000] {dag.py:4180} INFO - Setting next_dagrun for EL to None, run_after=None
[2024-10-13T14:27:59.023+0000] {processor.py:208} INFO - Processing /opt/airflow/dags/scrape_dag.py took 5.797 seconds
[2024-10-13T14:28:29.662+0000] {processor.py:186} INFO - Started process (PID=34) to work on /opt/airflow/dags/scrape_dag.py
[2024-10-13T14:28:29.679+0000] {processor.py:914} INFO - Processing file /opt/airflow/dags/scrape_dag.py for tasks to queue
[2024-10-13T14:28:29.711+0000] {logging_mixin.py:190} INFO - [2024-10-13T14:28:29.709+0000] {dagbag.py:588} INFO - Filling up the DagBag from /opt/airflow/dags/scrape_dag.py
[2024-10-13T14:28:34.831+0000] {processor.py:925} INFO - DAG(s) 'EL' retrieved from /opt/airflow/dags/scrape_dag.py
[2024-10-13T14:28:35.022+0000] {logging_mixin.py:190} INFO - [2024-10-13T14:28:35.021+0000] {dag.py:3239} INFO - Sync 1 DAGs
[2024-10-13T14:28:35.249+0000] {logging_mixin.py:190} INFO - [2024-10-13T14:28:35.249+0000] {dag.py:4180} INFO - Setting next_dagrun for EL to None, run_after=None
[2024-10-13T14:28:35.372+0000] {processor.py:208} INFO - Processing /opt/airflow/dags/scrape_dag.py took 5.798 seconds
[2024-10-13T14:29:05.861+0000] {processor.py:186} INFO - Started process (PID=36) to work on /opt/airflow/dags/scrape_dag.py
[2024-10-13T14:29:05.864+0000] {processor.py:914} INFO - Processing file /opt/airflow/dags/scrape_dag.py for tasks to queue
[2024-10-13T14:29:05.869+0000] {logging_mixin.py:190} INFO - [2024-10-13T14:29:05.868+0000] {dagbag.py:588} INFO - Filling up the DagBag from /opt/airflow/dags/scrape_dag.py
[2024-10-13T14:29:06.845+0000] {processor.py:925} INFO - DAG(s) 'EL' retrieved from /opt/airflow/dags/scrape_dag.py
[2024-10-13T14:29:06.881+0000] {logging_mixin.py:190} INFO - [2024-10-13T14:29:06.881+0000] {dag.py:3239} INFO - Sync 1 DAGs
[2024-10-13T14:29:06.920+0000] {logging_mixin.py:190} INFO - [2024-10-13T14:29:06.920+0000] {dag.py:4180} INFO - Setting next_dagrun for EL to None, run_after=None
[2024-10-13T14:29:06.965+0000] {processor.py:208} INFO - Processing /opt/airflow/dags/scrape_dag.py took 1.117 seconds
