[2024-10-10T14:15:21.270+0000] {local_task_job_runner.py:123} INFO - ::group::Pre task execution logs
[2024-10-10T14:15:21.290+0000] {taskinstance.py:2612} INFO - Dependencies all met for dep_context=non-requeueable deps ti=<TaskInstance: EL.extract scheduled__2024-10-09T00:00:00+00:00 [queued]>
[2024-10-10T14:15:21.301+0000] {taskinstance.py:2612} INFO - Dependencies all met for dep_context=requeueable deps ti=<TaskInstance: EL.extract scheduled__2024-10-09T00:00:00+00:00 [queued]>
[2024-10-10T14:15:21.303+0000] {taskinstance.py:2865} INFO - Starting attempt 1 of 1
[2024-10-10T14:15:21.328+0000] {taskinstance.py:2888} INFO - Executing <Task(BashOperator): extract> on 2024-10-09 00:00:00+00:00
[2024-10-10T14:15:21.336+0000] {standard_task_runner.py:72} INFO - Started process 50 to run task
[2024-10-10T14:15:21.343+0000] {standard_task_runner.py:104} INFO - Running: ['airflow', 'tasks', 'run', 'EL', 'extract', 'scheduled__2024-10-09T00:00:00+00:00', '--job-id', '28', '--raw', '--subdir', 'DAGS_FOLDER/scrape_dag.py', '--cfg-path', '/tmp/tmpxq0zk5c2']
[2024-10-10T14:15:21.347+0000] {standard_task_runner.py:105} INFO - Job 28: Subtask extract
[2024-10-10T14:15:21.368+0000] {warnings.py:109} WARNING - /home/airflow/.local/lib/python3.10/site-packages/airflow/settings.py:209: DeprecationWarning: The sql_alchemy_conn option in [core] has been moved to the sql_alchemy_conn option in [database] - the old setting has been used, but please update your config.
  SQL_ALCHEMY_CONN = conf.get("database", "SQL_ALCHEMY_CONN")

[2024-10-10T14:15:21.413+0000] {task_command.py:467} INFO - Running <TaskInstance: EL.extract scheduled__2024-10-09T00:00:00+00:00 [running]> on host 9ae4a7102e28
[2024-10-10T14:15:21.415+0000] {warnings.py:109} WARNING - /home/airflow/.local/lib/python3.10/site-packages/airflow/settings.py:470: DeprecationWarning: The sql_alchemy_conn option in [core] has been moved to the sql_alchemy_conn option in [database] - the old setting has been used, but please update your config.
  if conf.get("database", "sql_alchemy_conn") == "none://":

[2024-10-10T14:15:21.510+0000] {taskinstance.py:3131} INFO - Exporting env vars: AIRFLOW_CTX_DAG_OWNER='bmw' AIRFLOW_CTX_DAG_ID='EL' AIRFLOW_CTX_TASK_ID='extract' AIRFLOW_CTX_EXECUTION_DATE='2024-10-09T00:00:00+00:00' AIRFLOW_CTX_TRY_NUMBER='1' AIRFLOW_CTX_DAG_RUN_ID='scheduled__2024-10-09T00:00:00+00:00'
[2024-10-10T14:15:21.512+0000] {taskinstance.py:731} INFO - ::endgroup::
[2024-10-10T14:15:21.571+0000] {subprocess.py:63} INFO - Tmp dir root location: /tmp
[2024-10-10T14:15:21.574+0000] {subprocess.py:75} INFO - Running command: ['/usr/bin/bash', '-c', 'xvfb-run --server-args="-screen 0 1920x1080x24" python3 /opt/airflow/scripts/scrape.py']
[2024-10-10T14:15:21.587+0000] {subprocess.py:86} INFO - Output:
[2024-10-10T14:15:28.307+0000] {subprocess.py:93} INFO - INFO:root:Opening IMDb page...
[2024-10-10T14:15:32.665+0000] {subprocess.py:93} INFO - INFO:root:Page loaded, waiting for elements...
[2024-10-10T14:15:37.846+0000] {subprocess.py:93} INFO - INFO:root:Elements found, starting to scrape...
[2024-10-10T14:15:38.625+0000] {subprocess.py:93} INFO - WARNING:root:Metascore not found: Message: no such element: Unable to locate element: {"method":"css selector","selector":"span.sc-b0901df4-0.bXIOoL.metacritic-score-box"}
[2024-10-10T14:15:38.628+0000] {subprocess.py:93} INFO -   (Session info: chrome=129.0.6668.89); For documentation on this error, please visit: https://www.selenium.dev/documentation/webdriver/troubleshooting/errors#no-such-element-exception
[2024-10-10T14:15:38.632+0000] {subprocess.py:93} INFO - Stacktrace:
[2024-10-10T14:15:38.635+0000] {subprocess.py:93} INFO - #0 0x558885e2702a <unknown>
[2024-10-10T14:15:38.637+0000] {subprocess.py:93} INFO - #1 0x558885b0d5e0 <unknown>
[2024-10-10T14:15:38.640+0000] {subprocess.py:93} INFO - #2 0x558885b5cbe8 <unknown>
[2024-10-10T14:15:38.642+0000] {subprocess.py:93} INFO - #3 0x558885b5ce81 <unknown>
[2024-10-10T14:15:38.644+0000] {subprocess.py:93} INFO - #4 0x558885b51586 <unknown>
[2024-10-10T14:15:38.646+0000] {subprocess.py:93} INFO - #5 0x558885b81b4d <unknown>
[2024-10-10T14:15:38.649+0000] {subprocess.py:93} INFO - #6 0x558885b51478 <unknown>
[2024-10-10T14:15:38.650+0000] {subprocess.py:93} INFO - #7 0x558885b81cee <unknown>
[2024-10-10T14:15:38.652+0000] {subprocess.py:93} INFO - #8 0x558885ba0d7d <unknown>
[2024-10-10T14:15:38.654+0000] {subprocess.py:93} INFO - #9 0x558885b818c3 <unknown>
[2024-10-10T14:15:38.657+0000] {subprocess.py:93} INFO - #10 0x558885b4f6b3 <unknown>
[2024-10-10T14:15:38.659+0000] {subprocess.py:93} INFO - #11 0x558885b5068e <unknown>
[2024-10-10T14:15:38.660+0000] {subprocess.py:93} INFO - #12 0x558885df1a2b <unknown>
[2024-10-10T14:15:38.662+0000] {subprocess.py:93} INFO - #13 0x558885df59b1 <unknown>
[2024-10-10T14:15:38.666+0000] {subprocess.py:93} INFO - #14 0x558885dde225 <unknown>
[2024-10-10T14:15:38.668+0000] {subprocess.py:93} INFO - #15 0x558885df6532 <unknown>
[2024-10-10T14:15:38.671+0000] {subprocess.py:93} INFO - #16 0x558885dc338f <unknown>
[2024-10-10T14:15:38.673+0000] {subprocess.py:93} INFO - #17 0x558885e15f28 <unknown>
[2024-10-10T14:15:38.675+0000] {subprocess.py:93} INFO - #18 0x558885e160f3 <unknown>
[2024-10-10T14:15:38.676+0000] {subprocess.py:93} INFO - #19 0x558885e25e7c <unknown>
[2024-10-10T14:15:38.679+0000] {subprocess.py:93} INFO - #20 0x7f55cd01c144 <unknown>
[2024-10-10T14:15:38.682+0000] {subprocess.py:93} INFO - 
[2024-10-10T14:15:38.893+0000] {subprocess.py:93} INFO - WARNING:root:Metascore not found: Message: no such element: Unable to locate element: {"method":"css selector","selector":"span.sc-b0901df4-0.bXIOoL.metacritic-score-box"}
[2024-10-10T14:15:38.895+0000] {subprocess.py:93} INFO -   (Session info: chrome=129.0.6668.89); For documentation on this error, please visit: https://www.selenium.dev/documentation/webdriver/troubleshooting/errors#no-such-element-exception
[2024-10-10T14:15:38.897+0000] {subprocess.py:93} INFO - Stacktrace:
[2024-10-10T14:15:38.898+0000] {subprocess.py:93} INFO - #0 0x558885e2702a <unknown>
[2024-10-10T14:15:38.900+0000] {subprocess.py:93} INFO - #1 0x558885b0d5e0 <unknown>
[2024-10-10T14:15:38.902+0000] {subprocess.py:93} INFO - #2 0x558885b5cbe8 <unknown>
[2024-10-10T14:15:38.904+0000] {subprocess.py:93} INFO - #3 0x558885b5ce81 <unknown>
[2024-10-10T14:15:38.906+0000] {subprocess.py:93} INFO - #4 0x558885b51586 <unknown>
[2024-10-10T14:15:38.909+0000] {subprocess.py:93} INFO - #5 0x558885b81b4d <unknown>
[2024-10-10T14:15:38.911+0000] {subprocess.py:93} INFO - #6 0x558885b51478 <unknown>
[2024-10-10T14:15:38.914+0000] {subprocess.py:93} INFO - #7 0x558885b81cee <unknown>
[2024-10-10T14:15:38.916+0000] {subprocess.py:93} INFO - #8 0x558885ba0d7d <unknown>
[2024-10-10T14:15:38.918+0000] {subprocess.py:93} INFO - #9 0x558885b818c3 <unknown>
[2024-10-10T14:15:38.920+0000] {subprocess.py:93} INFO - #10 0x558885b4f6b3 <unknown>
[2024-10-10T14:15:38.922+0000] {subprocess.py:93} INFO - #11 0x558885b5068e <unknown>
[2024-10-10T14:15:38.924+0000] {subprocess.py:93} INFO - #12 0x558885df1a2b <unknown>
[2024-10-10T14:15:38.926+0000] {subprocess.py:93} INFO - #13 0x558885df59b1 <unknown>
[2024-10-10T14:15:38.928+0000] {subprocess.py:93} INFO - #14 0x558885dde225 <unknown>
[2024-10-10T14:15:38.930+0000] {subprocess.py:93} INFO - #15 0x558885df6532 <unknown>
[2024-10-10T14:15:38.932+0000] {subprocess.py:93} INFO - #16 0x558885dc338f <unknown>
[2024-10-10T14:15:38.934+0000] {subprocess.py:93} INFO - #17 0x558885e15f28 <unknown>
[2024-10-10T14:15:38.936+0000] {subprocess.py:93} INFO - #18 0x558885e160f3 <unknown>
[2024-10-10T14:15:38.938+0000] {subprocess.py:93} INFO - #19 0x558885e25e7c <unknown>
[2024-10-10T14:15:38.941+0000] {subprocess.py:93} INFO - #20 0x7f55cd01c144 <unknown>
[2024-10-10T14:15:38.944+0000] {subprocess.py:93} INFO - 
[2024-10-10T14:15:39.691+0000] {subprocess.py:93} INFO - WARNING:root:Metascore not found: Message: no such element: Unable to locate element: {"method":"css selector","selector":"span.sc-b0901df4-0.bXIOoL.metacritic-score-box"}
[2024-10-10T14:15:39.692+0000] {subprocess.py:93} INFO -   (Session info: chrome=129.0.6668.89); For documentation on this error, please visit: https://www.selenium.dev/documentation/webdriver/troubleshooting/errors#no-such-element-exception
[2024-10-10T14:15:39.693+0000] {subprocess.py:93} INFO - Stacktrace:
[2024-10-10T14:15:39.695+0000] {subprocess.py:93} INFO - #0 0x558885e2702a <unknown>
[2024-10-10T14:15:39.697+0000] {subprocess.py:93} INFO - #1 0x558885b0d5e0 <unknown>
[2024-10-10T14:15:39.699+0000] {subprocess.py:93} INFO - #2 0x558885b5cbe8 <unknown>
[2024-10-10T14:15:39.701+0000] {subprocess.py:93} INFO - #3 0x558885b5ce81 <unknown>
[2024-10-10T14:15:39.702+0000] {subprocess.py:93} INFO - #4 0x558885b51586 <unknown>
[2024-10-10T14:15:39.704+0000] {subprocess.py:93} INFO - #5 0x558885b81b4d <unknown>
[2024-10-10T14:15:39.706+0000] {subprocess.py:93} INFO - #6 0x558885b51478 <unknown>
[2024-10-10T14:15:39.709+0000] {subprocess.py:93} INFO - #7 0x558885b81cee <unknown>
[2024-10-10T14:15:39.710+0000] {subprocess.py:93} INFO - #8 0x558885ba0d7d <unknown>
[2024-10-10T14:15:39.713+0000] {subprocess.py:93} INFO - #9 0x558885b818c3 <unknown>
[2024-10-10T14:15:39.715+0000] {subprocess.py:93} INFO - #10 0x558885b4f6b3 <unknown>
[2024-10-10T14:15:39.717+0000] {subprocess.py:93} INFO - #11 0x558885b5068e <unknown>
[2024-10-10T14:15:39.719+0000] {subprocess.py:93} INFO - #12 0x558885df1a2b <unknown>
[2024-10-10T14:15:39.721+0000] {subprocess.py:93} INFO - #13 0x558885df59b1 <unknown>
[2024-10-10T14:15:39.723+0000] {subprocess.py:93} INFO - #14 0x558885dde225 <unknown>
[2024-10-10T14:15:39.725+0000] {subprocess.py:93} INFO - #15 0x558885df6532 <unknown>
[2024-10-10T14:15:39.726+0000] {subprocess.py:93} INFO - #16 0x558885dc338f <unknown>
[2024-10-10T14:15:39.728+0000] {subprocess.py:93} INFO - #17 0x558885e15f28 <unknown>
[2024-10-10T14:15:39.730+0000] {subprocess.py:93} INFO - #18 0x558885e160f3 <unknown>
[2024-10-10T14:15:39.732+0000] {subprocess.py:93} INFO - #19 0x558885e25e7c <unknown>
[2024-10-10T14:15:39.735+0000] {subprocess.py:93} INFO - #20 0x7f55cd01c144 <unknown>
[2024-10-10T14:15:39.736+0000] {subprocess.py:93} INFO - 
[2024-10-10T14:15:39.939+0000] {subprocess.py:93} INFO - WARNING:root:Metascore not found: Message: no such element: Unable to locate element: {"method":"css selector","selector":"span.sc-b0901df4-0.bXIOoL.metacritic-score-box"}
[2024-10-10T14:15:39.941+0000] {subprocess.py:93} INFO -   (Session info: chrome=129.0.6668.89); For documentation on this error, please visit: https://www.selenium.dev/documentation/webdriver/troubleshooting/errors#no-such-element-exception
[2024-10-10T14:15:39.943+0000] {subprocess.py:93} INFO - Stacktrace:
[2024-10-10T14:15:39.944+0000] {subprocess.py:93} INFO - #0 0x558885e2702a <unknown>
[2024-10-10T14:15:39.946+0000] {subprocess.py:93} INFO - #1 0x558885b0d5e0 <unknown>
[2024-10-10T14:15:39.947+0000] {subprocess.py:93} INFO - #2 0x558885b5cbe8 <unknown>
[2024-10-10T14:15:39.949+0000] {subprocess.py:93} INFO - #3 0x558885b5ce81 <unknown>
[2024-10-10T14:15:39.951+0000] {subprocess.py:93} INFO - #4 0x558885b51586 <unknown>
[2024-10-10T14:15:39.953+0000] {subprocess.py:93} INFO - #5 0x558885b81b4d <unknown>
[2024-10-10T14:15:39.956+0000] {subprocess.py:93} INFO - #6 0x558885b51478 <unknown>
[2024-10-10T14:15:39.957+0000] {subprocess.py:93} INFO - #7 0x558885b81cee <unknown>
[2024-10-10T14:15:39.959+0000] {subprocess.py:93} INFO - #8 0x558885ba0d7d <unknown>
[2024-10-10T14:15:39.961+0000] {subprocess.py:93} INFO - #9 0x558885b818c3 <unknown>
[2024-10-10T14:15:39.963+0000] {subprocess.py:93} INFO - #10 0x558885b4f6b3 <unknown>
[2024-10-10T14:15:39.964+0000] {subprocess.py:93} INFO - #11 0x558885b5068e <unknown>
[2024-10-10T14:15:39.966+0000] {subprocess.py:93} INFO - #12 0x558885df1a2b <unknown>
[2024-10-10T14:15:39.969+0000] {subprocess.py:93} INFO - #13 0x558885df59b1 <unknown>
[2024-10-10T14:15:39.971+0000] {subprocess.py:93} INFO - #14 0x558885dde225 <unknown>
[2024-10-10T14:15:39.972+0000] {subprocess.py:93} INFO - #15 0x558885df6532 <unknown>
[2024-10-10T14:15:39.974+0000] {subprocess.py:93} INFO - #16 0x558885dc338f <unknown>
[2024-10-10T14:15:39.975+0000] {subprocess.py:93} INFO - #17 0x558885e15f28 <unknown>
[2024-10-10T14:15:39.979+0000] {subprocess.py:93} INFO - #18 0x558885e160f3 <unknown>
[2024-10-10T14:15:39.982+0000] {subprocess.py:93} INFO - #19 0x558885e25e7c <unknown>
[2024-10-10T14:15:39.984+0000] {subprocess.py:93} INFO - #20 0x7f55cd01c144 <unknown>
[2024-10-10T14:15:39.986+0000] {subprocess.py:93} INFO - 
[2024-10-10T14:15:40.159+0000] {subprocess.py:93} INFO - WARNING:root:Metascore not found: Message: no such element: Unable to locate element: {"method":"css selector","selector":"span.sc-b0901df4-0.bXIOoL.metacritic-score-box"}
[2024-10-10T14:15:40.164+0000] {subprocess.py:93} INFO -   (Session info: chrome=129.0.6668.89); For documentation on this error, please visit: https://www.selenium.dev/documentation/webdriver/troubleshooting/errors#no-such-element-exception
[2024-10-10T14:15:40.166+0000] {subprocess.py:93} INFO - Stacktrace:
[2024-10-10T14:15:40.167+0000] {subprocess.py:93} INFO - #0 0x558885e2702a <unknown>
[2024-10-10T14:15:40.169+0000] {subprocess.py:93} INFO - #1 0x558885b0d5e0 <unknown>
[2024-10-10T14:15:40.171+0000] {subprocess.py:93} INFO - #2 0x558885b5cbe8 <unknown>
[2024-10-10T14:15:40.173+0000] {subprocess.py:93} INFO - #3 0x558885b5ce81 <unknown>
[2024-10-10T14:15:40.175+0000] {subprocess.py:93} INFO - #4 0x558885b51586 <unknown>
[2024-10-10T14:15:40.177+0000] {subprocess.py:93} INFO - #5 0x558885b81b4d <unknown>
[2024-10-10T14:15:40.181+0000] {subprocess.py:93} INFO - #6 0x558885b51478 <unknown>
[2024-10-10T14:15:40.183+0000] {subprocess.py:93} INFO - #7 0x558885b81cee <unknown>
[2024-10-10T14:15:40.184+0000] {subprocess.py:93} INFO - #8 0x558885ba0d7d <unknown>
[2024-10-10T14:15:40.186+0000] {subprocess.py:93} INFO - #9 0x558885b818c3 <unknown>
[2024-10-10T14:15:40.188+0000] {subprocess.py:93} INFO - #10 0x558885b4f6b3 <unknown>
[2024-10-10T14:15:40.189+0000] {subprocess.py:93} INFO - #11 0x558885b5068e <unknown>
[2024-10-10T14:15:40.192+0000] {subprocess.py:93} INFO - #12 0x558885df1a2b <unknown>
[2024-10-10T14:15:40.194+0000] {subprocess.py:93} INFO - #13 0x558885df59b1 <unknown>
[2024-10-10T14:15:40.197+0000] {subprocess.py:93} INFO - #14 0x558885dde225 <unknown>
[2024-10-10T14:15:40.198+0000] {subprocess.py:93} INFO - #15 0x558885df6532 <unknown>
[2024-10-10T14:15:40.200+0000] {subprocess.py:93} INFO - #16 0x558885dc338f <unknown>
[2024-10-10T14:15:40.202+0000] {subprocess.py:93} INFO - #17 0x558885e15f28 <unknown>
[2024-10-10T14:15:40.205+0000] {subprocess.py:93} INFO - #18 0x558885e160f3 <unknown>
[2024-10-10T14:15:40.207+0000] {subprocess.py:93} INFO - #19 0x558885e25e7c <unknown>
[2024-10-10T14:15:40.209+0000] {subprocess.py:93} INFO - #20 0x7f55cd01c144 <unknown>
[2024-10-10T14:15:40.211+0000] {subprocess.py:93} INFO - 
[2024-10-10T14:15:40.403+0000] {subprocess.py:93} INFO - WARNING:root:Metascore not found: Message: no such element: Unable to locate element: {"method":"css selector","selector":"span.sc-b0901df4-0.bXIOoL.metacritic-score-box"}
[2024-10-10T14:15:40.405+0000] {subprocess.py:93} INFO -   (Session info: chrome=129.0.6668.89); For documentation on this error, please visit: https://www.selenium.dev/documentation/webdriver/troubleshooting/errors#no-such-element-exception
[2024-10-10T14:15:40.406+0000] {subprocess.py:93} INFO - Stacktrace:
[2024-10-10T14:15:40.408+0000] {subprocess.py:93} INFO - #0 0x558885e2702a <unknown>
[2024-10-10T14:15:40.410+0000] {subprocess.py:93} INFO - #1 0x558885b0d5e0 <unknown>
[2024-10-10T14:15:40.412+0000] {subprocess.py:93} INFO - #2 0x558885b5cbe8 <unknown>
[2024-10-10T14:15:40.414+0000] {subprocess.py:93} INFO - #3 0x558885b5ce81 <unknown>
[2024-10-10T14:15:40.416+0000] {subprocess.py:93} INFO - #4 0x558885b51586 <unknown>
[2024-10-10T14:15:40.419+0000] {subprocess.py:93} INFO - #5 0x558885b81b4d <unknown>
[2024-10-10T14:15:40.421+0000] {subprocess.py:93} INFO - #6 0x558885b51478 <unknown>
[2024-10-10T14:15:40.423+0000] {subprocess.py:93} INFO - #7 0x558885b81cee <unknown>
[2024-10-10T14:15:40.424+0000] {subprocess.py:93} INFO - #8 0x558885ba0d7d <unknown>
[2024-10-10T14:15:40.426+0000] {subprocess.py:93} INFO - #9 0x558885b818c3 <unknown>
[2024-10-10T14:15:40.428+0000] {subprocess.py:93} INFO - #10 0x558885b4f6b3 <unknown>
[2024-10-10T14:15:40.431+0000] {subprocess.py:93} INFO - #11 0x558885b5068e <unknown>
[2024-10-10T14:15:40.433+0000] {subprocess.py:93} INFO - #12 0x558885df1a2b <unknown>
[2024-10-10T14:15:40.437+0000] {subprocess.py:93} INFO - #13 0x558885df59b1 <unknown>
[2024-10-10T14:15:40.439+0000] {subprocess.py:93} INFO - #14 0x558885dde225 <unknown>
[2024-10-10T14:15:40.441+0000] {subprocess.py:93} INFO - #15 0x558885df6532 <unknown>
[2024-10-10T14:15:40.443+0000] {subprocess.py:93} INFO - #16 0x558885dc338f <unknown>
[2024-10-10T14:15:40.447+0000] {subprocess.py:93} INFO - #17 0x558885e15f28 <unknown>
[2024-10-10T14:15:40.449+0000] {subprocess.py:93} INFO - #18 0x558885e160f3 <unknown>
[2024-10-10T14:15:40.451+0000] {subprocess.py:93} INFO - #19 0x558885e25e7c <unknown>
[2024-10-10T14:15:40.453+0000] {subprocess.py:93} INFO - #20 0x7f55cd01c144 <unknown>
[2024-10-10T14:15:40.454+0000] {subprocess.py:93} INFO - 
[2024-10-10T14:15:40.623+0000] {subprocess.py:93} INFO - WARNING:root:Metascore not found: Message: no such element: Unable to locate element: {"method":"css selector","selector":"span.sc-b0901df4-0.bXIOoL.metacritic-score-box"}
[2024-10-10T14:15:40.625+0000] {subprocess.py:93} INFO -   (Session info: chrome=129.0.6668.89); For documentation on this error, please visit: https://www.selenium.dev/documentation/webdriver/troubleshooting/errors#no-such-element-exception
[2024-10-10T14:15:40.627+0000] {subprocess.py:93} INFO - Stacktrace:
[2024-10-10T14:15:40.629+0000] {subprocess.py:93} INFO - #0 0x558885e2702a <unknown>
[2024-10-10T14:15:40.630+0000] {subprocess.py:93} INFO - #1 0x558885b0d5e0 <unknown>
[2024-10-10T14:15:40.632+0000] {subprocess.py:93} INFO - #2 0x558885b5cbe8 <unknown>
[2024-10-10T14:15:40.634+0000] {subprocess.py:93} INFO - #3 0x558885b5ce81 <unknown>
[2024-10-10T14:15:40.635+0000] {subprocess.py:93} INFO - #4 0x558885b51586 <unknown>
[2024-10-10T14:15:40.637+0000] {subprocess.py:93} INFO - #5 0x558885b81b4d <unknown>
[2024-10-10T14:15:40.639+0000] {subprocess.py:93} INFO - #6 0x558885b51478 <unknown>
[2024-10-10T14:15:40.641+0000] {subprocess.py:93} INFO - #7 0x558885b81cee <unknown>
[2024-10-10T14:15:40.643+0000] {subprocess.py:93} INFO - #8 0x558885ba0d7d <unknown>
[2024-10-10T14:15:40.645+0000] {subprocess.py:93} INFO - #9 0x558885b818c3 <unknown>
[2024-10-10T14:15:40.646+0000] {subprocess.py:93} INFO - #10 0x558885b4f6b3 <unknown>
[2024-10-10T14:15:40.648+0000] {subprocess.py:93} INFO - #11 0x558885b5068e <unknown>
[2024-10-10T14:15:40.650+0000] {subprocess.py:93} INFO - #12 0x558885df1a2b <unknown>
[2024-10-10T14:15:40.652+0000] {subprocess.py:93} INFO - #13 0x558885df59b1 <unknown>
[2024-10-10T14:15:40.654+0000] {subprocess.py:93} INFO - #14 0x558885dde225 <unknown>
[2024-10-10T14:15:40.656+0000] {subprocess.py:93} INFO - #15 0x558885df6532 <unknown>
[2024-10-10T14:15:40.658+0000] {subprocess.py:93} INFO - #16 0x558885dc338f <unknown>
[2024-10-10T14:15:40.660+0000] {subprocess.py:93} INFO - #17 0x558885e15f28 <unknown>
[2024-10-10T14:15:40.664+0000] {subprocess.py:93} INFO - #18 0x558885e160f3 <unknown>
[2024-10-10T14:15:40.674+0000] {subprocess.py:93} INFO - #19 0x558885e25e7c <unknown>
[2024-10-10T14:15:40.675+0000] {subprocess.py:93} INFO - #20 0x7f55cd01c144 <unknown>
[2024-10-10T14:15:40.677+0000] {subprocess.py:93} INFO - 
[2024-10-10T14:15:40.906+0000] {subprocess.py:93} INFO - WARNING:root:Metascore not found: Message: no such element: Unable to locate element: {"method":"css selector","selector":"span.sc-b0901df4-0.bXIOoL.metacritic-score-box"}
[2024-10-10T14:15:40.907+0000] {subprocess.py:93} INFO -   (Session info: chrome=129.0.6668.89); For documentation on this error, please visit: https://www.selenium.dev/documentation/webdriver/troubleshooting/errors#no-such-element-exception
[2024-10-10T14:15:40.910+0000] {subprocess.py:93} INFO - Stacktrace:
[2024-10-10T14:15:40.916+0000] {subprocess.py:93} INFO - #0 0x558885e2702a <unknown>
[2024-10-10T14:15:40.919+0000] {subprocess.py:93} INFO - #1 0x558885b0d5e0 <unknown>
[2024-10-10T14:15:40.921+0000] {subprocess.py:93} INFO - #2 0x558885b5cbe8 <unknown>
[2024-10-10T14:15:40.923+0000] {subprocess.py:93} INFO - #3 0x558885b5ce81 <unknown>
[2024-10-10T14:15:40.925+0000] {subprocess.py:93} INFO - #4 0x558885b51586 <unknown>
[2024-10-10T14:15:40.927+0000] {subprocess.py:93} INFO - #5 0x558885b81b4d <unknown>
[2024-10-10T14:15:40.930+0000] {subprocess.py:93} INFO - #6 0x558885b51478 <unknown>
[2024-10-10T14:15:40.931+0000] {subprocess.py:93} INFO - #7 0x558885b81cee <unknown>
[2024-10-10T14:15:40.935+0000] {subprocess.py:93} INFO - #8 0x558885ba0d7d <unknown>
[2024-10-10T14:15:40.938+0000] {subprocess.py:93} INFO - #9 0x558885b818c3 <unknown>
[2024-10-10T14:15:40.939+0000] {subprocess.py:93} INFO - #10 0x558885b4f6b3 <unknown>
[2024-10-10T14:15:40.941+0000] {subprocess.py:93} INFO - #11 0x558885b5068e <unknown>
[2024-10-10T14:15:40.943+0000] {subprocess.py:93} INFO - #12 0x558885df1a2b <unknown>
[2024-10-10T14:15:40.947+0000] {subprocess.py:93} INFO - #13 0x558885df59b1 <unknown>
[2024-10-10T14:15:40.949+0000] {subprocess.py:93} INFO - #14 0x558885dde225 <unknown>
[2024-10-10T14:15:40.951+0000] {subprocess.py:93} INFO - #15 0x558885df6532 <unknown>
[2024-10-10T14:15:40.953+0000] {subprocess.py:93} INFO - #16 0x558885dc338f <unknown>
[2024-10-10T14:15:40.955+0000] {subprocess.py:93} INFO - #17 0x558885e15f28 <unknown>
[2024-10-10T14:15:40.957+0000] {subprocess.py:93} INFO - #18 0x558885e160f3 <unknown>
[2024-10-10T14:15:40.959+0000] {subprocess.py:93} INFO - #19 0x558885e25e7c <unknown>
[2024-10-10T14:15:40.961+0000] {subprocess.py:93} INFO - #20 0x7f55cd01c144 <unknown>
[2024-10-10T14:15:40.963+0000] {subprocess.py:93} INFO - 
[2024-10-10T14:15:41.173+0000] {subprocess.py:93} INFO - WARNING:root:Metascore not found: Message: no such element: Unable to locate element: {"method":"css selector","selector":"span.sc-b0901df4-0.bXIOoL.metacritic-score-box"}
[2024-10-10T14:15:41.175+0000] {subprocess.py:93} INFO -   (Session info: chrome=129.0.6668.89); For documentation on this error, please visit: https://www.selenium.dev/documentation/webdriver/troubleshooting/errors#no-such-element-exception
[2024-10-10T14:15:41.178+0000] {subprocess.py:93} INFO - Stacktrace:
[2024-10-10T14:15:41.181+0000] {subprocess.py:93} INFO - #0 0x558885e2702a <unknown>
[2024-10-10T14:15:41.183+0000] {subprocess.py:93} INFO - #1 0x558885b0d5e0 <unknown>
[2024-10-10T14:15:41.184+0000] {subprocess.py:93} INFO - #2 0x558885b5cbe8 <unknown>
[2024-10-10T14:15:41.186+0000] {subprocess.py:93} INFO - #3 0x558885b5ce81 <unknown>
[2024-10-10T14:15:41.188+0000] {subprocess.py:93} INFO - #4 0x558885b51586 <unknown>
[2024-10-10T14:15:41.192+0000] {subprocess.py:93} INFO - #5 0x558885b81b4d <unknown>
[2024-10-10T14:15:41.194+0000] {subprocess.py:93} INFO - #6 0x558885b51478 <unknown>
[2024-10-10T14:15:41.198+0000] {subprocess.py:93} INFO - #7 0x558885b81cee <unknown>
[2024-10-10T14:15:41.201+0000] {subprocess.py:93} INFO - #8 0x558885ba0d7d <unknown>
[2024-10-10T14:15:41.202+0000] {subprocess.py:93} INFO - #9 0x558885b818c3 <unknown>
[2024-10-10T14:15:41.204+0000] {subprocess.py:93} INFO - #10 0x558885b4f6b3 <unknown>
[2024-10-10T14:15:41.206+0000] {subprocess.py:93} INFO - #11 0x558885b5068e <unknown>
[2024-10-10T14:15:41.208+0000] {subprocess.py:93} INFO - #12 0x558885df1a2b <unknown>
[2024-10-10T14:15:41.210+0000] {subprocess.py:93} INFO - #13 0x558885df59b1 <unknown>
[2024-10-10T14:15:41.212+0000] {subprocess.py:93} INFO - #14 0x558885dde225 <unknown>
[2024-10-10T14:15:41.214+0000] {subprocess.py:93} INFO - #15 0x558885df6532 <unknown>
[2024-10-10T14:15:41.216+0000] {subprocess.py:93} INFO - #16 0x558885dc338f <unknown>
[2024-10-10T14:15:41.218+0000] {subprocess.py:93} INFO - #17 0x558885e15f28 <unknown>
[2024-10-10T14:15:41.219+0000] {subprocess.py:93} INFO - #18 0x558885e160f3 <unknown>
[2024-10-10T14:15:41.221+0000] {subprocess.py:93} INFO - #19 0x558885e25e7c <unknown>
[2024-10-10T14:15:41.225+0000] {subprocess.py:93} INFO - #20 0x7f55cd01c144 <unknown>
[2024-10-10T14:15:41.227+0000] {subprocess.py:93} INFO - 
[2024-10-10T14:15:41.423+0000] {subprocess.py:93} INFO - WARNING:root:Metascore not found: Message: no such element: Unable to locate element: {"method":"css selector","selector":"span.sc-b0901df4-0.bXIOoL.metacritic-score-box"}
[2024-10-10T14:15:41.425+0000] {subprocess.py:93} INFO -   (Session info: chrome=129.0.6668.89); For documentation on this error, please visit: https://www.selenium.dev/documentation/webdriver/troubleshooting/errors#no-such-element-exception
[2024-10-10T14:15:41.426+0000] {subprocess.py:93} INFO - Stacktrace:
[2024-10-10T14:15:41.428+0000] {subprocess.py:93} INFO - #0 0x558885e2702a <unknown>
[2024-10-10T14:15:41.429+0000] {subprocess.py:93} INFO - #1 0x558885b0d5e0 <unknown>
[2024-10-10T14:15:41.431+0000] {subprocess.py:93} INFO - #2 0x558885b5cbe8 <unknown>
[2024-10-10T14:15:41.433+0000] {subprocess.py:93} INFO - #3 0x558885b5ce81 <unknown>
[2024-10-10T14:15:41.436+0000] {subprocess.py:93} INFO - #4 0x558885b51586 <unknown>
[2024-10-10T14:15:41.438+0000] {subprocess.py:93} INFO - #5 0x558885b81b4d <unknown>
[2024-10-10T14:15:41.440+0000] {subprocess.py:93} INFO - #6 0x558885b51478 <unknown>
[2024-10-10T14:15:41.441+0000] {subprocess.py:93} INFO - #7 0x558885b81cee <unknown>
[2024-10-10T14:15:41.443+0000] {subprocess.py:93} INFO - #8 0x558885ba0d7d <unknown>
[2024-10-10T14:15:41.445+0000] {subprocess.py:93} INFO - #9 0x558885b818c3 <unknown>
[2024-10-10T14:15:41.446+0000] {subprocess.py:93} INFO - #10 0x558885b4f6b3 <unknown>
[2024-10-10T14:15:41.448+0000] {subprocess.py:93} INFO - #11 0x558885b5068e <unknown>
[2024-10-10T14:15:41.450+0000] {subprocess.py:93} INFO - #12 0x558885df1a2b <unknown>
[2024-10-10T14:15:41.452+0000] {subprocess.py:93} INFO - #13 0x558885df59b1 <unknown>
[2024-10-10T14:15:41.454+0000] {subprocess.py:93} INFO - #14 0x558885dde225 <unknown>
[2024-10-10T14:15:41.456+0000] {subprocess.py:93} INFO - #15 0x558885df6532 <unknown>
[2024-10-10T14:15:41.458+0000] {subprocess.py:93} INFO - #16 0x558885dc338f <unknown>
[2024-10-10T14:15:41.460+0000] {subprocess.py:93} INFO - #17 0x558885e15f28 <unknown>
[2024-10-10T14:15:41.462+0000] {subprocess.py:93} INFO - #18 0x558885e160f3 <unknown>
[2024-10-10T14:15:41.463+0000] {subprocess.py:93} INFO - #19 0x558885e25e7c <unknown>
[2024-10-10T14:15:41.465+0000] {subprocess.py:93} INFO - #20 0x7f55cd01c144 <unknown>
[2024-10-10T14:15:41.467+0000] {subprocess.py:93} INFO - 
[2024-10-10T14:15:41.656+0000] {subprocess.py:93} INFO - WARNING:root:Metascore not found: Message: no such element: Unable to locate element: {"method":"css selector","selector":"span.sc-b0901df4-0.bXIOoL.metacritic-score-box"}
[2024-10-10T14:15:41.658+0000] {subprocess.py:93} INFO -   (Session info: chrome=129.0.6668.89); For documentation on this error, please visit: https://www.selenium.dev/documentation/webdriver/troubleshooting/errors#no-such-element-exception
[2024-10-10T14:15:41.660+0000] {subprocess.py:93} INFO - Stacktrace:
[2024-10-10T14:15:41.663+0000] {subprocess.py:93} INFO - #0 0x558885e2702a <unknown>
[2024-10-10T14:15:41.665+0000] {subprocess.py:93} INFO - #1 0x558885b0d5e0 <unknown>
[2024-10-10T14:15:41.667+0000] {subprocess.py:93} INFO - #2 0x558885b5cbe8 <unknown>
[2024-10-10T14:15:41.669+0000] {subprocess.py:93} INFO - #3 0x558885b5ce81 <unknown>
[2024-10-10T14:15:41.671+0000] {subprocess.py:93} INFO - #4 0x558885b51586 <unknown>
[2024-10-10T14:15:41.674+0000] {subprocess.py:93} INFO - #5 0x558885b81b4d <unknown>
[2024-10-10T14:15:41.678+0000] {subprocess.py:93} INFO - #6 0x558885b51478 <unknown>
[2024-10-10T14:15:41.681+0000] {subprocess.py:93} INFO - #7 0x558885b81cee <unknown>
[2024-10-10T14:15:41.683+0000] {subprocess.py:93} INFO - #8 0x558885ba0d7d <unknown>
[2024-10-10T14:15:41.685+0000] {subprocess.py:93} INFO - #9 0x558885b818c3 <unknown>
[2024-10-10T14:15:41.687+0000] {subprocess.py:93} INFO - #10 0x558885b4f6b3 <unknown>
[2024-10-10T14:15:41.690+0000] {subprocess.py:93} INFO - #11 0x558885b5068e <unknown>
[2024-10-10T14:15:41.692+0000] {subprocess.py:93} INFO - #12 0x558885df1a2b <unknown>
[2024-10-10T14:15:41.694+0000] {subprocess.py:93} INFO - #13 0x558885df59b1 <unknown>
[2024-10-10T14:15:41.696+0000] {subprocess.py:93} INFO - #14 0x558885dde225 <unknown>
[2024-10-10T14:15:41.698+0000] {subprocess.py:93} INFO - #15 0x558885df6532 <unknown>
[2024-10-10T14:15:41.700+0000] {subprocess.py:93} INFO - #16 0x558885dc338f <unknown>
[2024-10-10T14:15:41.701+0000] {subprocess.py:93} INFO - #17 0x558885e15f28 <unknown>
[2024-10-10T14:15:41.703+0000] {subprocess.py:93} INFO - #18 0x558885e160f3 <unknown>
[2024-10-10T14:15:41.709+0000] {subprocess.py:93} INFO - #19 0x558885e25e7c <unknown>
[2024-10-10T14:15:41.713+0000] {subprocess.py:93} INFO - #20 0x7f55cd01c144 <unknown>
[2024-10-10T14:15:41.716+0000] {subprocess.py:93} INFO - 
[2024-10-10T14:15:41.918+0000] {subprocess.py:93} INFO - WARNING:root:Metascore not found: Message: no such element: Unable to locate element: {"method":"css selector","selector":"span.sc-b0901df4-0.bXIOoL.metacritic-score-box"}
[2024-10-10T14:15:41.920+0000] {subprocess.py:93} INFO -   (Session info: chrome=129.0.6668.89); For documentation on this error, please visit: https://www.selenium.dev/documentation/webdriver/troubleshooting/errors#no-such-element-exception
[2024-10-10T14:15:41.922+0000] {subprocess.py:93} INFO - Stacktrace:
[2024-10-10T14:15:41.923+0000] {subprocess.py:93} INFO - #0 0x558885e2702a <unknown>
[2024-10-10T14:15:41.925+0000] {subprocess.py:93} INFO - #1 0x558885b0d5e0 <unknown>
[2024-10-10T14:15:41.927+0000] {subprocess.py:93} INFO - #2 0x558885b5cbe8 <unknown>
[2024-10-10T14:15:41.929+0000] {subprocess.py:93} INFO - #3 0x558885b5ce81 <unknown>
[2024-10-10T14:15:41.931+0000] {subprocess.py:93} INFO - #4 0x558885b51586 <unknown>
[2024-10-10T14:15:41.934+0000] {subprocess.py:93} INFO - #5 0x558885b81b4d <unknown>
[2024-10-10T14:15:41.935+0000] {subprocess.py:93} INFO - #6 0x558885b51478 <unknown>
[2024-10-10T14:15:41.937+0000] {subprocess.py:93} INFO - #7 0x558885b81cee <unknown>
[2024-10-10T14:15:41.939+0000] {subprocess.py:93} INFO - #8 0x558885ba0d7d <unknown>
[2024-10-10T14:15:41.941+0000] {subprocess.py:93} INFO - #9 0x558885b818c3 <unknown>
[2024-10-10T14:15:41.943+0000] {subprocess.py:93} INFO - #10 0x558885b4f6b3 <unknown>
[2024-10-10T14:15:41.946+0000] {subprocess.py:93} INFO - #11 0x558885b5068e <unknown>
[2024-10-10T14:15:41.948+0000] {subprocess.py:93} INFO - #12 0x558885df1a2b <unknown>
[2024-10-10T14:15:41.951+0000] {subprocess.py:93} INFO - #13 0x558885df59b1 <unknown>
[2024-10-10T14:15:41.952+0000] {subprocess.py:93} INFO - #14 0x558885dde225 <unknown>
[2024-10-10T14:15:41.954+0000] {subprocess.py:93} INFO - #15 0x558885df6532 <unknown>
[2024-10-10T14:15:41.956+0000] {subprocess.py:93} INFO - #16 0x558885dc338f <unknown>
[2024-10-10T14:15:41.958+0000] {subprocess.py:93} INFO - #17 0x558885e15f28 <unknown>
[2024-10-10T14:15:41.960+0000] {subprocess.py:93} INFO - #18 0x558885e160f3 <unknown>
[2024-10-10T14:15:41.963+0000] {subprocess.py:93} INFO - #19 0x558885e25e7c <unknown>
[2024-10-10T14:15:41.965+0000] {subprocess.py:93} INFO - #20 0x7f55cd01c144 <unknown>
[2024-10-10T14:15:41.967+0000] {subprocess.py:93} INFO - 
[2024-10-10T14:15:42.215+0000] {subprocess.py:93} INFO - WARNING:root:Metascore not found: Message: no such element: Unable to locate element: {"method":"css selector","selector":"span.sc-b0901df4-0.bXIOoL.metacritic-score-box"}
[2024-10-10T14:15:42.218+0000] {subprocess.py:93} INFO -   (Session info: chrome=129.0.6668.89); For documentation on this error, please visit: https://www.selenium.dev/documentation/webdriver/troubleshooting/errors#no-such-element-exception
[2024-10-10T14:15:42.219+0000] {subprocess.py:93} INFO - Stacktrace:
[2024-10-10T14:15:42.221+0000] {subprocess.py:93} INFO - #0 0x558885e2702a <unknown>
[2024-10-10T14:15:42.223+0000] {subprocess.py:93} INFO - #1 0x558885b0d5e0 <unknown>
[2024-10-10T14:15:42.225+0000] {subprocess.py:93} INFO - #2 0x558885b5cbe8 <unknown>
[2024-10-10T14:15:42.228+0000] {subprocess.py:93} INFO - #3 0x558885b5ce81 <unknown>
[2024-10-10T14:15:42.231+0000] {subprocess.py:93} INFO - #4 0x558885b51586 <unknown>
[2024-10-10T14:15:42.234+0000] {subprocess.py:93} INFO - #5 0x558885b81b4d <unknown>
[2024-10-10T14:15:42.235+0000] {subprocess.py:93} INFO - #6 0x558885b51478 <unknown>
[2024-10-10T14:15:42.239+0000] {subprocess.py:93} INFO - #7 0x558885b81cee <unknown>
[2024-10-10T14:15:42.240+0000] {subprocess.py:93} INFO - #8 0x558885ba0d7d <unknown>
[2024-10-10T14:15:42.242+0000] {subprocess.py:93} INFO - #9 0x558885b818c3 <unknown>
[2024-10-10T14:15:42.247+0000] {subprocess.py:93} INFO - #10 0x558885b4f6b3 <unknown>
[2024-10-10T14:15:42.249+0000] {subprocess.py:93} INFO - #11 0x558885b5068e <unknown>
[2024-10-10T14:15:42.251+0000] {subprocess.py:93} INFO - #12 0x558885df1a2b <unknown>
[2024-10-10T14:15:42.253+0000] {subprocess.py:93} INFO - #13 0x558885df59b1 <unknown>
[2024-10-10T14:15:42.255+0000] {subprocess.py:93} INFO - #14 0x558885dde225 <unknown>
[2024-10-10T14:15:42.257+0000] {subprocess.py:93} INFO - #15 0x558885df6532 <unknown>
[2024-10-10T14:15:42.259+0000] {subprocess.py:93} INFO - #16 0x558885dc338f <unknown>
[2024-10-10T14:15:42.266+0000] {subprocess.py:93} INFO - #17 0x558885e15f28 <unknown>
[2024-10-10T14:15:42.268+0000] {subprocess.py:93} INFO - #18 0x558885e160f3 <unknown>
[2024-10-10T14:15:42.271+0000] {subprocess.py:93} INFO - #19 0x558885e25e7c <unknown>
[2024-10-10T14:15:42.273+0000] {subprocess.py:93} INFO - #20 0x7f55cd01c144 <unknown>
[2024-10-10T14:15:42.275+0000] {subprocess.py:93} INFO - 
[2024-10-10T14:15:42.487+0000] {subprocess.py:93} INFO - WARNING:root:Metascore not found: Message: no such element: Unable to locate element: {"method":"css selector","selector":"span.sc-b0901df4-0.bXIOoL.metacritic-score-box"}
[2024-10-10T14:15:42.489+0000] {subprocess.py:93} INFO -   (Session info: chrome=129.0.6668.89); For documentation on this error, please visit: https://www.selenium.dev/documentation/webdriver/troubleshooting/errors#no-such-element-exception
[2024-10-10T14:15:42.490+0000] {subprocess.py:93} INFO - Stacktrace:
[2024-10-10T14:15:42.494+0000] {subprocess.py:93} INFO - #0 0x558885e2702a <unknown>
[2024-10-10T14:15:42.498+0000] {subprocess.py:93} INFO - #1 0x558885b0d5e0 <unknown>
[2024-10-10T14:15:42.500+0000] {subprocess.py:93} INFO - #2 0x558885b5cbe8 <unknown>
[2024-10-10T14:15:42.502+0000] {subprocess.py:93} INFO - #3 0x558885b5ce81 <unknown>
[2024-10-10T14:15:42.506+0000] {subprocess.py:93} INFO - #4 0x558885b51586 <unknown>
[2024-10-10T14:15:42.509+0000] {subprocess.py:93} INFO - #5 0x558885b81b4d <unknown>
[2024-10-10T14:15:42.511+0000] {subprocess.py:93} INFO - #6 0x558885b51478 <unknown>
[2024-10-10T14:15:42.514+0000] {subprocess.py:93} INFO - #7 0x558885b81cee <unknown>
[2024-10-10T14:15:42.517+0000] {subprocess.py:93} INFO - #8 0x558885ba0d7d <unknown>
[2024-10-10T14:15:42.521+0000] {subprocess.py:93} INFO - #9 0x558885b818c3 <unknown>
[2024-10-10T14:15:42.525+0000] {subprocess.py:93} INFO - #10 0x558885b4f6b3 <unknown>
[2024-10-10T14:15:42.528+0000] {subprocess.py:93} INFO - #11 0x558885b5068e <unknown>
[2024-10-10T14:15:42.531+0000] {subprocess.py:93} INFO - #12 0x558885df1a2b <unknown>
[2024-10-10T14:15:42.534+0000] {subprocess.py:93} INFO - #13 0x558885df59b1 <unknown>
[2024-10-10T14:15:42.538+0000] {subprocess.py:93} INFO - #14 0x558885dde225 <unknown>
[2024-10-10T14:15:42.540+0000] {subprocess.py:93} INFO - #15 0x558885df6532 <unknown>
[2024-10-10T14:15:42.542+0000] {subprocess.py:93} INFO - #16 0x558885dc338f <unknown>
[2024-10-10T14:15:42.544+0000] {subprocess.py:93} INFO - #17 0x558885e15f28 <unknown>
[2024-10-10T14:15:42.550+0000] {subprocess.py:93} INFO - #18 0x558885e160f3 <unknown>
[2024-10-10T14:15:42.553+0000] {subprocess.py:93} INFO - #19 0x558885e25e7c <unknown>
[2024-10-10T14:15:42.555+0000] {subprocess.py:93} INFO - #20 0x7f55cd01c144 <unknown>
[2024-10-10T14:15:42.557+0000] {subprocess.py:93} INFO - 
[2024-10-10T14:15:42.813+0000] {subprocess.py:93} INFO - WARNING:root:Metascore not found: Message: no such element: Unable to locate element: {"method":"css selector","selector":"span.sc-b0901df4-0.bXIOoL.metacritic-score-box"}
[2024-10-10T14:15:42.817+0000] {subprocess.py:93} INFO -   (Session info: chrome=129.0.6668.89); For documentation on this error, please visit: https://www.selenium.dev/documentation/webdriver/troubleshooting/errors#no-such-element-exception
[2024-10-10T14:15:42.820+0000] {subprocess.py:93} INFO - Stacktrace:
[2024-10-10T14:15:42.823+0000] {subprocess.py:93} INFO - #0 0x558885e2702a <unknown>
[2024-10-10T14:15:42.825+0000] {subprocess.py:93} INFO - #1 0x558885b0d5e0 <unknown>
[2024-10-10T14:15:42.828+0000] {subprocess.py:93} INFO - #2 0x558885b5cbe8 <unknown>
[2024-10-10T14:15:42.832+0000] {subprocess.py:93} INFO - #3 0x558885b5ce81 <unknown>
[2024-10-10T14:15:42.835+0000] {subprocess.py:93} INFO - #4 0x558885b51586 <unknown>
[2024-10-10T14:15:42.837+0000] {subprocess.py:93} INFO - #5 0x558885b81b4d <unknown>
[2024-10-10T14:15:42.839+0000] {subprocess.py:93} INFO - #6 0x558885b51478 <unknown>
[2024-10-10T14:15:42.841+0000] {subprocess.py:93} INFO - #7 0x558885b81cee <unknown>
[2024-10-10T14:15:42.843+0000] {subprocess.py:93} INFO - #8 0x558885ba0d7d <unknown>
[2024-10-10T14:15:42.848+0000] {subprocess.py:93} INFO - #9 0x558885b818c3 <unknown>
[2024-10-10T14:15:42.850+0000] {subprocess.py:93} INFO - #10 0x558885b4f6b3 <unknown>
[2024-10-10T14:15:42.852+0000] {subprocess.py:93} INFO - #11 0x558885b5068e <unknown>
[2024-10-10T14:15:42.854+0000] {subprocess.py:93} INFO - #12 0x558885df1a2b <unknown>
[2024-10-10T14:15:42.858+0000] {subprocess.py:93} INFO - #13 0x558885df59b1 <unknown>
[2024-10-10T14:15:42.864+0000] {subprocess.py:93} INFO - #14 0x558885dde225 <unknown>
[2024-10-10T14:15:42.869+0000] {subprocess.py:93} INFO - #15 0x558885df6532 <unknown>
[2024-10-10T14:15:42.871+0000] {subprocess.py:93} INFO - #16 0x558885dc338f <unknown>
[2024-10-10T14:15:42.874+0000] {subprocess.py:93} INFO - #17 0x558885e15f28 <unknown>
[2024-10-10T14:15:42.875+0000] {subprocess.py:93} INFO - #18 0x558885e160f3 <unknown>
[2024-10-10T14:15:42.878+0000] {subprocess.py:93} INFO - #19 0x558885e25e7c <unknown>
[2024-10-10T14:15:42.881+0000] {subprocess.py:93} INFO - #20 0x7f55cd01c144 <unknown>
[2024-10-10T14:15:42.883+0000] {subprocess.py:93} INFO - 
[2024-10-10T14:15:43.081+0000] {subprocess.py:93} INFO - WARNING:root:Metascore not found: Message: no such element: Unable to locate element: {"method":"css selector","selector":"span.sc-b0901df4-0.bXIOoL.metacritic-score-box"}
[2024-10-10T14:15:43.083+0000] {subprocess.py:93} INFO -   (Session info: chrome=129.0.6668.89); For documentation on this error, please visit: https://www.selenium.dev/documentation/webdriver/troubleshooting/errors#no-such-element-exception
[2024-10-10T14:15:43.085+0000] {subprocess.py:93} INFO - Stacktrace:
[2024-10-10T14:15:43.087+0000] {subprocess.py:93} INFO - #0 0x558885e2702a <unknown>
[2024-10-10T14:15:43.088+0000] {subprocess.py:93} INFO - #1 0x558885b0d5e0 <unknown>
[2024-10-10T14:15:43.090+0000] {subprocess.py:93} INFO - #2 0x558885b5cbe8 <unknown>
[2024-10-10T14:15:43.092+0000] {subprocess.py:93} INFO - #3 0x558885b5ce81 <unknown>
[2024-10-10T14:15:43.095+0000] {subprocess.py:93} INFO - #4 0x558885b51586 <unknown>
[2024-10-10T14:15:43.099+0000] {subprocess.py:93} INFO - #5 0x558885b81b4d <unknown>
[2024-10-10T14:15:43.101+0000] {subprocess.py:93} INFO - #6 0x558885b51478 <unknown>
[2024-10-10T14:15:43.103+0000] {subprocess.py:93} INFO - #7 0x558885b81cee <unknown>
[2024-10-10T14:15:43.105+0000] {subprocess.py:93} INFO - #8 0x558885ba0d7d <unknown>
[2024-10-10T14:15:43.107+0000] {subprocess.py:93} INFO - #9 0x558885b818c3 <unknown>
[2024-10-10T14:15:43.108+0000] {subprocess.py:93} INFO - #10 0x558885b4f6b3 <unknown>
[2024-10-10T14:15:43.110+0000] {subprocess.py:93} INFO - #11 0x558885b5068e <unknown>
[2024-10-10T14:15:43.113+0000] {subprocess.py:93} INFO - #12 0x558885df1a2b <unknown>
[2024-10-10T14:15:43.115+0000] {subprocess.py:93} INFO - #13 0x558885df59b1 <unknown>
[2024-10-10T14:15:43.117+0000] {subprocess.py:93} INFO - #14 0x558885dde225 <unknown>
[2024-10-10T14:15:43.119+0000] {subprocess.py:93} INFO - #15 0x558885df6532 <unknown>
[2024-10-10T14:15:43.121+0000] {subprocess.py:93} INFO - #16 0x558885dc338f <unknown>
[2024-10-10T14:15:43.123+0000] {subprocess.py:93} INFO - #17 0x558885e15f28 <unknown>
[2024-10-10T14:15:43.125+0000] {subprocess.py:93} INFO - #18 0x558885e160f3 <unknown>
[2024-10-10T14:15:43.126+0000] {subprocess.py:93} INFO - #19 0x558885e25e7c <unknown>
[2024-10-10T14:15:43.130+0000] {subprocess.py:93} INFO - #20 0x7f55cd01c144 <unknown>
[2024-10-10T14:15:43.132+0000] {subprocess.py:93} INFO - 
[2024-10-10T14:15:43.444+0000] {subprocess.py:97} INFO - Command exited with return code 0
[2024-10-10T14:15:43.480+0000] {taskinstance.py:340} INFO - ::group::Post task execution logs
[2024-10-10T14:15:43.482+0000] {taskinstance.py:352} INFO - Marking task as SUCCESS. dag_id=EL, task_id=extract, run_id=scheduled__2024-10-09T00:00:00+00:00, execution_date=20241009T000000, start_date=20241010T141521, end_date=20241010T141543
[2024-10-10T14:15:43.528+0000] {local_task_job_runner.py:266} INFO - Task exited with return code 0
[2024-10-10T14:15:43.586+0000] {taskinstance.py:3900} INFO - 1 downstream tasks scheduled from follow-on schedule check
[2024-10-10T14:15:43.592+0000] {local_task_job_runner.py:245} INFO - ::endgroup::
