[2024-10-09T09:40:20.697+0000] {local_task_job_runner.py:123} INFO - ::group::Pre task execution logs
[2024-10-09T09:40:20.716+0000] {taskinstance.py:2612} INFO - Dependencies all met for dep_context=non-requeueable deps ti=<TaskInstance: EL.extract manual__2024-10-09T09:40:18.654481+00:00 [queued]>
[2024-10-09T09:40:20.727+0000] {taskinstance.py:2612} INFO - Dependencies all met for dep_context=requeueable deps ti=<TaskInstance: EL.extract manual__2024-10-09T09:40:18.654481+00:00 [queued]>
[2024-10-09T09:40:20.729+0000] {taskinstance.py:2865} INFO - Starting attempt 1 of 1
[2024-10-09T09:40:20.755+0000] {taskinstance.py:2888} INFO - Executing <Task(BashOperator): extract> on 2024-10-09 09:40:18.654481+00:00
[2024-10-09T09:40:20.767+0000] {standard_task_runner.py:72} INFO - Started process 650 to run task
[2024-10-09T09:40:20.776+0000] {standard_task_runner.py:104} INFO - Running: ['airflow', 'tasks', 'run', 'EL', 'extract', 'manual__2024-10-09T09:40:18.654481+00:00', '--job-id', '17', '--raw', '--subdir', 'DAGS_FOLDER/scrape_dag.py', '--cfg-path', '/tmp/tmp1jr4pzb1']
[2024-10-09T09:40:20.781+0000] {standard_task_runner.py:105} INFO - Job 17: Subtask extract
[2024-10-09T09:40:20.799+0000] {warnings.py:109} WARNING - /home/airflow/.local/lib/python3.10/site-packages/airflow/settings.py:209: DeprecationWarning: The sql_alchemy_conn option in [core] has been moved to the sql_alchemy_conn option in [database] - the old setting has been used, but please update your config.
  SQL_ALCHEMY_CONN = conf.get("database", "SQL_ALCHEMY_CONN")

[2024-10-09T09:40:20.849+0000] {task_command.py:467} INFO - Running <TaskInstance: EL.extract manual__2024-10-09T09:40:18.654481+00:00 [running]> on host 6da5f868324e
[2024-10-09T09:40:20.970+0000] {taskinstance.py:3131} INFO - Exporting env vars: AIRFLOW_CTX_DAG_OWNER='bmw' AIRFLOW_CTX_DAG_ID='EL' AIRFLOW_CTX_TASK_ID='extract' AIRFLOW_CTX_EXECUTION_DATE='2024-10-09T09:40:18.654481+00:00' AIRFLOW_CTX_TRY_NUMBER='1' AIRFLOW_CTX_DAG_RUN_ID='manual__2024-10-09T09:40:18.654481+00:00'
[2024-10-09T09:40:20.972+0000] {taskinstance.py:731} INFO - ::endgroup::
[2024-10-09T09:40:20.991+0000] {subprocess.py:63} INFO - Tmp dir root location: /tmp
[2024-10-09T09:40:20.993+0000] {subprocess.py:75} INFO - Running command: ['/usr/bin/bash', '-c', 'xvfb-run --server-args="-screen 0 1920x1080x24" python3 /opt/airflow/scripts/scrape.py']
[2024-10-09T09:40:21.008+0000] {subprocess.py:86} INFO - Output:
[2024-10-09T09:40:23.201+0000] {subprocess.py:93} INFO - INFO:root:Opening IMDb page...
[2024-10-09T09:40:32.619+0000] {subprocess.py:93} INFO - INFO:root:Page loaded, waiting for elements...
[2024-10-09T09:40:37.682+0000] {subprocess.py:93} INFO - INFO:root:Elements found, starting to scrape...
[2024-10-09T09:40:39.720+0000] {subprocess.py:93} INFO - WARNING:root:Metascore not found: Message: no such element: Unable to locate element: {"method":"css selector","selector":"span.sc-b0901df4-0.bXIOoL.metacritic-score-box"}
[2024-10-09T09:40:39.722+0000] {subprocess.py:93} INFO -   (Session info: chrome=129.0.6668.89); For documentation on this error, please visit: https://www.selenium.dev/documentation/webdriver/troubleshooting/errors#no-such-element-exception
[2024-10-09T09:40:39.725+0000] {subprocess.py:93} INFO - Stacktrace:
[2024-10-09T09:40:39.727+0000] {subprocess.py:93} INFO - #0 0x5587e27c002a <unknown>
[2024-10-09T09:40:39.729+0000] {subprocess.py:93} INFO - #1 0x5587e24a65e0 <unknown>
[2024-10-09T09:40:39.734+0000] {subprocess.py:93} INFO - #2 0x5587e24f5be8 <unknown>
[2024-10-09T09:40:39.737+0000] {subprocess.py:93} INFO - #3 0x5587e24f5e81 <unknown>
[2024-10-09T09:40:39.740+0000] {subprocess.py:93} INFO - #4 0x5587e24ea586 <unknown>
[2024-10-09T09:40:39.742+0000] {subprocess.py:93} INFO - #5 0x5587e251ab4d <unknown>
[2024-10-09T09:40:39.744+0000] {subprocess.py:93} INFO - #6 0x5587e24ea478 <unknown>
[2024-10-09T09:40:39.745+0000] {subprocess.py:93} INFO - #7 0x5587e251acee <unknown>
[2024-10-09T09:40:39.747+0000] {subprocess.py:93} INFO - #8 0x5587e2539d7d <unknown>
[2024-10-09T09:40:39.750+0000] {subprocess.py:93} INFO - #9 0x5587e251a8c3 <unknown>
[2024-10-09T09:40:39.753+0000] {subprocess.py:93} INFO - #10 0x5587e24e86b3 <unknown>
[2024-10-09T09:40:39.755+0000] {subprocess.py:93} INFO - #11 0x5587e24e968e <unknown>
[2024-10-09T09:40:39.757+0000] {subprocess.py:93} INFO - #12 0x5587e278aa2b <unknown>
[2024-10-09T09:40:39.759+0000] {subprocess.py:93} INFO - #13 0x5587e278e9b1 <unknown>
[2024-10-09T09:40:39.761+0000] {subprocess.py:93} INFO - #14 0x5587e2777225 <unknown>
[2024-10-09T09:40:39.762+0000] {subprocess.py:93} INFO - #15 0x5587e278f532 <unknown>
[2024-10-09T09:40:39.766+0000] {subprocess.py:93} INFO - #16 0x5587e275c38f <unknown>
[2024-10-09T09:40:39.770+0000] {subprocess.py:93} INFO - #17 0x5587e27aef28 <unknown>
[2024-10-09T09:40:39.772+0000] {subprocess.py:93} INFO - #18 0x5587e27af0f3 <unknown>
[2024-10-09T09:40:39.775+0000] {subprocess.py:93} INFO - #19 0x5587e27bee7c <unknown>
[2024-10-09T09:40:39.779+0000] {subprocess.py:93} INFO - #20 0x7fd9c2313144 <unknown>
[2024-10-09T09:40:39.781+0000] {subprocess.py:93} INFO - 
[2024-10-09T09:40:40.254+0000] {subprocess.py:93} INFO - WARNING:root:Metascore not found: Message: no such element: Unable to locate element: {"method":"css selector","selector":"span.sc-b0901df4-0.bXIOoL.metacritic-score-box"}
[2024-10-09T09:40:40.257+0000] {subprocess.py:93} INFO -   (Session info: chrome=129.0.6668.89); For documentation on this error, please visit: https://www.selenium.dev/documentation/webdriver/troubleshooting/errors#no-such-element-exception
[2024-10-09T09:40:40.260+0000] {subprocess.py:93} INFO - Stacktrace:
[2024-10-09T09:40:40.262+0000] {subprocess.py:93} INFO - #0 0x5587e27c002a <unknown>
[2024-10-09T09:40:40.264+0000] {subprocess.py:93} INFO - #1 0x5587e24a65e0 <unknown>
[2024-10-09T09:40:40.266+0000] {subprocess.py:93} INFO - #2 0x5587e24f5be8 <unknown>
[2024-10-09T09:40:40.269+0000] {subprocess.py:93} INFO - #3 0x5587e24f5e81 <unknown>
[2024-10-09T09:40:40.272+0000] {subprocess.py:93} INFO - #4 0x5587e24ea586 <unknown>
[2024-10-09T09:40:40.276+0000] {subprocess.py:93} INFO - #5 0x5587e251ab4d <unknown>
[2024-10-09T09:40:40.282+0000] {subprocess.py:93} INFO - #6 0x5587e24ea478 <unknown>
[2024-10-09T09:40:40.285+0000] {subprocess.py:93} INFO - #7 0x5587e251acee <unknown>
[2024-10-09T09:40:40.287+0000] {subprocess.py:93} INFO - #8 0x5587e2539d7d <unknown>
[2024-10-09T09:40:40.290+0000] {subprocess.py:93} INFO - #9 0x5587e251a8c3 <unknown>
[2024-10-09T09:40:40.293+0000] {subprocess.py:93} INFO - #10 0x5587e24e86b3 <unknown>
[2024-10-09T09:40:40.295+0000] {subprocess.py:93} INFO - #11 0x5587e24e968e <unknown>
[2024-10-09T09:40:40.298+0000] {subprocess.py:93} INFO - #12 0x5587e278aa2b <unknown>
[2024-10-09T09:40:40.301+0000] {subprocess.py:93} INFO - #13 0x5587e278e9b1 <unknown>
[2024-10-09T09:40:40.303+0000] {subprocess.py:93} INFO - #14 0x5587e2777225 <unknown>
[2024-10-09T09:40:40.305+0000] {subprocess.py:93} INFO - #15 0x5587e278f532 <unknown>
[2024-10-09T09:40:40.308+0000] {subprocess.py:93} INFO - #16 0x5587e275c38f <unknown>
[2024-10-09T09:40:40.310+0000] {subprocess.py:93} INFO - #17 0x5587e27aef28 <unknown>
[2024-10-09T09:40:40.312+0000] {subprocess.py:93} INFO - #18 0x5587e27af0f3 <unknown>
[2024-10-09T09:40:40.315+0000] {subprocess.py:93} INFO - #19 0x5587e27bee7c <unknown>
[2024-10-09T09:40:40.317+0000] {subprocess.py:93} INFO - #20 0x7fd9c2313144 <unknown>
[2024-10-09T09:40:40.320+0000] {subprocess.py:93} INFO - 
[2024-10-09T09:40:42.369+0000] {subprocess.py:93} INFO - WARNING:root:Metascore not found: Message: no such element: Unable to locate element: {"method":"css selector","selector":"span.sc-b0901df4-0.bXIOoL.metacritic-score-box"}
[2024-10-09T09:40:42.376+0000] {subprocess.py:93} INFO -   (Session info: chrome=129.0.6668.89); For documentation on this error, please visit: https://www.selenium.dev/documentation/webdriver/troubleshooting/errors#no-such-element-exception
[2024-10-09T09:40:42.379+0000] {subprocess.py:93} INFO - Stacktrace:
[2024-10-09T09:40:42.382+0000] {subprocess.py:93} INFO - #0 0x5587e27c002a <unknown>
[2024-10-09T09:40:42.386+0000] {subprocess.py:93} INFO - #1 0x5587e24a65e0 <unknown>
[2024-10-09T09:40:42.394+0000] {subprocess.py:93} INFO - #2 0x5587e24f5be8 <unknown>
[2024-10-09T09:40:42.397+0000] {subprocess.py:93} INFO - #3 0x5587e24f5e81 <unknown>
[2024-10-09T09:40:42.402+0000] {subprocess.py:93} INFO - #4 0x5587e24ea586 <unknown>
[2024-10-09T09:40:42.405+0000] {subprocess.py:93} INFO - #5 0x5587e251ab4d <unknown>
[2024-10-09T09:40:42.409+0000] {subprocess.py:93} INFO - #6 0x5587e24ea478 <unknown>
[2024-10-09T09:40:42.411+0000] {subprocess.py:93} INFO - #7 0x5587e251acee <unknown>
[2024-10-09T09:40:42.420+0000] {subprocess.py:93} INFO - #8 0x5587e2539d7d <unknown>
[2024-10-09T09:40:42.425+0000] {subprocess.py:93} INFO - #9 0x5587e251a8c3 <unknown>
[2024-10-09T09:40:42.434+0000] {subprocess.py:93} INFO - #10 0x5587e24e86b3 <unknown>
[2024-10-09T09:40:42.438+0000] {subprocess.py:93} INFO - #11 0x5587e24e968e <unknown>
[2024-10-09T09:40:42.442+0000] {subprocess.py:93} INFO - #12 0x5587e278aa2b <unknown>
[2024-10-09T09:40:42.446+0000] {subprocess.py:93} INFO - #13 0x5587e278e9b1 <unknown>
[2024-10-09T09:40:42.455+0000] {subprocess.py:93} INFO - #14 0x5587e2777225 <unknown>
[2024-10-09T09:40:42.459+0000] {subprocess.py:93} INFO - #15 0x5587e278f532 <unknown>
[2024-10-09T09:40:42.464+0000] {subprocess.py:93} INFO - #16 0x5587e275c38f <unknown>
[2024-10-09T09:40:42.472+0000] {subprocess.py:93} INFO - #17 0x5587e27aef28 <unknown>
[2024-10-09T09:40:42.477+0000] {subprocess.py:93} INFO - #18 0x5587e27af0f3 <unknown>
[2024-10-09T09:40:42.482+0000] {subprocess.py:93} INFO - #19 0x5587e27bee7c <unknown>
[2024-10-09T09:40:42.486+0000] {subprocess.py:93} INFO - #20 0x7fd9c2313144 <unknown>
[2024-10-09T09:40:42.488+0000] {subprocess.py:93} INFO - 
[2024-10-09T09:40:43.032+0000] {subprocess.py:93} INFO - WARNING:root:Metascore not found: Message: no such element: Unable to locate element: {"method":"css selector","selector":"span.sc-b0901df4-0.bXIOoL.metacritic-score-box"}
[2024-10-09T09:40:43.035+0000] {subprocess.py:93} INFO -   (Session info: chrome=129.0.6668.89); For documentation on this error, please visit: https://www.selenium.dev/documentation/webdriver/troubleshooting/errors#no-such-element-exception
[2024-10-09T09:40:43.037+0000] {subprocess.py:93} INFO - Stacktrace:
[2024-10-09T09:40:43.040+0000] {subprocess.py:93} INFO - #0 0x5587e27c002a <unknown>
[2024-10-09T09:40:43.042+0000] {subprocess.py:93} INFO - #1 0x5587e24a65e0 <unknown>
[2024-10-09T09:40:43.045+0000] {subprocess.py:93} INFO - #2 0x5587e24f5be8 <unknown>
[2024-10-09T09:40:43.047+0000] {subprocess.py:93} INFO - #3 0x5587e24f5e81 <unknown>
[2024-10-09T09:40:43.050+0000] {subprocess.py:93} INFO - #4 0x5587e24ea586 <unknown>
[2024-10-09T09:40:43.054+0000] {subprocess.py:93} INFO - #5 0x5587e251ab4d <unknown>
[2024-10-09T09:40:43.056+0000] {subprocess.py:93} INFO - #6 0x5587e24ea478 <unknown>
[2024-10-09T09:40:43.059+0000] {subprocess.py:93} INFO - #7 0x5587e251acee <unknown>
[2024-10-09T09:40:43.062+0000] {subprocess.py:93} INFO - #8 0x5587e2539d7d <unknown>
[2024-10-09T09:40:43.068+0000] {subprocess.py:93} INFO - #9 0x5587e251a8c3 <unknown>
[2024-10-09T09:40:43.071+0000] {subprocess.py:93} INFO - #10 0x5587e24e86b3 <unknown>
[2024-10-09T09:40:43.073+0000] {subprocess.py:93} INFO - #11 0x5587e24e968e <unknown>
[2024-10-09T09:40:43.076+0000] {subprocess.py:93} INFO - #12 0x5587e278aa2b <unknown>
[2024-10-09T09:40:43.079+0000] {subprocess.py:93} INFO - #13 0x5587e278e9b1 <unknown>
[2024-10-09T09:40:43.082+0000] {subprocess.py:93} INFO - #14 0x5587e2777225 <unknown>
[2024-10-09T09:40:43.084+0000] {subprocess.py:93} INFO - #15 0x5587e278f532 <unknown>
[2024-10-09T09:40:43.087+0000] {subprocess.py:93} INFO - #16 0x5587e275c38f <unknown>
[2024-10-09T09:40:43.089+0000] {subprocess.py:93} INFO - #17 0x5587e27aef28 <unknown>
[2024-10-09T09:40:43.101+0000] {subprocess.py:93} INFO - #18 0x5587e27af0f3 <unknown>
[2024-10-09T09:40:43.103+0000] {subprocess.py:93} INFO - #19 0x5587e27bee7c <unknown>
[2024-10-09T09:40:43.105+0000] {subprocess.py:93} INFO - #20 0x7fd9c2313144 <unknown>
[2024-10-09T09:40:43.107+0000] {subprocess.py:93} INFO - 
[2024-10-09T09:40:43.591+0000] {subprocess.py:93} INFO - WARNING:root:Metascore not found: Message: no such element: Unable to locate element: {"method":"css selector","selector":"span.sc-b0901df4-0.bXIOoL.metacritic-score-box"}
[2024-10-09T09:40:43.594+0000] {subprocess.py:93} INFO -   (Session info: chrome=129.0.6668.89); For documentation on this error, please visit: https://www.selenium.dev/documentation/webdriver/troubleshooting/errors#no-such-element-exception
[2024-10-09T09:40:43.599+0000] {subprocess.py:93} INFO - Stacktrace:
[2024-10-09T09:40:43.607+0000] {subprocess.py:93} INFO - #0 0x5587e27c002a <unknown>
[2024-10-09T09:40:43.621+0000] {subprocess.py:93} INFO - #1 0x5587e24a65e0 <unknown>
[2024-10-09T09:40:43.638+0000] {subprocess.py:93} INFO - #2 0x5587e24f5be8 <unknown>
[2024-10-09T09:40:43.641+0000] {subprocess.py:93} INFO - #3 0x5587e24f5e81 <unknown>
[2024-10-09T09:40:43.645+0000] {subprocess.py:93} INFO - #4 0x5587e24ea586 <unknown>
[2024-10-09T09:40:43.648+0000] {subprocess.py:93} INFO - #5 0x5587e251ab4d <unknown>
[2024-10-09T09:40:43.650+0000] {subprocess.py:93} INFO - #6 0x5587e24ea478 <unknown>
[2024-10-09T09:40:43.652+0000] {subprocess.py:93} INFO - #7 0x5587e251acee <unknown>
[2024-10-09T09:40:43.654+0000] {subprocess.py:93} INFO - #8 0x5587e2539d7d <unknown>
[2024-10-09T09:40:43.657+0000] {subprocess.py:93} INFO - #9 0x5587e251a8c3 <unknown>
[2024-10-09T09:40:43.660+0000] {subprocess.py:93} INFO - #10 0x5587e24e86b3 <unknown>
[2024-10-09T09:40:43.663+0000] {subprocess.py:93} INFO - #11 0x5587e24e968e <unknown>
[2024-10-09T09:40:43.666+0000] {subprocess.py:93} INFO - #12 0x5587e278aa2b <unknown>
[2024-10-09T09:40:43.669+0000] {subprocess.py:93} INFO - #13 0x5587e278e9b1 <unknown>
[2024-10-09T09:40:43.672+0000] {subprocess.py:93} INFO - #14 0x5587e2777225 <unknown>
[2024-10-09T09:40:43.675+0000] {subprocess.py:93} INFO - #15 0x5587e278f532 <unknown>
[2024-10-09T09:40:43.677+0000] {subprocess.py:93} INFO - #16 0x5587e275c38f <unknown>
[2024-10-09T09:40:43.679+0000] {subprocess.py:93} INFO - #17 0x5587e27aef28 <unknown>
[2024-10-09T09:40:43.681+0000] {subprocess.py:93} INFO - #18 0x5587e27af0f3 <unknown>
[2024-10-09T09:40:43.683+0000] {subprocess.py:93} INFO - #19 0x5587e27bee7c <unknown>
[2024-10-09T09:40:43.686+0000] {subprocess.py:93} INFO - #20 0x7fd9c2313144 <unknown>
[2024-10-09T09:40:43.691+0000] {subprocess.py:93} INFO - 
[2024-10-09T09:40:44.209+0000] {subprocess.py:93} INFO - WARNING:root:Metascore not found: Message: no such element: Unable to locate element: {"method":"css selector","selector":"span.sc-b0901df4-0.bXIOoL.metacritic-score-box"}
[2024-10-09T09:40:44.212+0000] {subprocess.py:93} INFO -   (Session info: chrome=129.0.6668.89); For documentation on this error, please visit: https://www.selenium.dev/documentation/webdriver/troubleshooting/errors#no-such-element-exception
[2024-10-09T09:40:44.215+0000] {subprocess.py:93} INFO - Stacktrace:
[2024-10-09T09:40:44.218+0000] {subprocess.py:93} INFO - #0 0x5587e27c002a <unknown>
[2024-10-09T09:40:44.220+0000] {subprocess.py:93} INFO - #1 0x5587e24a65e0 <unknown>
[2024-10-09T09:40:44.223+0000] {subprocess.py:93} INFO - #2 0x5587e24f5be8 <unknown>
[2024-10-09T09:40:44.225+0000] {subprocess.py:93} INFO - #3 0x5587e24f5e81 <unknown>
[2024-10-09T09:40:44.228+0000] {subprocess.py:93} INFO - #4 0x5587e24ea586 <unknown>
[2024-10-09T09:40:44.230+0000] {subprocess.py:93} INFO - #5 0x5587e251ab4d <unknown>
[2024-10-09T09:40:44.235+0000] {subprocess.py:93} INFO - #6 0x5587e24ea478 <unknown>
[2024-10-09T09:40:44.238+0000] {subprocess.py:93} INFO - #7 0x5587e251acee <unknown>
[2024-10-09T09:40:44.241+0000] {subprocess.py:93} INFO - #8 0x5587e2539d7d <unknown>
[2024-10-09T09:40:44.244+0000] {subprocess.py:93} INFO - #9 0x5587e251a8c3 <unknown>
[2024-10-09T09:40:44.249+0000] {subprocess.py:93} INFO - #10 0x5587e24e86b3 <unknown>
[2024-10-09T09:40:44.252+0000] {subprocess.py:93} INFO - #11 0x5587e24e968e <unknown>
[2024-10-09T09:40:44.254+0000] {subprocess.py:93} INFO - #12 0x5587e278aa2b <unknown>
[2024-10-09T09:40:44.257+0000] {subprocess.py:93} INFO - #13 0x5587e278e9b1 <unknown>
[2024-10-09T09:40:44.261+0000] {subprocess.py:93} INFO - #14 0x5587e2777225 <unknown>
[2024-10-09T09:40:44.263+0000] {subprocess.py:93} INFO - #15 0x5587e278f532 <unknown>
[2024-10-09T09:40:44.267+0000] {subprocess.py:93} INFO - #16 0x5587e275c38f <unknown>
[2024-10-09T09:40:44.269+0000] {subprocess.py:93} INFO - #17 0x5587e27aef28 <unknown>
[2024-10-09T09:40:44.271+0000] {subprocess.py:93} INFO - #18 0x5587e27af0f3 <unknown>
[2024-10-09T09:40:44.274+0000] {subprocess.py:93} INFO - #19 0x5587e27bee7c <unknown>
[2024-10-09T09:40:44.277+0000] {subprocess.py:93} INFO - #20 0x7fd9c2313144 <unknown>
[2024-10-09T09:40:44.279+0000] {subprocess.py:93} INFO - 
[2024-10-09T09:40:44.803+0000] {subprocess.py:93} INFO - WARNING:root:Metascore not found: Message: no such element: Unable to locate element: {"method":"css selector","selector":"span.sc-b0901df4-0.bXIOoL.metacritic-score-box"}
[2024-10-09T09:40:44.805+0000] {subprocess.py:93} INFO -   (Session info: chrome=129.0.6668.89); For documentation on this error, please visit: https://www.selenium.dev/documentation/webdriver/troubleshooting/errors#no-such-element-exception
[2024-10-09T09:40:44.809+0000] {subprocess.py:93} INFO - Stacktrace:
[2024-10-09T09:40:44.813+0000] {subprocess.py:93} INFO - #0 0x5587e27c002a <unknown>
[2024-10-09T09:40:44.817+0000] {subprocess.py:93} INFO - #1 0x5587e24a65e0 <unknown>
[2024-10-09T09:40:44.821+0000] {subprocess.py:93} INFO - #2 0x5587e24f5be8 <unknown>
[2024-10-09T09:40:44.825+0000] {subprocess.py:93} INFO - #3 0x5587e24f5e81 <unknown>
[2024-10-09T09:40:44.827+0000] {subprocess.py:93} INFO - #4 0x5587e24ea586 <unknown>
[2024-10-09T09:40:44.829+0000] {subprocess.py:93} INFO - #5 0x5587e251ab4d <unknown>
[2024-10-09T09:40:44.831+0000] {subprocess.py:93} INFO - #6 0x5587e24ea478 <unknown>
[2024-10-09T09:40:44.835+0000] {subprocess.py:93} INFO - #7 0x5587e251acee <unknown>
[2024-10-09T09:40:44.841+0000] {subprocess.py:93} INFO - #8 0x5587e2539d7d <unknown>
[2024-10-09T09:40:44.843+0000] {subprocess.py:93} INFO - #9 0x5587e251a8c3 <unknown>
[2024-10-09T09:40:44.847+0000] {subprocess.py:93} INFO - #10 0x5587e24e86b3 <unknown>
[2024-10-09T09:40:44.854+0000] {subprocess.py:93} INFO - #11 0x5587e24e968e <unknown>
[2024-10-09T09:40:44.858+0000] {subprocess.py:93} INFO - #12 0x5587e278aa2b <unknown>
[2024-10-09T09:40:44.861+0000] {subprocess.py:93} INFO - #13 0x5587e278e9b1 <unknown>
[2024-10-09T09:40:44.863+0000] {subprocess.py:93} INFO - #14 0x5587e2777225 <unknown>
[2024-10-09T09:40:44.865+0000] {subprocess.py:93} INFO - #15 0x5587e278f532 <unknown>
[2024-10-09T09:40:44.867+0000] {subprocess.py:93} INFO - #16 0x5587e275c38f <unknown>
[2024-10-09T09:40:44.870+0000] {subprocess.py:93} INFO - #17 0x5587e27aef28 <unknown>
[2024-10-09T09:40:44.872+0000] {subprocess.py:93} INFO - #18 0x5587e27af0f3 <unknown>
[2024-10-09T09:40:44.875+0000] {subprocess.py:93} INFO - #19 0x5587e27bee7c <unknown>
[2024-10-09T09:40:44.877+0000] {subprocess.py:93} INFO - #20 0x7fd9c2313144 <unknown>
[2024-10-09T09:40:44.880+0000] {subprocess.py:93} INFO - 
[2024-10-09T09:40:45.933+0000] {subprocess.py:93} INFO - WARNING:root:Metascore not found: Message: no such element: Unable to locate element: {"method":"css selector","selector":"span.sc-b0901df4-0.bXIOoL.metacritic-score-box"}
[2024-10-09T09:40:45.956+0000] {subprocess.py:93} INFO -   (Session info: chrome=129.0.6668.89); For documentation on this error, please visit: https://www.selenium.dev/documentation/webdriver/troubleshooting/errors#no-such-element-exception
[2024-10-09T09:40:45.962+0000] {subprocess.py:93} INFO - Stacktrace:
[2024-10-09T09:40:45.969+0000] {subprocess.py:93} INFO - #0 0x5587e27c002a <unknown>
[2024-10-09T09:40:45.976+0000] {subprocess.py:93} INFO - #1 0x5587e24a65e0 <unknown>
[2024-10-09T09:40:45.981+0000] {subprocess.py:93} INFO - #2 0x5587e24f5be8 <unknown>
[2024-10-09T09:40:45.988+0000] {subprocess.py:93} INFO - #3 0x5587e24f5e81 <unknown>
[2024-10-09T09:40:45.991+0000] {subprocess.py:93} INFO - #4 0x5587e24ea586 <unknown>
[2024-10-09T09:40:45.995+0000] {subprocess.py:93} INFO - #5 0x5587e251ab4d <unknown>
[2024-10-09T09:40:46.005+0000] {subprocess.py:93} INFO - #6 0x5587e24ea478 <unknown>
[2024-10-09T09:40:46.011+0000] {subprocess.py:93} INFO - #7 0x5587e251acee <unknown>
[2024-10-09T09:40:46.017+0000] {subprocess.py:93} INFO - #8 0x5587e2539d7d <unknown>
[2024-10-09T09:40:46.020+0000] {subprocess.py:93} INFO - #9 0x5587e251a8c3 <unknown>
[2024-10-09T09:40:46.026+0000] {subprocess.py:93} INFO - #10 0x5587e24e86b3 <unknown>
[2024-10-09T09:40:46.034+0000] {subprocess.py:93} INFO - #11 0x5587e24e968e <unknown>
[2024-10-09T09:40:46.038+0000] {subprocess.py:93} INFO - #12 0x5587e278aa2b <unknown>
[2024-10-09T09:40:46.043+0000] {subprocess.py:93} INFO - #13 0x5587e278e9b1 <unknown>
[2024-10-09T09:40:46.047+0000] {subprocess.py:93} INFO - #14 0x5587e2777225 <unknown>
[2024-10-09T09:40:46.052+0000] {subprocess.py:93} INFO - #15 0x5587e278f532 <unknown>
[2024-10-09T09:40:46.056+0000] {subprocess.py:93} INFO - #16 0x5587e275c38f <unknown>
[2024-10-09T09:40:46.062+0000] {subprocess.py:93} INFO - #17 0x5587e27aef28 <unknown>
[2024-10-09T09:40:46.066+0000] {subprocess.py:93} INFO - #18 0x5587e27af0f3 <unknown>
[2024-10-09T09:40:46.071+0000] {subprocess.py:93} INFO - #19 0x5587e27bee7c <unknown>
[2024-10-09T09:40:46.079+0000] {subprocess.py:93} INFO - #20 0x7fd9c2313144 <unknown>
[2024-10-09T09:40:46.092+0000] {subprocess.py:93} INFO - 
[2024-10-09T09:40:47.272+0000] {subprocess.py:93} INFO - WARNING:root:Metascore not found: Message: no such element: Unable to locate element: {"method":"css selector","selector":"span.sc-b0901df4-0.bXIOoL.metacritic-score-box"}
[2024-10-09T09:40:47.275+0000] {subprocess.py:93} INFO -   (Session info: chrome=129.0.6668.89); For documentation on this error, please visit: https://www.selenium.dev/documentation/webdriver/troubleshooting/errors#no-such-element-exception
[2024-10-09T09:40:47.278+0000] {subprocess.py:93} INFO - Stacktrace:
[2024-10-09T09:40:47.284+0000] {subprocess.py:93} INFO - #0 0x5587e27c002a <unknown>
[2024-10-09T09:40:47.289+0000] {subprocess.py:93} INFO - #1 0x5587e24a65e0 <unknown>
[2024-10-09T09:40:47.295+0000] {subprocess.py:93} INFO - #2 0x5587e24f5be8 <unknown>
[2024-10-09T09:40:47.298+0000] {subprocess.py:93} INFO - #3 0x5587e24f5e81 <unknown>
[2024-10-09T09:40:47.301+0000] {subprocess.py:93} INFO - #4 0x5587e24ea586 <unknown>
[2024-10-09T09:40:47.304+0000] {subprocess.py:93} INFO - #5 0x5587e251ab4d <unknown>
[2024-10-09T09:40:47.310+0000] {subprocess.py:93} INFO - #6 0x5587e24ea478 <unknown>
[2024-10-09T09:40:47.313+0000] {subprocess.py:93} INFO - #7 0x5587e251acee <unknown>
[2024-10-09T09:40:47.317+0000] {subprocess.py:93} INFO - #8 0x5587e2539d7d <unknown>
[2024-10-09T09:40:47.322+0000] {subprocess.py:93} INFO - #9 0x5587e251a8c3 <unknown>
[2024-10-09T09:40:47.325+0000] {subprocess.py:93} INFO - #10 0x5587e24e86b3 <unknown>
[2024-10-09T09:40:47.327+0000] {subprocess.py:93} INFO - #11 0x5587e24e968e <unknown>
[2024-10-09T09:40:47.330+0000] {subprocess.py:93} INFO - #12 0x5587e278aa2b <unknown>
[2024-10-09T09:40:47.333+0000] {subprocess.py:93} INFO - #13 0x5587e278e9b1 <unknown>
[2024-10-09T09:40:47.341+0000] {subprocess.py:93} INFO - #14 0x5587e2777225 <unknown>
[2024-10-09T09:40:47.344+0000] {subprocess.py:93} INFO - #15 0x5587e278f532 <unknown>
[2024-10-09T09:40:47.347+0000] {subprocess.py:93} INFO - #16 0x5587e275c38f <unknown>
[2024-10-09T09:40:47.350+0000] {subprocess.py:93} INFO - #17 0x5587e27aef28 <unknown>
[2024-10-09T09:40:47.352+0000] {subprocess.py:93} INFO - #18 0x5587e27af0f3 <unknown>
[2024-10-09T09:40:47.356+0000] {subprocess.py:93} INFO - #19 0x5587e27bee7c <unknown>
[2024-10-09T09:40:47.359+0000] {subprocess.py:93} INFO - #20 0x7fd9c2313144 <unknown>
[2024-10-09T09:40:47.363+0000] {subprocess.py:93} INFO - 
[2024-10-09T09:40:47.862+0000] {subprocess.py:93} INFO - WARNING:root:Metascore not found: Message: no such element: Unable to locate element: {"method":"css selector","selector":"span.sc-b0901df4-0.bXIOoL.metacritic-score-box"}
[2024-10-09T09:40:47.870+0000] {subprocess.py:93} INFO -   (Session info: chrome=129.0.6668.89); For documentation on this error, please visit: https://www.selenium.dev/documentation/webdriver/troubleshooting/errors#no-such-element-exception
[2024-10-09T09:40:47.873+0000] {subprocess.py:93} INFO - Stacktrace:
[2024-10-09T09:40:47.876+0000] {subprocess.py:93} INFO - #0 0x5587e27c002a <unknown>
[2024-10-09T09:40:47.879+0000] {subprocess.py:93} INFO - #1 0x5587e24a65e0 <unknown>
[2024-10-09T09:40:47.885+0000] {subprocess.py:93} INFO - #2 0x5587e24f5be8 <unknown>
[2024-10-09T09:40:47.889+0000] {subprocess.py:93} INFO - #3 0x5587e24f5e81 <unknown>
[2024-10-09T09:40:47.891+0000] {subprocess.py:93} INFO - #4 0x5587e24ea586 <unknown>
[2024-10-09T09:40:47.895+0000] {subprocess.py:93} INFO - #5 0x5587e251ab4d <unknown>
[2024-10-09T09:40:47.899+0000] {subprocess.py:93} INFO - #6 0x5587e24ea478 <unknown>
[2024-10-09T09:40:47.902+0000] {subprocess.py:93} INFO - #7 0x5587e251acee <unknown>
[2024-10-09T09:40:47.904+0000] {subprocess.py:93} INFO - #8 0x5587e2539d7d <unknown>
[2024-10-09T09:40:47.908+0000] {subprocess.py:93} INFO - #9 0x5587e251a8c3 <unknown>
[2024-10-09T09:40:47.910+0000] {subprocess.py:93} INFO - #10 0x5587e24e86b3 <unknown>
[2024-10-09T09:40:47.914+0000] {subprocess.py:93} INFO - #11 0x5587e24e968e <unknown>
[2024-10-09T09:40:47.917+0000] {subprocess.py:93} INFO - #12 0x5587e278aa2b <unknown>
[2024-10-09T09:40:47.919+0000] {subprocess.py:93} INFO - #13 0x5587e278e9b1 <unknown>
[2024-10-09T09:40:47.921+0000] {subprocess.py:93} INFO - #14 0x5587e2777225 <unknown>
[2024-10-09T09:40:47.922+0000] {subprocess.py:93} INFO - #15 0x5587e278f532 <unknown>
[2024-10-09T09:40:47.924+0000] {subprocess.py:93} INFO - #16 0x5587e275c38f <unknown>
[2024-10-09T09:40:47.927+0000] {subprocess.py:93} INFO - #17 0x5587e27aef28 <unknown>
[2024-10-09T09:40:47.930+0000] {subprocess.py:93} INFO - #18 0x5587e27af0f3 <unknown>
[2024-10-09T09:40:47.936+0000] {subprocess.py:93} INFO - #19 0x5587e27bee7c <unknown>
[2024-10-09T09:40:47.940+0000] {subprocess.py:93} INFO - #20 0x7fd9c2313144 <unknown>
[2024-10-09T09:40:47.943+0000] {subprocess.py:93} INFO - 
[2024-10-09T09:40:48.400+0000] {subprocess.py:93} INFO - WARNING:root:Metascore not found: Message: no such element: Unable to locate element: {"method":"css selector","selector":"span.sc-b0901df4-0.bXIOoL.metacritic-score-box"}
[2024-10-09T09:40:48.402+0000] {subprocess.py:93} INFO -   (Session info: chrome=129.0.6668.89); For documentation on this error, please visit: https://www.selenium.dev/documentation/webdriver/troubleshooting/errors#no-such-element-exception
[2024-10-09T09:40:48.404+0000] {subprocess.py:93} INFO - Stacktrace:
[2024-10-09T09:40:48.407+0000] {subprocess.py:93} INFO - #0 0x5587e27c002a <unknown>
[2024-10-09T09:40:48.410+0000] {subprocess.py:93} INFO - #1 0x5587e24a65e0 <unknown>
[2024-10-09T09:40:48.413+0000] {subprocess.py:93} INFO - #2 0x5587e24f5be8 <unknown>
[2024-10-09T09:40:48.417+0000] {subprocess.py:93} INFO - #3 0x5587e24f5e81 <unknown>
[2024-10-09T09:40:48.423+0000] {subprocess.py:93} INFO - #4 0x5587e24ea586 <unknown>
[2024-10-09T09:40:48.425+0000] {subprocess.py:93} INFO - #5 0x5587e251ab4d <unknown>
[2024-10-09T09:40:48.427+0000] {subprocess.py:93} INFO - #6 0x5587e24ea478 <unknown>
[2024-10-09T09:40:48.431+0000] {subprocess.py:93} INFO - #7 0x5587e251acee <unknown>
[2024-10-09T09:40:48.434+0000] {subprocess.py:93} INFO - #8 0x5587e2539d7d <unknown>
[2024-10-09T09:40:48.436+0000] {subprocess.py:93} INFO - #9 0x5587e251a8c3 <unknown>
[2024-10-09T09:40:48.439+0000] {subprocess.py:93} INFO - #10 0x5587e24e86b3 <unknown>
[2024-10-09T09:40:48.441+0000] {subprocess.py:93} INFO - #11 0x5587e24e968e <unknown>
[2024-10-09T09:40:48.444+0000] {subprocess.py:93} INFO - #12 0x5587e278aa2b <unknown>
[2024-10-09T09:40:48.446+0000] {subprocess.py:93} INFO - #13 0x5587e278e9b1 <unknown>
[2024-10-09T09:40:48.449+0000] {subprocess.py:93} INFO - #14 0x5587e2777225 <unknown>
[2024-10-09T09:40:48.451+0000] {subprocess.py:93} INFO - #15 0x5587e278f532 <unknown>
[2024-10-09T09:40:48.453+0000] {subprocess.py:93} INFO - #16 0x5587e275c38f <unknown>
[2024-10-09T09:40:48.456+0000] {subprocess.py:93} INFO - #17 0x5587e27aef28 <unknown>
[2024-10-09T09:40:48.459+0000] {subprocess.py:93} INFO - #18 0x5587e27af0f3 <unknown>
[2024-10-09T09:40:48.462+0000] {subprocess.py:93} INFO - #19 0x5587e27bee7c <unknown>
[2024-10-09T09:40:48.465+0000] {subprocess.py:93} INFO - #20 0x7fd9c2313144 <unknown>
[2024-10-09T09:40:48.467+0000] {subprocess.py:93} INFO - 
[2024-10-09T09:40:48.992+0000] {subprocess.py:93} INFO - WARNING:root:Metascore not found: Message: no such element: Unable to locate element: {"method":"css selector","selector":"span.sc-b0901df4-0.bXIOoL.metacritic-score-box"}
[2024-10-09T09:40:48.996+0000] {subprocess.py:93} INFO -   (Session info: chrome=129.0.6668.89); For documentation on this error, please visit: https://www.selenium.dev/documentation/webdriver/troubleshooting/errors#no-such-element-exception
[2024-10-09T09:40:49.001+0000] {subprocess.py:93} INFO - Stacktrace:
[2024-10-09T09:40:49.008+0000] {subprocess.py:93} INFO - #0 0x5587e27c002a <unknown>
[2024-10-09T09:40:49.013+0000] {subprocess.py:93} INFO - #1 0x5587e24a65e0 <unknown>
[2024-10-09T09:40:49.016+0000] {subprocess.py:93} INFO - #2 0x5587e24f5be8 <unknown>
[2024-10-09T09:40:49.020+0000] {subprocess.py:93} INFO - #3 0x5587e24f5e81 <unknown>
[2024-10-09T09:40:49.026+0000] {subprocess.py:93} INFO - #4 0x5587e24ea586 <unknown>
[2024-10-09T09:40:49.029+0000] {subprocess.py:93} INFO - #5 0x5587e251ab4d <unknown>
[2024-10-09T09:40:49.033+0000] {subprocess.py:93} INFO - #6 0x5587e24ea478 <unknown>
[2024-10-09T09:40:49.036+0000] {subprocess.py:93} INFO - #7 0x5587e251acee <unknown>
[2024-10-09T09:40:49.039+0000] {subprocess.py:93} INFO - #8 0x5587e2539d7d <unknown>
[2024-10-09T09:40:49.041+0000] {subprocess.py:93} INFO - #9 0x5587e251a8c3 <unknown>
[2024-10-09T09:40:49.045+0000] {subprocess.py:93} INFO - #10 0x5587e24e86b3 <unknown>
[2024-10-09T09:40:49.047+0000] {subprocess.py:93} INFO - #11 0x5587e24e968e <unknown>
[2024-10-09T09:40:49.049+0000] {subprocess.py:93} INFO - #12 0x5587e278aa2b <unknown>
[2024-10-09T09:40:49.052+0000] {subprocess.py:93} INFO - #13 0x5587e278e9b1 <unknown>
[2024-10-09T09:40:49.058+0000] {subprocess.py:93} INFO - #14 0x5587e2777225 <unknown>
[2024-10-09T09:40:49.062+0000] {subprocess.py:93} INFO - #15 0x5587e278f532 <unknown>
[2024-10-09T09:40:49.065+0000] {subprocess.py:93} INFO - #16 0x5587e275c38f <unknown>
[2024-10-09T09:40:49.069+0000] {subprocess.py:93} INFO - #17 0x5587e27aef28 <unknown>
[2024-10-09T09:40:49.072+0000] {subprocess.py:93} INFO - #18 0x5587e27af0f3 <unknown>
[2024-10-09T09:40:49.078+0000] {subprocess.py:93} INFO - #19 0x5587e27bee7c <unknown>
[2024-10-09T09:40:49.083+0000] {subprocess.py:93} INFO - #20 0x7fd9c2313144 <unknown>
[2024-10-09T09:40:49.086+0000] {subprocess.py:93} INFO - 
[2024-10-09T09:40:49.863+0000] {subprocess.py:93} INFO - WARNING:root:Metascore not found: Message: no such element: Unable to locate element: {"method":"css selector","selector":"span.sc-b0901df4-0.bXIOoL.metacritic-score-box"}
[2024-10-09T09:40:49.867+0000] {subprocess.py:93} INFO -   (Session info: chrome=129.0.6668.89); For documentation on this error, please visit: https://www.selenium.dev/documentation/webdriver/troubleshooting/errors#no-such-element-exception
[2024-10-09T09:40:49.870+0000] {subprocess.py:93} INFO - Stacktrace:
[2024-10-09T09:40:49.874+0000] {subprocess.py:93} INFO - #0 0x5587e27c002a <unknown>
[2024-10-09T09:40:49.880+0000] {subprocess.py:93} INFO - #1 0x5587e24a65e0 <unknown>
[2024-10-09T09:40:49.885+0000] {subprocess.py:93} INFO - #2 0x5587e24f5be8 <unknown>
[2024-10-09T09:40:49.889+0000] {subprocess.py:93} INFO - #3 0x5587e24f5e81 <unknown>
[2024-10-09T09:40:49.892+0000] {subprocess.py:93} INFO - #4 0x5587e24ea586 <unknown>
[2024-10-09T09:40:49.897+0000] {subprocess.py:93} INFO - #5 0x5587e251ab4d <unknown>
[2024-10-09T09:40:49.904+0000] {subprocess.py:93} INFO - #6 0x5587e24ea478 <unknown>
[2024-10-09T09:40:49.909+0000] {subprocess.py:93} INFO - #7 0x5587e251acee <unknown>
[2024-10-09T09:40:49.912+0000] {subprocess.py:93} INFO - #8 0x5587e2539d7d <unknown>
[2024-10-09T09:40:49.920+0000] {subprocess.py:93} INFO - #9 0x5587e251a8c3 <unknown>
[2024-10-09T09:40:49.934+0000] {subprocess.py:93} INFO - #10 0x5587e24e86b3 <unknown>
[2024-10-09T09:40:49.939+0000] {subprocess.py:93} INFO - #11 0x5587e24e968e <unknown>
[2024-10-09T09:40:49.943+0000] {subprocess.py:93} INFO - #12 0x5587e278aa2b <unknown>
[2024-10-09T09:40:49.948+0000] {subprocess.py:93} INFO - #13 0x5587e278e9b1 <unknown>
[2024-10-09T09:40:49.952+0000] {subprocess.py:93} INFO - #14 0x5587e2777225 <unknown>
[2024-10-09T09:40:49.958+0000] {subprocess.py:93} INFO - #15 0x5587e278f532 <unknown>
[2024-10-09T09:40:49.962+0000] {subprocess.py:93} INFO - #16 0x5587e275c38f <unknown>
[2024-10-09T09:40:49.965+0000] {subprocess.py:93} INFO - #17 0x5587e27aef28 <unknown>
[2024-10-09T09:40:49.969+0000] {subprocess.py:93} INFO - #18 0x5587e27af0f3 <unknown>
[2024-10-09T09:40:49.977+0000] {subprocess.py:93} INFO - #19 0x5587e27bee7c <unknown>
[2024-10-09T09:40:49.985+0000] {subprocess.py:93} INFO - #20 0x7fd9c2313144 <unknown>
[2024-10-09T09:40:49.991+0000] {subprocess.py:93} INFO - 
[2024-10-09T09:40:50.603+0000] {subprocess.py:93} INFO - WARNING:root:Metascore not found: Message: no such element: Unable to locate element: {"method":"css selector","selector":"span.sc-b0901df4-0.bXIOoL.metacritic-score-box"}
[2024-10-09T09:40:50.605+0000] {subprocess.py:93} INFO -   (Session info: chrome=129.0.6668.89); For documentation on this error, please visit: https://www.selenium.dev/documentation/webdriver/troubleshooting/errors#no-such-element-exception
[2024-10-09T09:40:50.608+0000] {subprocess.py:93} INFO - Stacktrace:
[2024-10-09T09:40:50.611+0000] {subprocess.py:93} INFO - #0 0x5587e27c002a <unknown>
[2024-10-09T09:40:50.613+0000] {subprocess.py:93} INFO - #1 0x5587e24a65e0 <unknown>
[2024-10-09T09:40:50.616+0000] {subprocess.py:93} INFO - #2 0x5587e24f5be8 <unknown>
[2024-10-09T09:40:50.619+0000] {subprocess.py:93} INFO - #3 0x5587e24f5e81 <unknown>
[2024-10-09T09:40:50.621+0000] {subprocess.py:93} INFO - #4 0x5587e24ea586 <unknown>
[2024-10-09T09:40:50.624+0000] {subprocess.py:93} INFO - #5 0x5587e251ab4d <unknown>
[2024-10-09T09:40:50.626+0000] {subprocess.py:93} INFO - #6 0x5587e24ea478 <unknown>
[2024-10-09T09:40:50.628+0000] {subprocess.py:93} INFO - #7 0x5587e251acee <unknown>
[2024-10-09T09:40:50.630+0000] {subprocess.py:93} INFO - #8 0x5587e2539d7d <unknown>
[2024-10-09T09:40:50.633+0000] {subprocess.py:93} INFO - #9 0x5587e251a8c3 <unknown>
[2024-10-09T09:40:50.635+0000] {subprocess.py:93} INFO - #10 0x5587e24e86b3 <unknown>
[2024-10-09T09:40:50.640+0000] {subprocess.py:93} INFO - #11 0x5587e24e968e <unknown>
[2024-10-09T09:40:50.644+0000] {subprocess.py:93} INFO - #12 0x5587e278aa2b <unknown>
[2024-10-09T09:40:50.647+0000] {subprocess.py:93} INFO - #13 0x5587e278e9b1 <unknown>
[2024-10-09T09:40:50.649+0000] {subprocess.py:93} INFO - #14 0x5587e2777225 <unknown>
[2024-10-09T09:40:50.652+0000] {subprocess.py:93} INFO - #15 0x5587e278f532 <unknown>
[2024-10-09T09:40:50.654+0000] {subprocess.py:93} INFO - #16 0x5587e275c38f <unknown>
[2024-10-09T09:40:50.657+0000] {subprocess.py:93} INFO - #17 0x5587e27aef28 <unknown>
[2024-10-09T09:40:50.662+0000] {subprocess.py:93} INFO - #18 0x5587e27af0f3 <unknown>
[2024-10-09T09:40:50.665+0000] {subprocess.py:93} INFO - #19 0x5587e27bee7c <unknown>
[2024-10-09T09:40:50.667+0000] {subprocess.py:93} INFO - #20 0x7fd9c2313144 <unknown>
[2024-10-09T09:40:50.670+0000] {subprocess.py:93} INFO - 
[2024-10-09T09:40:51.277+0000] {subprocess.py:93} INFO - WARNING:root:Metascore not found: Message: no such element: Unable to locate element: {"method":"css selector","selector":"span.sc-b0901df4-0.bXIOoL.metacritic-score-box"}
[2024-10-09T09:40:51.282+0000] {subprocess.py:93} INFO -   (Session info: chrome=129.0.6668.89); For documentation on this error, please visit: https://www.selenium.dev/documentation/webdriver/troubleshooting/errors#no-such-element-exception
[2024-10-09T09:40:51.285+0000] {subprocess.py:93} INFO - Stacktrace:
[2024-10-09T09:40:51.289+0000] {subprocess.py:93} INFO - #0 0x5587e27c002a <unknown>
[2024-10-09T09:40:51.297+0000] {subprocess.py:93} INFO - #1 0x5587e24a65e0 <unknown>
[2024-10-09T09:40:51.305+0000] {subprocess.py:93} INFO - #2 0x5587e24f5be8 <unknown>
[2024-10-09T09:40:51.322+0000] {subprocess.py:93} INFO - #3 0x5587e24f5e81 <unknown>
[2024-10-09T09:40:51.324+0000] {subprocess.py:93} INFO - #4 0x5587e24ea586 <unknown>
[2024-10-09T09:40:51.329+0000] {subprocess.py:93} INFO - #5 0x5587e251ab4d <unknown>
[2024-10-09T09:40:51.334+0000] {subprocess.py:93} INFO - #6 0x5587e24ea478 <unknown>
[2024-10-09T09:40:51.344+0000] {subprocess.py:93} INFO - #7 0x5587e251acee <unknown>
[2024-10-09T09:40:51.347+0000] {subprocess.py:93} INFO - #8 0x5587e2539d7d <unknown>
[2024-10-09T09:40:51.350+0000] {subprocess.py:93} INFO - #9 0x5587e251a8c3 <unknown>
[2024-10-09T09:40:51.353+0000] {subprocess.py:93} INFO - #10 0x5587e24e86b3 <unknown>
[2024-10-09T09:40:51.364+0000] {subprocess.py:93} INFO - #11 0x5587e24e968e <unknown>
[2024-10-09T09:40:51.367+0000] {subprocess.py:93} INFO - #12 0x5587e278aa2b <unknown>
[2024-10-09T09:40:51.370+0000] {subprocess.py:93} INFO - #13 0x5587e278e9b1 <unknown>
[2024-10-09T09:40:51.377+0000] {subprocess.py:93} INFO - #14 0x5587e2777225 <unknown>
[2024-10-09T09:40:51.382+0000] {subprocess.py:93} INFO - #15 0x5587e278f532 <unknown>
[2024-10-09T09:40:51.384+0000] {subprocess.py:93} INFO - #16 0x5587e275c38f <unknown>
[2024-10-09T09:40:51.387+0000] {subprocess.py:93} INFO - #17 0x5587e27aef28 <unknown>
[2024-10-09T09:40:51.389+0000] {subprocess.py:93} INFO - #18 0x5587e27af0f3 <unknown>
[2024-10-09T09:40:51.391+0000] {subprocess.py:93} INFO - #19 0x5587e27bee7c <unknown>
[2024-10-09T09:40:51.393+0000] {subprocess.py:93} INFO - #20 0x7fd9c2313144 <unknown>
[2024-10-09T09:40:51.395+0000] {subprocess.py:93} INFO - 
[2024-10-09T09:40:52.057+0000] {subprocess.py:93} INFO - WARNING:root:Metascore not found: Message: no such element: Unable to locate element: {"method":"css selector","selector":"span.sc-b0901df4-0.bXIOoL.metacritic-score-box"}
[2024-10-09T09:40:52.060+0000] {subprocess.py:93} INFO -   (Session info: chrome=129.0.6668.89); For documentation on this error, please visit: https://www.selenium.dev/documentation/webdriver/troubleshooting/errors#no-such-element-exception
[2024-10-09T09:40:52.062+0000] {subprocess.py:93} INFO - Stacktrace:
[2024-10-09T09:40:52.065+0000] {subprocess.py:93} INFO - #0 0x5587e27c002a <unknown>
[2024-10-09T09:40:52.068+0000] {subprocess.py:93} INFO - #1 0x5587e24a65e0 <unknown>
[2024-10-09T09:40:52.070+0000] {subprocess.py:93} INFO - #2 0x5587e24f5be8 <unknown>
[2024-10-09T09:40:52.073+0000] {subprocess.py:93} INFO - #3 0x5587e24f5e81 <unknown>
[2024-10-09T09:40:52.076+0000] {subprocess.py:93} INFO - #4 0x5587e24ea586 <unknown>
[2024-10-09T09:40:52.080+0000] {subprocess.py:93} INFO - #5 0x5587e251ab4d <unknown>
[2024-10-09T09:40:52.082+0000] {subprocess.py:93} INFO - #6 0x5587e24ea478 <unknown>
[2024-10-09T09:40:52.085+0000] {subprocess.py:93} INFO - #7 0x5587e251acee <unknown>
[2024-10-09T09:40:52.088+0000] {subprocess.py:93} INFO - #8 0x5587e2539d7d <unknown>
[2024-10-09T09:40:52.091+0000] {subprocess.py:93} INFO - #9 0x5587e251a8c3 <unknown>
[2024-10-09T09:40:52.094+0000] {subprocess.py:93} INFO - #10 0x5587e24e86b3 <unknown>
[2024-10-09T09:40:52.097+0000] {subprocess.py:93} INFO - #11 0x5587e24e968e <unknown>
[2024-10-09T09:40:52.108+0000] {subprocess.py:93} INFO - #12 0x5587e278aa2b <unknown>
[2024-10-09T09:40:52.121+0000] {subprocess.py:93} INFO - #13 0x5587e278e9b1 <unknown>
[2024-10-09T09:40:52.123+0000] {subprocess.py:93} INFO - #14 0x5587e2777225 <unknown>
[2024-10-09T09:40:52.128+0000] {subprocess.py:93} INFO - #15 0x5587e278f532 <unknown>
[2024-10-09T09:40:52.137+0000] {subprocess.py:93} INFO - #16 0x5587e275c38f <unknown>
[2024-10-09T09:40:52.139+0000] {subprocess.py:93} INFO - #17 0x5587e27aef28 <unknown>
[2024-10-09T09:40:52.141+0000] {subprocess.py:93} INFO - #18 0x5587e27af0f3 <unknown>
[2024-10-09T09:40:52.143+0000] {subprocess.py:93} INFO - #19 0x5587e27bee7c <unknown>
[2024-10-09T09:40:52.145+0000] {subprocess.py:93} INFO - #20 0x7fd9c2313144 <unknown>
[2024-10-09T09:40:52.149+0000] {subprocess.py:93} INFO - 
[2024-10-09T09:40:52.434+0000] {subprocess.py:93} INFO - INFO:root:Scraping finished, saving data to JSON...
[2024-10-09T09:40:52.451+0000] {subprocess.py:93} INFO - INFO:root:Data successfully saved to /opt/airflow/data/imdb_top.json
[2024-10-09T09:40:52.453+0000] {subprocess.py:93} INFO - INFO:root:Loading data from /opt/airflow/data/imdb_top.json into pandas DataFrame...
[2024-10-09T09:40:52.509+0000] {subprocess.py:93} INFO - INFO:root:Data successfully saved to /opt/airflow/data/imdb_top_50_indonesia.csv
[2024-10-09T09:40:52.512+0000] {subprocess.py:93} INFO - WARNING:urllib3.connectionpool:Retrying (Retry(total=2, connect=None, read=None, redirect=None, status=None)) after connection broken by 'NewConnectionError('<urllib3.connection.HTTPConnection object at 0x7fdcf0b50ee0>: Failed to establish a new connection: [Errno 111] Connection refused')': /session/f9c6ef0c9805705f9bec56928dcc46cf
[2024-10-09T09:40:52.515+0000] {subprocess.py:93} INFO - WARNING:urllib3.connectionpool:Retrying (Retry(total=1, connect=None, read=None, redirect=None, status=None)) after connection broken by 'NewConnectionError('<urllib3.connection.HTTPConnection object at 0x7fdcf0b51060>: Failed to establish a new connection: [Errno 111] Connection refused')': /session/f9c6ef0c9805705f9bec56928dcc46cf
[2024-10-09T09:40:52.517+0000] {subprocess.py:93} INFO - WARNING:urllib3.connectionpool:Retrying (Retry(total=0, connect=None, read=None, redirect=None, status=None)) after connection broken by 'NewConnectionError('<urllib3.connection.HTTPConnection object at 0x7fdcf0b511b0>: Failed to establish a new connection: [Errno 111] Connection refused')': /session/f9c6ef0c9805705f9bec56928dcc46cf
[2024-10-09T09:40:52.662+0000] {subprocess.py:97} INFO - Command exited with return code 0
[2024-10-09T09:40:52.719+0000] {taskinstance.py:340} INFO - ::group::Post task execution logs
[2024-10-09T09:40:52.721+0000] {taskinstance.py:352} INFO - Marking task as SUCCESS. dag_id=EL, task_id=extract, run_id=manual__2024-10-09T09:40:18.654481+00:00, execution_date=20241009T094018, start_date=20241009T094020, end_date=20241009T094052
[2024-10-09T09:40:52.780+0000] {local_task_job_runner.py:266} INFO - Task exited with return code 0
[2024-10-09T09:40:52.813+0000] {taskinstance.py:3900} INFO - 1 downstream tasks scheduled from follow-on schedule check
[2024-10-09T09:40:52.825+0000] {local_task_job_runner.py:245} INFO - ::endgroup::
